2025-02-13 00:54:13,462 - INFO - ---marketing_slide_11 (0/195)---
2025-02-13 00:54:13,462 - INFO - Iteration 0
2025-02-13 00:54:25,008 - INFO - Code edit generation: 2 retries left
2025-02-13 00:54:41,916 - INFO - Code edit generation: 1 retries left
2025-02-13 00:54:59,215 - INFO - ---art_photos_slide_21 (1/195)---
2025-02-13 00:54:59,215 - INFO - Iteration 0
2025-02-13 00:55:26,818 - INFO - Code edit generation: 2 retries left
2025-02-13 00:55:44,202 - INFO - Code edit generation: 1 retries left
2025-02-13 00:56:03,693 - INFO - ---entrepreneur_slide_1 (2/195)---
2025-02-13 00:56:03,693 - INFO - ---food_slide_1 (3/195)---
2025-02-13 00:56:03,693 - INFO - ---marketing_slide_1 (4/195)---
2025-02-13 00:56:03,694 - INFO - Iteration 0
2025-02-13 00:56:17,679 - INFO - Code edit generation: 2 retries left
2025-02-13 00:56:30,813 - INFO - Code edit generation: 1 retries left
2025-02-13 00:56:44,033 - INFO - ---social_media_slide_1 (5/195)---
2025-02-13 00:56:44,033 - INFO - Iteration 0
2025-02-13 00:56:52,181 - INFO - Code edit generation: 2 retries left
2025-02-13 00:57:04,715 - INFO - Code edit generation: 1 retries left
2025-02-13 00:57:16,250 - INFO - ---business_slide_11 (6/195)---
2025-02-13 00:57:16,250 - INFO - Iteration 0
2025-02-13 00:57:23,565 - INFO - Code edit generation: 2 retries left
2025-02-13 00:57:35,069 - INFO - Code edit generation: 1 retries left
2025-02-13 00:57:44,324 - INFO - ---marketing_slide_29 (7/195)---
2025-02-13 00:57:44,325 - INFO - Iteration 0
2025-02-13 00:57:53,450 - INFO - Code edit generation: 2 retries left
2025-02-13 00:58:04,705 - INFO - Code edit generation: 1 retries left
