2025-02-14 06:49:20,982 - INFO - ---art_photos_slide_1 (1/195)---
2025-02-14 06:49:20,982 - INFO - Iteration 0
2025-02-14 06:49:34,655 - INFO - Code edit generation: 2 retries left
2025-02-14 06:49:49,401 - INFO - Iteration 1
2025-02-14 06:50:01,494 - INFO - Code edit generation: 2 retries left
2025-02-14 06:50:14,036 - INFO - Code edit generation: 1 retries left
2025-02-14 06:50:25,327 - INFO - ---art_photos_slide_10 (2/195)---
2025-02-14 06:50:25,328 - INFO - Iteration 0
2025-02-14 06:50:34,175 - INFO - Code edit generation: 2 retries left
2025-02-14 06:50:59,472 - INFO - Code edit generation: 1 retries left
2025-02-14 06:51:16,660 - INFO - ---art_photos_slide_11 (3/195)---
2025-02-14 06:51:16,660 - INFO - ---art_photos_slide_12 (4/195)---
2025-02-14 06:51:16,661 - INFO - Iteration 0
2025-02-14 06:51:26,302 - INFO - Code edit generation: 2 retries left
2025-02-14 06:51:43,398 - INFO - Iteration 1
2025-02-14 06:51:53,116 - INFO - Code edit generation: 2 retries left
2025-02-14 06:52:12,300 - INFO - Iteration 2
2025-02-14 06:52:22,514 - INFO - Code edit generation: 2 retries left
2025-02-14 06:52:40,345 - INFO - Iteration 3
2025-02-14 06:52:48,992 - INFO - Code edit generation: 2 retries left
2025-02-14 06:53:05,595 - INFO - Iteration 4
2025-02-14 06:53:15,450 - INFO - Code edit generation: 2 retries left
2025-02-14 06:53:32,428 - INFO - Iteration 5
2025-02-14 06:53:41,339 - INFO - Code edit generation: 2 retries left
2025-02-14 06:53:56,473 - INFO - Iteration 6
2025-02-14 06:54:06,861 - INFO - Code edit generation: 2 retries left
2025-02-14 06:54:22,164 - INFO - Code edit generation: 1 retries left
2025-02-14 06:54:35,817 - INFO - ---art_photos_slide_13 (5/195)---
2025-02-14 06:54:35,818 - INFO - Iteration 0
2025-02-14 06:54:45,601 - INFO - Code edit generation: 2 retries left
2025-02-14 06:55:04,791 - INFO - Code edit generation: 1 retries left
2025-02-14 06:55:22,359 - INFO - ---art_photos_slide_14 (6/195)---
2025-02-14 06:55:22,360 - INFO - ---art_photos_slide_15 (7/195)---
2025-02-14 06:55:22,360 - INFO - Iteration 0
2025-02-14 06:55:35,084 - INFO - Code edit generation: 2 retries left
2025-02-14 06:55:55,696 - INFO - Iteration 1
2025-02-14 06:56:09,476 - INFO - Code edit generation: 2 retries left
2025-02-14 06:56:28,465 - INFO - Iteration 2
2025-02-14 06:56:43,660 - INFO - Code edit generation: 2 retries left
2025-02-14 06:56:58,859 - INFO - Iteration 3
2025-02-14 06:57:12,694 - INFO - Code edit generation: 2 retries left
2025-02-14 06:57:34,605 - INFO - Iteration 4
2025-02-14 06:57:46,112 - INFO - Code edit generation: 2 retries left
2025-02-14 06:58:06,312 - INFO - Iteration 5
2025-02-14 06:58:20,628 - INFO - Code edit generation: 2 retries left
2025-02-14 06:58:40,150 - INFO - Iteration 6
2025-02-14 06:58:51,663 - INFO - Code edit generation: 2 retries left
2025-02-14 06:59:06,393 - INFO - Iteration 7
2025-02-14 06:59:16,963 - INFO - Code edit generation: 2 retries left
2025-02-14 06:59:41,458 - INFO - Iteration 8
2025-02-14 06:59:52,156 - INFO - Code edit generation: 2 retries left
2025-02-14 07:00:10,035 - INFO - Iteration 9
2025-02-14 07:00:21,245 - INFO - Code edit generation: 2 retries left
2025-02-14 07:00:42,175 - INFO - ---art_photos_slide_16 (8/195)---
2025-02-14 07:00:42,178 - INFO - Iteration 0
2025-02-14 07:00:55,899 - INFO - Code edit generation: 2 retries left
2025-02-14 07:01:14,390 - INFO - Iteration 1
2025-02-14 07:01:25,262 - INFO - Code edit generation: 2 retries left
2025-02-14 07:01:45,170 - INFO - Iteration 2
2025-02-14 07:01:52,191 - INFO - Code edit generation: 2 retries left
2025-02-14 07:02:09,089 - INFO - Iteration 3
2025-02-14 07:02:17,114 - INFO - Code edit generation: 2 retries left
2025-02-14 07:02:34,286 - INFO - Iteration 4
2025-02-14 07:02:44,974 - INFO - Code edit generation: 2 retries left
2025-02-14 07:03:03,180 - INFO - Iteration 5
2025-02-14 07:03:13,102 - INFO - Code edit generation: 2 retries left
2025-02-14 07:03:30,005 - INFO - Iteration 6
2025-02-14 07:03:39,112 - INFO - Code edit generation: 2 retries left
2025-02-14 07:04:07,340 - INFO - Code edit generation: 1 retries left
2025-02-14 07:04:33,632 - INFO - Iteration 7
2025-02-14 07:04:42,383 - INFO - Code edit generation: 2 retries left
2025-02-14 07:04:58,144 - INFO - Iteration 8
2025-02-14 07:05:05,756 - INFO - Code edit generation: 2 retries left
2025-02-14 07:05:26,009 - INFO - Iteration 9
2025-02-14 07:05:35,232 - INFO - Code edit generation: 2 retries left
2025-02-14 07:06:08,911 - INFO - Code edit generation: 1 retries left
2025-02-14 07:06:28,083 - INFO - ---art_photos_slide_17 (9/195)---
2025-02-14 07:06:28,083 - INFO - Iteration 0
2025-02-14 07:06:37,230 - INFO - Code edit generation: 2 retries left
2025-02-14 07:06:51,754 - INFO - Iteration 1
2025-02-14 07:07:00,429 - INFO - Code edit generation: 2 retries left
2025-02-14 07:07:18,850 - INFO - Iteration 2
2025-02-14 07:07:30,458 - INFO - Code edit generation: 2 retries left
2025-02-14 07:07:44,223 - INFO - Iteration 3
2025-02-14 07:07:53,489 - INFO - Code edit generation: 2 retries left
2025-02-14 07:08:15,069 - INFO - Iteration 4
2025-02-14 07:08:22,429 - INFO - Code edit generation: 2 retries left
2025-02-14 07:08:37,084 - INFO - Iteration 5
2025-02-14 07:08:45,110 - INFO - Code edit generation: 2 retries left
2025-02-14 07:09:12,727 - INFO - Iteration 6
2025-02-14 07:09:20,026 - INFO - Code edit generation: 2 retries left
2025-02-14 07:09:33,613 - INFO - Iteration 7
2025-02-14 07:09:41,586 - INFO - Code edit generation: 2 retries left
2025-02-14 07:09:57,301 - INFO - Iteration 8
2025-02-14 07:10:05,336 - INFO - Code edit generation: 2 retries left
2025-02-14 07:10:22,654 - INFO - Iteration 9
2025-02-14 07:10:32,257 - INFO - Code edit generation: 2 retries left
2025-02-14 07:10:49,525 - INFO - ---art_photos_slide_18 (10/195)---
2025-02-14 07:10:49,526 - INFO - Iteration 0
2025-02-14 07:10:57,582 - INFO - Code edit generation: 2 retries left
2025-02-14 07:11:14,412 - INFO - Iteration 1
2025-02-14 07:11:21,507 - INFO - Code edit generation: 2 retries left
2025-02-14 07:11:39,891 - INFO - Code edit generation: 1 retries left
2025-02-14 07:11:58,361 - INFO - Iteration 2
2025-02-14 07:12:05,098 - INFO - Code edit generation: 2 retries left
2025-02-14 07:13:09,120 - INFO - Code edit generation: 1 retries left
2025-02-14 07:13:29,117 - INFO - Iteration 3
2025-02-14 07:13:35,292 - INFO - Code edit generation: 2 retries left
2025-02-14 07:13:51,146 - INFO - Iteration 4
2025-02-14 07:14:01,185 - INFO - Code edit generation: 2 retries left
2025-02-14 07:14:18,738 - INFO - Iteration 5
2025-02-14 07:14:23,826 - INFO - Code edit generation: 2 retries left
2025-02-14 07:14:55,527 - INFO - Iteration 6
2025-02-14 07:15:00,693 - INFO - Code edit generation: 2 retries left
2025-02-14 07:15:18,861 - INFO - Iteration 7
2025-02-14 07:15:26,304 - INFO - Code edit generation: 2 retries left
2025-02-14 07:15:53,436 - INFO - Code edit generation: 1 retries left
2025-02-14 07:16:21,307 - INFO - Iteration 8
2025-02-14 07:16:28,143 - INFO - Code edit generation: 2 retries left
2025-02-14 07:16:47,256 - INFO - Code edit generation: 1 retries left
2025-02-14 07:17:07,457 - INFO - ---art_photos_slide_19 (11/195)---
2025-02-14 07:17:07,458 - INFO - Iteration 0
2025-02-14 07:17:15,476 - INFO - Code edit generation: 2 retries left
2025-02-14 07:17:40,524 - INFO - Iteration 1
2025-02-14 07:17:49,197 - INFO - Code edit generation: 2 retries left
2025-02-14 07:18:03,862 - INFO - Iteration 2
2025-02-14 07:18:12,566 - INFO - Code edit generation: 2 retries left
2025-02-14 07:18:29,945 - INFO - Iteration 3
2025-02-14 07:18:38,979 - INFO - Code edit generation: 2 retries left
2025-02-14 07:18:52,192 - INFO - Iteration 4
2025-02-14 07:18:59,806 - INFO - Code edit generation: 2 retries left
2025-02-14 07:19:16,282 - INFO - Iteration 5
2025-02-14 07:19:25,371 - INFO - Code edit generation: 2 retries left
2025-02-14 07:19:42,618 - INFO - Iteration 6
2025-02-14 07:19:52,636 - INFO - Code edit generation: 2 retries left
2025-02-14 07:20:18,199 - INFO - Iteration 7
2025-02-14 07:20:23,299 - INFO - Code edit generation: 2 retries left
2025-02-14 07:20:45,184 - INFO - Iteration 8
2025-02-14 07:20:51,384 - INFO - Code edit generation: 2 retries left
2025-02-14 07:21:19,507 - INFO - Iteration 9
2025-02-14 07:21:26,108 - INFO - Code edit generation: 2 retries left
2025-02-14 07:21:41,693 - INFO - ---art_photos_slide_2 (12/195)---
2025-02-14 07:21:41,695 - INFO - Iteration 0
2025-02-14 07:21:50,008 - INFO - Code edit generation: 2 retries left
2025-02-14 07:22:21,961 - INFO - Code edit generation: 1 retries left
2025-02-14 07:22:41,908 - INFO - Iteration 1
2025-02-14 07:22:50,902 - INFO - Code edit generation: 2 retries left
2025-02-14 07:23:11,760 - INFO - Iteration 2
2025-02-14 07:23:20,076 - INFO - Code edit generation: 2 retries left
2025-02-14 07:23:40,824 - INFO - Iteration 3
2025-02-14 07:23:48,884 - INFO - Code edit generation: 2 retries left
2025-02-14 07:24:09,908 - INFO - Iteration 4
2025-02-14 07:24:17,649 - INFO - Code edit generation: 2 retries left
2025-02-14 07:24:33,831 - INFO - Iteration 5
2025-02-14 07:24:40,909 - INFO - Code edit generation: 2 retries left
2025-02-14 07:25:02,662 - INFO - Iteration 6
2025-02-14 07:25:11,742 - INFO - Code edit generation: 2 retries left
2025-02-14 07:25:35,445 - INFO - Iteration 7
2025-02-14 07:25:43,631 - INFO - Code edit generation: 2 retries left
2025-02-14 07:26:06,205 - INFO - Iteration 8
2025-02-14 07:26:14,549 - INFO - Code edit generation: 2 retries left
2025-02-14 07:26:34,718 - INFO - Iteration 9
2025-02-14 07:26:44,641 - INFO - Code edit generation: 2 retries left
2025-02-14 07:27:01,638 - INFO - ---art_photos_slide_20 (13/195)---
2025-02-14 07:27:01,639 - INFO - Iteration 0
2025-02-14 07:27:10,703 - INFO - Code edit generation: 2 retries left
2025-02-14 07:27:36,326 - INFO - Iteration 1
2025-02-14 07:27:44,575 - INFO - Code edit generation: 2 retries left
2025-02-14 07:28:02,106 - INFO - Iteration 2
2025-02-14 07:28:13,139 - INFO - Code edit generation: 2 retries left
2025-02-14 07:28:28,821 - INFO - Iteration 3
2025-02-14 07:28:40,135 - INFO - Code edit generation: 2 retries left
2025-02-14 07:28:59,927 - INFO - Iteration 4
2025-02-14 07:29:07,987 - INFO - Code edit generation: 2 retries left
2025-02-14 07:29:24,273 - INFO - Code edit generation: 1 retries left
2025-02-14 07:29:42,138 - INFO - ---art_photos_slide_21 (14/195)---
2025-02-14 07:29:42,138 - INFO - Iteration 0
2025-02-14 07:29:51,339 - INFO - Code edit generation: 2 retries left
2025-02-14 07:30:06,385 - INFO - Iteration 1
2025-02-14 07:40:17,420 - INFO - Code edit generation: 2 retries left
2025-02-14 07:40:35,517 - INFO - Code edit generation: 1 retries left
2025-02-14 07:40:50,598 - INFO - ---art_photos_slide_22 (15/195)---
2025-02-14 07:40:50,598 - INFO - Iteration 0
2025-02-14 07:40:57,933 - INFO - Code edit generation: 2 retries left
2025-02-14 07:41:20,513 - INFO - Iteration 1
2025-02-14 07:41:29,823 - INFO - Code edit generation: 2 retries left
2025-02-14 07:43:01,491 - INFO - Iteration 2
2025-02-14 07:43:09,161 - INFO - Code edit generation: 2 retries left
2025-02-14 07:43:43,596 - INFO - Iteration 3
2025-02-14 07:43:51,000 - INFO - Code edit generation: 2 retries left
2025-02-14 07:44:09,637 - INFO - Iteration 4
2025-02-14 07:44:17,495 - INFO - Code edit generation: 2 retries left
2025-02-14 07:44:34,978 - INFO - Iteration 5
2025-02-14 07:44:43,101 - INFO - Code edit generation: 2 retries left
2025-02-14 07:45:18,322 - INFO - Iteration 6
2025-02-14 07:45:26,122 - INFO - Code edit generation: 2 retries left
2025-02-14 07:45:46,957 - INFO - Iteration 7
2025-02-14 07:45:55,423 - INFO - Code edit generation: 2 retries left
2025-02-14 07:46:20,241 - INFO - Iteration 8
2025-02-14 07:46:29,837 - INFO - Code edit generation: 2 retries left
2025-02-14 07:46:52,029 - INFO - Iteration 9
2025-02-14 07:46:59,746 - INFO - Code edit generation: 2 retries left
2025-02-14 07:47:18,374 - INFO - ---art_photos_slide_23 (16/195)---
2025-02-14 07:47:18,375 - INFO - Iteration 0
2025-02-14 07:47:29,145 - INFO - Code edit generation: 2 retries left
2025-02-14 07:47:45,670 - INFO - Iteration 1
2025-02-14 07:47:54,386 - INFO - Code edit generation: 2 retries left
2025-02-14 07:48:12,075 - INFO - Code edit generation: 1 retries left
2025-02-14 07:48:28,289 - INFO - ---art_photos_slide_24 (17/195)---
2025-02-14 07:48:28,289 - INFO - Iteration 0
2025-02-14 07:48:37,640 - INFO - Code edit generation: 2 retries left
2025-02-14 07:48:53,917 - INFO - Code edit generation: 1 retries left
2025-02-14 07:49:10,593 - INFO - ---art_photos_slide_25 (18/195)---
2025-02-14 07:49:10,594 - INFO - Iteration 0
2025-02-14 07:49:19,993 - INFO - Code edit generation: 2 retries left
2025-02-14 07:49:33,254 - INFO - Iteration 1
2025-02-14 07:49:42,373 - INFO - Code edit generation: 2 retries left
2025-02-14 07:49:55,394 - INFO - Iteration 2
2025-02-14 07:50:02,906 - INFO - Code edit generation: 2 retries left
2025-02-14 07:50:17,220 - INFO - Iteration 3
2025-02-14 07:50:33,685 - INFO - Code edit generation: 2 retries left
2025-02-14 07:50:49,190 - INFO - Iteration 4
2025-02-14 07:50:59,987 - INFO - Code edit generation: 2 retries left
2025-02-14 07:51:16,567 - INFO - Iteration 5
2025-02-14 07:51:23,890 - INFO - Code edit generation: 2 retries left
2025-02-14 07:51:37,359 - INFO - Iteration 6
2025-02-14 07:52:02,252 - INFO - Code edit generation: 2 retries left
2025-02-14 07:52:15,683 - INFO - Iteration 7
2025-02-14 07:52:24,020 - INFO - Code edit generation: 2 retries left
2025-02-14 07:52:40,330 - INFO - Iteration 8
2025-02-14 07:52:49,994 - INFO - Code edit generation: 2 retries left
2025-02-14 07:53:09,709 - INFO - Iteration 9
2025-02-14 07:53:17,856 - INFO - Code edit generation: 2 retries left
2025-02-14 07:53:35,378 - INFO - ---art_photos_slide_3 (19/195)---
2025-02-14 07:53:35,378 - INFO - Iteration 0
2025-02-14 07:53:43,316 - INFO - Code edit generation: 2 retries left
2025-02-14 07:54:03,072 - INFO - Iteration 1
2025-02-14 07:54:12,252 - INFO - Code edit generation: 2 retries left
2025-02-14 07:54:38,726 - INFO - Iteration 2
2025-02-14 07:54:46,711 - INFO - Code edit generation: 2 retries left
2025-02-14 07:55:04,178 - INFO - Code edit generation: 1 retries left
2025-02-14 07:55:21,308 - INFO - ---art_photos_slide_4 (20/195)---
2025-02-14 07:55:21,309 - INFO - Iteration 0
2025-02-14 07:55:29,512 - INFO - Code edit generation: 2 retries left
2025-02-14 07:55:43,851 - INFO - Iteration 1
2025-02-14 07:55:52,787 - INFO - Code edit generation: 2 retries left
2025-02-14 07:56:08,262 - INFO - Code edit generation: 1 retries left
2025-02-14 07:56:21,510 - INFO - ---art_photos_slide_5 (21/195)---
2025-02-14 07:56:21,510 - INFO - Iteration 0
2025-02-14 07:56:30,035 - INFO - Code edit generation: 2 retries left
2025-02-14 07:56:48,495 - INFO - Iteration 1
2025-02-14 07:56:58,120 - INFO - Code edit generation: 2 retries left
2025-02-14 07:57:16,627 - INFO - Iteration 2
2025-02-14 07:57:24,055 - INFO - Code edit generation: 2 retries left
2025-02-14 07:57:44,253 - INFO - Iteration 3
2025-02-14 07:57:51,915 - INFO - Code edit generation: 2 retries left
2025-02-14 07:58:11,275 - INFO - Iteration 4
2025-02-14 07:58:18,466 - INFO - Code edit generation: 2 retries left
2025-02-14 07:58:38,641 - INFO - Iteration 5
2025-02-14 07:58:48,029 - INFO - Code edit generation: 2 retries left
2025-02-14 07:59:12,024 - INFO - Iteration 6
2025-02-14 07:59:23,535 - INFO - Code edit generation: 2 retries left
2025-02-14 07:59:47,332 - INFO - Iteration 7
2025-02-14 07:59:54,768 - INFO - Code edit generation: 2 retries left
2025-02-14 08:00:28,570 - INFO - Code edit generation: 1 retries left
2025-02-14 08:00:53,507 - INFO - ---art_photos_slide_6 (22/195)---
2025-02-14 08:00:53,507 - INFO - Iteration 0
2025-02-14 08:01:03,825 - INFO - Code edit generation: 2 retries left
2025-02-14 08:01:21,546 - INFO - Code edit generation: 1 retries left
2025-02-14 08:01:40,071 - INFO - Iteration 1
2025-02-14 08:01:48,802 - INFO - Code edit generation: 2 retries left
2025-02-14 08:02:01,950 - INFO - Iteration 2
2025-02-14 08:02:11,175 - INFO - Code edit generation: 2 retries left
2025-02-14 08:02:24,236 - INFO - Iteration 3
2025-02-14 08:02:32,440 - INFO - Code edit generation: 2 retries left
2025-02-14 08:02:45,905 - INFO - Iteration 4
2025-02-14 08:02:54,527 - INFO - Code edit generation: 2 retries left
2025-02-14 08:03:08,657 - INFO - Code edit generation: 1 retries left
2025-02-14 08:03:26,575 - INFO - Iteration 5
2025-02-14 08:03:36,517 - INFO - Code edit generation: 2 retries left
2025-02-14 08:03:49,802 - INFO - Iteration 6
2025-02-14 08:03:58,506 - INFO - Code edit generation: 2 retries left
2025-02-14 08:04:10,274 - INFO - Iteration 7
2025-02-14 08:04:18,866 - INFO - Code edit generation: 2 retries left
2025-02-14 08:04:30,944 - INFO - Iteration 8
2025-02-14 08:04:38,657 - INFO - Code edit generation: 2 retries left
2025-02-14 08:04:55,178 - INFO - Iteration 9
2025-02-14 08:05:03,045 - INFO - Code edit generation: 2 retries left
2025-02-14 08:05:16,827 - INFO - ---art_photos_slide_7 (23/195)---
2025-02-14 08:05:16,828 - INFO - Iteration 0
2025-02-14 08:05:25,775 - INFO - Code edit generation: 2 retries left
2025-02-14 08:05:40,516 - INFO - Iteration 1
2025-02-14 08:05:49,672 - INFO - Code edit generation: 2 retries left
2025-02-14 08:06:05,518 - INFO - Code edit generation: 1 retries left
2025-02-14 08:06:21,583 - INFO - ---art_photos_slide_8 (24/195)---
2025-02-14 08:06:21,583 - INFO - Iteration 0
2025-02-14 08:06:32,882 - INFO - Code edit generation: 2 retries left
2025-02-14 08:06:48,805 - INFO - Iteration 1
2025-02-14 08:06:58,631 - INFO - Code edit generation: 2 retries left
2025-02-14 08:07:13,218 - INFO - Code edit generation: 1 retries left
2025-02-14 08:07:30,137 - INFO - Iteration 2
2025-02-14 08:07:40,950 - INFO - Code edit generation: 2 retries left
2025-02-14 08:07:56,402 - INFO - Iteration 3
2025-02-14 08:08:09,680 - INFO - Code edit generation: 2 retries left
2025-02-14 08:08:28,024 - INFO - Iteration 4
2025-02-14 08:08:39,206 - INFO - Code edit generation: 2 retries left
2025-02-14 08:08:56,047 - INFO - Iteration 5
2025-02-14 08:09:05,911 - INFO - Code edit generation: 2 retries left
2025-02-14 08:09:21,853 - INFO - Iteration 6
2025-02-14 08:09:32,199 - INFO - Code edit generation: 2 retries left
2025-02-14 08:09:47,216 - INFO - Iteration 7
2025-02-14 08:09:57,336 - INFO - Code edit generation: 2 retries left
2025-02-14 08:10:44,327 - INFO - Iteration 8
2025-02-14 08:10:58,827 - INFO - Code edit generation: 2 retries left
2025-02-14 08:11:15,558 - INFO - Iteration 9
2025-02-14 08:11:26,610 - INFO - Code edit generation: 2 retries left
2025-02-14 08:11:44,491 - INFO - ---art_photos_slide_9 (25/195)---
2025-02-14 08:11:44,491 - INFO - Iteration 0
2025-02-14 08:11:53,530 - INFO - Code edit generation: 2 retries left
2025-02-14 08:12:11,055 - INFO - Iteration 1
2025-02-14 08:12:22,520 - INFO - Code edit generation: 2 retries left
2025-02-14 08:12:39,458 - INFO - Iteration 2
2025-02-14 08:12:49,042 - INFO - Code edit generation: 2 retries left
2025-02-14 08:13:04,939 - INFO - Iteration 3
2025-02-14 08:13:13,084 - INFO - Code edit generation: 2 retries left
2025-02-14 08:13:31,911 - INFO - Iteration 4
2025-02-14 08:13:40,028 - INFO - Code edit generation: 2 retries left
2025-02-14 08:13:59,155 - INFO - Iteration 5
2025-02-14 08:14:08,388 - INFO - Code edit generation: 2 retries left
2025-02-14 08:14:27,307 - INFO - Iteration 6
2025-02-14 08:14:35,566 - INFO - Code edit generation: 2 retries left
2025-02-14 08:14:53,299 - INFO - Iteration 7
2025-02-14 08:15:01,932 - INFO - Code edit generation: 2 retries left
2025-02-14 08:15:18,738 - INFO - Iteration 8
2025-02-14 08:15:23,575 - INFO - Code edit generation: 2 retries left
2025-02-14 08:15:30,559 - INFO - Code edit generation: 1 retries left
2025-02-14 08:15:47,989 - INFO - ---business_slide_1 (26/195)---
2025-02-14 08:15:47,990 - INFO - Iteration 0
2025-02-14 08:15:53,117 - INFO - Code edit generation: 2 retries left
2025-02-14 08:16:08,644 - INFO - Iteration 1
2025-02-14 08:16:15,057 - INFO - Code edit generation: 2 retries left
2025-02-14 08:16:24,635 - INFO - Iteration 2
2025-02-14 08:16:30,046 - INFO - Code edit generation: 2 retries left
2025-02-14 08:16:47,396 - INFO - Iteration 3
2025-02-14 08:16:52,479 - INFO - Code edit generation: 2 retries left
2025-02-14 08:17:03,655 - INFO - Iteration 4
2025-02-14 08:17:09,167 - INFO - Code edit generation: 2 retries left
2025-02-14 08:17:22,824 - INFO - Iteration 5
2025-02-14 08:17:27,992 - INFO - Code edit generation: 2 retries left
2025-02-14 08:17:44,280 - INFO - Code edit generation: 1 retries left
2025-02-14 08:17:58,119 - INFO - Iteration 6
2025-02-14 08:18:04,814 - INFO - Code edit generation: 2 retries left
2025-02-14 08:18:17,096 - INFO - Code edit generation: 1 retries left
2025-02-14 08:18:30,488 - INFO - ---business_slide_10 (27/195)---
2025-02-14 08:18:30,489 - INFO - Iteration 0
2025-02-14 08:18:40,259 - INFO - Code edit generation: 2 retries left
2025-02-14 08:18:55,939 - INFO - Iteration 1
2025-02-14 08:19:06,922 - INFO - Code edit generation: 2 retries left
2025-02-14 08:19:17,477 - INFO - Code edit generation: 1 retries left
2025-02-14 08:19:35,329 - INFO - ---business_slide_11 (28/195)---
2025-02-14 08:19:35,329 - INFO - Iteration 0
2025-02-14 08:19:40,575 - INFO - Code edit generation: 2 retries left
2025-02-14 08:19:53,856 - INFO - Code edit generation: 1 retries left
2025-02-14 08:20:01,248 - INFO - ---business_slide_12 (29/195)---
2025-02-14 08:20:01,249 - INFO - Iteration 0
2025-02-14 08:20:13,852 - INFO - Code edit generation: 2 retries left
2025-02-14 08:20:29,267 - INFO - Iteration 1
2025-02-14 08:20:41,544 - INFO - Code edit generation: 2 retries left
2025-02-14 08:20:54,863 - INFO - Iteration 2
2025-02-14 08:21:07,510 - INFO - Code edit generation: 2 retries left
2025-02-14 08:21:24,368 - INFO - Iteration 3
2025-02-14 08:21:35,989 - INFO - Code edit generation: 2 retries left
2025-02-14 08:21:49,713 - INFO - Iteration 4
2025-02-14 08:22:01,946 - INFO - Code edit generation: 2 retries left
2025-02-14 08:22:13,709 - INFO - Iteration 5
2025-02-14 08:22:26,365 - INFO - Code edit generation: 2 retries left
2025-02-14 08:22:42,432 - INFO - Iteration 6
2025-02-14 08:22:53,524 - INFO - Code edit generation: 2 retries left
2025-02-14 08:23:09,580 - INFO - Code edit generation: 1 retries left
2025-02-14 08:23:22,434 - INFO - Iteration 7
2025-02-14 08:23:32,630 - INFO - Code edit generation: 2 retries left
2025-02-14 08:23:49,914 - INFO - Iteration 8
2025-02-14 08:24:05,296 - INFO - Code edit generation: 2 retries left
2025-02-14 08:24:17,340 - INFO - Iteration 9
2025-02-14 08:24:30,076 - INFO - Code edit generation: 2 retries left
2025-02-14 08:24:46,612 - INFO - Code edit generation: 1 retries left
2025-02-14 08:25:00,140 - INFO - ---business_slide_13 (30/195)---
2025-02-14 08:25:00,141 - INFO - Iteration 0
2025-02-14 08:25:07,808 - INFO - Code edit generation: 2 retries left
2025-02-14 08:25:16,687 - INFO - Iteration 1
2025-02-14 08:25:23,771 - INFO - Code edit generation: 2 retries left
2025-02-14 08:25:31,419 - INFO - Iteration 2
2025-02-14 08:25:38,149 - INFO - Code edit generation: 2 retries left
2025-02-14 08:25:45,952 - INFO - Code edit generation: 1 retries left
2025-02-14 08:25:59,151 - INFO - ---business_slide_14 (31/195)---
2025-02-14 08:25:59,151 - INFO - Iteration 0
2025-02-14 08:26:08,619 - INFO - Code edit generation: 2 retries left
2025-02-14 08:26:19,906 - INFO - Iteration 1
2025-02-14 08:26:28,915 - INFO - Code edit generation: 2 retries left
2025-02-14 08:26:40,173 - INFO - Iteration 2
2025-02-14 08:26:47,862 - INFO - Code edit generation: 2 retries left
2025-02-14 08:27:06,498 - INFO - Iteration 3
2025-02-14 08:27:15,617 - INFO - Code edit generation: 2 retries left
2025-02-14 08:27:25,656 - INFO - Iteration 4
2025-02-14 08:27:33,926 - INFO - Code edit generation: 2 retries left
2025-02-14 08:27:45,199 - INFO - Iteration 5
2025-02-14 08:27:54,772 - INFO - Code edit generation: 2 retries left
2025-02-14 08:28:06,561 - INFO - Iteration 6
2025-02-14 08:28:15,805 - INFO - Code edit generation: 2 retries left
2025-02-14 08:28:24,379 - INFO - Iteration 7
2025-02-14 08:28:33,615 - INFO - Code edit generation: 2 retries left
2025-02-14 08:28:44,476 - INFO - Iteration 8
2025-02-14 08:28:55,538 - INFO - Code edit generation: 2 retries left
2025-02-14 08:29:05,826 - INFO - Iteration 9
2025-02-14 08:29:17,943 - INFO - Code edit generation: 2 retries left
2025-02-14 08:29:26,848 - INFO - ---business_slide_15 (32/195)---
2025-02-14 08:29:26,849 - INFO - ---business_slide_16 (33/195)---
2025-02-14 08:29:26,849 - INFO - Iteration 0
2025-02-14 08:29:32,687 - INFO - Code edit generation: 2 retries left
2025-02-14 08:29:48,348 - INFO - Iteration 1
2025-02-14 08:29:53,413 - INFO - Code edit generation: 2 retries left
2025-02-14 08:30:11,114 - INFO - Iteration 2
2025-02-14 08:30:16,042 - INFO - Code edit generation: 2 retries left
2025-02-14 08:30:25,776 - INFO - Iteration 3
2025-02-14 08:30:30,590 - INFO - Code edit generation: 2 retries left
2025-02-14 08:30:46,055 - INFO - Code edit generation: 1 retries left
2025-02-14 08:31:03,518 - INFO - Iteration 4
2025-02-14 08:31:08,722 - INFO - Code edit generation: 2 retries left
2025-02-14 08:31:23,234 - INFO - Iteration 5
2025-02-14 08:31:28,285 - INFO - Code edit generation: 2 retries left
2025-02-14 08:31:38,589 - INFO - Iteration 6
2025-02-14 08:31:43,574 - INFO - Code edit generation: 2 retries left
2025-02-14 08:31:56,631 - INFO - Iteration 7
2025-02-14 08:32:04,495 - INFO - Code edit generation: 2 retries left
2025-02-14 08:32:12,879 - INFO - Code edit generation: 1 retries left
2025-02-14 08:32:25,629 - INFO - ---business_slide_2 (34/195)---
2025-02-14 08:32:25,630 - INFO - Iteration 0
2025-02-14 08:32:33,262 - INFO - Code edit generation: 2 retries left
2025-02-14 08:32:45,969 - INFO - Iteration 1
2025-02-14 08:32:56,501 - INFO - Code edit generation: 2 retries left
2025-02-14 08:33:11,239 - INFO - Iteration 2
2025-02-14 08:33:17,631 - INFO - Code edit generation: 2 retries left
2025-02-14 08:33:31,556 - INFO - Iteration 3
2025-02-14 08:33:39,310 - INFO - Code edit generation: 2 retries left
2025-02-14 08:33:53,407 - INFO - Iteration 4
2025-02-14 08:34:00,531 - INFO - Code edit generation: 2 retries left
2025-02-14 08:34:16,538 - INFO - Iteration 5
2025-02-14 08:34:23,244 - INFO - Code edit generation: 2 retries left
2025-02-14 08:34:39,917 - INFO - Iteration 6
2025-02-14 08:34:47,371 - INFO - Code edit generation: 2 retries left
2025-02-14 08:35:05,677 - INFO - Iteration 7
2025-02-14 08:35:14,981 - INFO - Code edit generation: 2 retries left
2025-02-14 08:35:31,484 - INFO - Iteration 8
2025-02-14 08:35:37,725 - INFO - Code edit generation: 2 retries left
2025-02-14 08:35:51,845 - INFO - Iteration 9
2025-02-14 08:35:59,554 - INFO - Code edit generation: 2 retries left
2025-02-14 08:36:12,133 - INFO - ---business_slide_3 (35/195)---
2025-02-14 08:36:12,134 - INFO - Iteration 0
2025-02-14 08:36:19,204 - INFO - Code edit generation: 2 retries left
2025-02-14 08:36:29,825 - INFO - Iteration 1
2025-02-14 08:36:39,355 - INFO - Code edit generation: 2 retries left
2025-02-14 08:36:45,651 - INFO - Iteration 2
2025-02-14 08:36:52,687 - INFO - Code edit generation: 2 retries left
2025-02-14 08:37:02,966 - INFO - Iteration 3
2025-02-14 08:37:11,244 - INFO - Code edit generation: 2 retries left
2025-02-14 08:37:20,500 - INFO - Code edit generation: 1 retries left
2025-02-14 08:37:30,346 - INFO - ---business_slide_4 (36/195)---
2025-02-14 08:37:30,346 - INFO - Iteration 0
2025-02-14 08:37:34,553 - INFO - Code edit generation: 2 retries left
2025-02-14 08:37:42,533 - INFO - Iteration 1
2025-02-14 08:37:46,625 - INFO - Code edit generation: 2 retries left
2025-02-14 08:37:54,903 - INFO - Iteration 2
2025-02-14 08:37:59,919 - INFO - Code edit generation: 2 retries left
2025-02-14 08:38:07,394 - INFO - Iteration 3
2025-02-14 08:38:11,813 - INFO - Code edit generation: 2 retries left
2025-02-14 08:38:31,821 - INFO - Iteration 4
2025-02-14 08:38:36,858 - INFO - Code edit generation: 2 retries left
2025-02-14 08:38:45,794 - INFO - Iteration 5
2025-02-14 08:38:50,108 - INFO - Code edit generation: 2 retries left
2025-02-14 08:38:57,915 - INFO - Iteration 6
2025-02-14 08:39:02,117 - INFO - Code edit generation: 2 retries left
2025-02-14 08:39:14,688 - INFO - Iteration 7
2025-02-14 08:39:22,944 - INFO - Code edit generation: 2 retries left
2025-02-14 08:39:34,393 - INFO - Iteration 8
2025-02-14 08:39:39,440 - INFO - Code edit generation: 2 retries left
2025-02-14 08:39:49,220 - INFO - Iteration 9
2025-02-14 08:39:53,616 - INFO - Code edit generation: 2 retries left
2025-02-14 08:40:13,806 - INFO - ---business_slide_5 (37/195)---
2025-02-14 08:40:13,807 - INFO - Iteration 0
2025-02-14 08:40:21,658 - INFO - Code edit generation: 2 retries left
2025-02-14 08:40:42,739 - INFO - Iteration 1
2025-02-14 08:40:50,455 - INFO - Code edit generation: 2 retries left
2025-02-14 08:41:07,255 - INFO - Iteration 2
2025-02-14 08:41:14,464 - INFO - Code edit generation: 2 retries left
2025-02-14 08:41:31,314 - INFO - Code edit generation: 1 retries left
2025-02-14 08:41:47,461 - INFO - ---business_slide_6 (38/195)---
2025-02-14 08:41:47,462 - INFO - Iteration 0
2025-02-14 08:41:52,038 - INFO - Code edit generation: 2 retries left
2025-02-14 08:42:02,958 - INFO - Iteration 1
2025-02-14 08:42:07,370 - INFO - Code edit generation: 2 retries left
2025-02-14 08:42:16,992 - INFO - Iteration 2
2025-02-14 08:42:21,065 - INFO - Code edit generation: 2 retries left
2025-02-14 08:42:29,606 - INFO - Iteration 3
2025-02-14 08:42:34,911 - INFO - Code edit generation: 2 retries left
2025-02-14 08:42:45,314 - INFO - Iteration 4
2025-02-14 08:42:50,040 - INFO - Code edit generation: 2 retries left
2025-02-14 08:42:58,265 - INFO - Iteration 5
2025-02-14 08:43:02,661 - INFO - Code edit generation: 2 retries left
2025-02-14 08:43:10,780 - INFO - Iteration 6
2025-02-14 08:43:15,607 - INFO - Code edit generation: 2 retries left
2025-02-14 08:43:24,022 - INFO - Iteration 7
2025-02-14 08:43:31,515 - INFO - Code edit generation: 2 retries left
2025-02-14 08:43:42,251 - INFO - Iteration 8
2025-02-14 08:43:46,237 - INFO - Code edit generation: 2 retries left
2025-02-14 08:43:55,175 - INFO - Iteration 9
2025-02-14 08:43:59,027 - INFO - Code edit generation: 2 retries left
2025-02-14 08:44:07,712 - INFO - ---business_slide_7 (39/195)---
2025-02-14 08:44:07,713 - INFO - Iteration 0
2025-02-14 08:44:15,977 - INFO - Code edit generation: 2 retries left
2025-02-14 08:44:31,778 - INFO - Code edit generation: 1 retries left
2025-02-14 08:44:49,056 - INFO - Iteration 1
2025-02-14 08:44:55,788 - INFO - Code edit generation: 2 retries left
2025-02-14 08:45:14,802 - INFO - Iteration 2
2025-02-14 08:45:25,787 - INFO - Code edit generation: 2 retries left
2025-02-14 08:45:44,026 - INFO - Iteration 3
2025-02-14 08:45:50,135 - INFO - Code edit generation: 2 retries left
2025-02-14 08:46:07,195 - INFO - Iteration 4
2025-02-14 08:46:13,210 - INFO - Code edit generation: 2 retries left
2025-02-14 08:46:29,098 - INFO - Iteration 5
2025-02-14 08:46:34,250 - INFO - Code edit generation: 2 retries left
2025-02-14 08:46:55,868 - INFO - Iteration 6
2025-02-14 08:47:05,949 - INFO - Code edit generation: 2 retries left
2025-02-14 08:47:23,853 - INFO - Iteration 7
2025-02-14 08:47:31,835 - INFO - Code edit generation: 2 retries left
2025-02-14 08:47:49,181 - INFO - Iteration 8
2025-02-14 08:47:55,884 - INFO - Code edit generation: 2 retries left
2025-02-14 08:48:17,461 - INFO - Iteration 9
2025-02-14 08:48:23,401 - INFO - Code edit generation: 2 retries left
2025-02-14 08:48:41,465 - INFO - ---business_slide_8 (40/195)---
2025-02-14 08:48:41,465 - INFO - Iteration 0
2025-02-14 08:48:47,007 - INFO - Code edit generation: 2 retries left
2025-02-14 08:49:05,905 - INFO - Iteration 1
2025-02-14 08:49:11,075 - INFO - Code edit generation: 2 retries left
2025-02-14 08:49:20,703 - INFO - Code edit generation: 1 retries left
2025-02-14 08:49:30,897 - INFO - ---business_slide_9 (41/195)---
2025-02-14 08:49:30,897 - INFO - Iteration 0
2025-02-14 08:49:37,305 - INFO - Code edit generation: 2 retries left
2025-02-14 08:49:49,513 - INFO - Iteration 1
2025-02-14 08:49:57,714 - INFO - Code edit generation: 2 retries left
2025-02-14 08:50:10,088 - INFO - Iteration 2
2025-02-14 08:50:16,902 - INFO - Code edit generation: 2 retries left
2025-02-14 08:50:26,998 - INFO - Iteration 3
2025-02-14 08:50:33,884 - INFO - Code edit generation: 2 retries left
2025-02-14 08:50:44,273 - INFO - Iteration 4
2025-02-14 08:50:51,680 - INFO - Code edit generation: 2 retries left
2025-02-14 08:51:03,164 - INFO - Iteration 5
2025-02-14 08:51:10,558 - INFO - Code edit generation: 2 retries left
2025-02-14 08:51:22,640 - INFO - Iteration 6
2025-02-14 08:51:30,535 - INFO - Code edit generation: 2 retries left
2025-02-14 08:51:43,032 - INFO - Iteration 7
2025-02-14 08:51:53,672 - INFO - Code edit generation: 2 retries left
2025-02-14 08:52:06,577 - INFO - Iteration 8
2025-02-14 08:52:14,958 - INFO - Code edit generation: 2 retries left
2025-02-14 08:52:36,210 - INFO - Iteration 9
2025-02-14 08:52:46,391 - INFO - Code edit generation: 2 retries left
2025-02-14 08:53:02,047 - INFO - ---career_slide_1 (42/195)---
2025-02-14 08:53:02,048 - INFO - Iteration 0
2025-02-14 08:53:12,338 - INFO - Code edit generation: 2 retries left
2025-02-14 08:53:36,176 - INFO - Iteration 1
2025-02-14 08:53:48,818 - INFO - Code edit generation: 2 retries left
2025-02-14 08:54:06,702 - INFO - Iteration 2
2025-02-14 08:54:17,209 - INFO - Code edit generation: 2 retries left
2025-02-14 08:54:39,740 - INFO - Iteration 3
2025-02-14 08:54:49,633 - INFO - Code edit generation: 2 retries left
2025-02-14 08:55:04,773 - INFO - Code edit generation: 1 retries left
2025-02-14 08:55:21,068 - INFO - ---career_slide_10 (43/195)---
2025-02-14 08:55:21,068 - INFO - Iteration 0
2025-02-14 08:55:28,802 - INFO - Code edit generation: 2 retries left
2025-02-14 08:55:54,260 - INFO - Iteration 1
2025-02-14 08:56:03,055 - INFO - Code edit generation: 2 retries left
2025-02-14 08:56:16,456 - INFO - Iteration 2
2025-02-14 08:56:26,008 - INFO - Code edit generation: 2 retries left
2025-02-14 08:56:46,380 - INFO - Code edit generation: 1 retries left
2025-02-14 08:57:01,117 - INFO - Iteration 3
2025-02-14 08:57:09,039 - INFO - Code edit generation: 2 retries left
2025-02-14 08:57:27,306 - INFO - Iteration 4
2025-02-14 08:57:36,076 - INFO - Code edit generation: 2 retries left
2025-02-14 08:57:51,519 - INFO - Iteration 5
2025-02-14 08:57:58,938 - INFO - Code edit generation: 2 retries left
2025-02-14 08:58:14,567 - INFO - Iteration 6
2025-02-14 08:58:26,555 - INFO - Code edit generation: 2 retries left
2025-02-14 08:58:43,910 - INFO - Iteration 7
2025-02-14 08:58:53,378 - INFO - Code edit generation: 2 retries left
2025-02-14 08:59:09,421 - INFO - Iteration 8
2025-02-14 08:59:18,140 - INFO - Code edit generation: 2 retries left
2025-02-14 08:59:40,133 - INFO - Iteration 9
2025-02-14 08:59:48,298 - INFO - Code edit generation: 2 retries left
2025-02-14 09:00:04,582 - INFO - ---career_slide_11 (44/195)---
2025-02-14 09:00:04,582 - INFO - Iteration 0
2025-02-14 09:00:12,816 - INFO - Code edit generation: 2 retries left
2025-02-14 09:00:28,534 - INFO - Iteration 1
2025-02-14 09:00:37,704 - INFO - Code edit generation: 2 retries left
2025-02-14 09:00:55,060 - INFO - Iteration 2
2025-02-14 09:01:04,092 - INFO - Code edit generation: 2 retries left
2025-02-14 09:01:19,029 - INFO - Iteration 3
2025-02-14 09:01:27,420 - INFO - Code edit generation: 2 retries left
2025-02-14 09:01:41,058 - INFO - Iteration 4
2025-02-14 09:01:50,381 - INFO - Code edit generation: 2 retries left
2025-02-14 09:02:07,466 - INFO - Iteration 5
2025-02-14 09:02:15,927 - INFO - Code edit generation: 2 retries left
2025-02-14 09:02:30,592 - INFO - Iteration 6
2025-02-14 09:02:45,790 - INFO - Code edit generation: 2 retries left
2025-02-14 09:03:00,538 - INFO - Iteration 7
2025-02-14 09:03:08,878 - INFO - Code edit generation: 2 retries left
2025-02-14 09:03:34,898 - INFO - Iteration 8
2025-02-14 09:03:44,041 - INFO - Code edit generation: 2 retries left
2025-02-14 09:04:04,860 - INFO - Iteration 9
2025-02-14 09:04:14,270 - INFO - Code edit generation: 2 retries left
2025-02-14 09:04:37,439 - INFO - ---career_slide_12 (45/195)---
2025-02-14 09:04:37,440 - INFO - Iteration 0
2025-02-14 09:04:45,017 - INFO - Code edit generation: 2 retries left
2025-02-14 09:04:56,906 - INFO - Iteration 1
2025-02-14 09:05:04,734 - INFO - Code edit generation: 2 retries left
2025-02-14 09:05:22,513 - INFO - Iteration 2
2025-02-14 09:05:31,279 - INFO - Code edit generation: 2 retries left
2025-02-14 09:05:44,381 - INFO - Iteration 3
2025-02-14 09:05:51,449 - INFO - Code edit generation: 2 retries left
2025-02-14 09:06:06,424 - INFO - Iteration 4
2025-02-14 09:06:20,309 - INFO - Code edit generation: 2 retries left
2025-02-14 09:06:36,089 - INFO - Iteration 5
2025-02-14 09:06:45,510 - INFO - Code edit generation: 2 retries left
2025-02-14 09:07:26,146 - INFO - Iteration 6
2025-02-14 09:07:34,484 - INFO - Code edit generation: 2 retries left
2025-02-14 09:07:47,215 - INFO - Iteration 7
2025-02-14 09:07:55,710 - INFO - Code edit generation: 2 retries left
2025-02-14 09:08:11,405 - INFO - Iteration 8
2025-02-14 09:08:24,452 - INFO - Code edit generation: 2 retries left
2025-02-14 09:08:44,432 - INFO - Iteration 9
2025-02-14 09:08:50,921 - INFO - Code edit generation: 2 retries left
2025-02-14 09:09:05,592 - INFO - ---career_slide_13 (46/195)---
2025-02-14 09:09:05,593 - INFO - Iteration 0
2025-02-14 09:09:13,350 - INFO - Code edit generation: 2 retries left
2025-02-14 09:09:27,152 - INFO - Iteration 1
2025-02-14 09:09:34,823 - INFO - Code edit generation: 2 retries left
2025-02-14 09:09:48,948 - INFO - Iteration 2
2025-02-14 09:09:56,417 - INFO - Code edit generation: 2 retries left
2025-02-14 09:10:08,568 - INFO - Iteration 3
2025-02-14 09:10:18,234 - INFO - Code edit generation: 2 retries left
2025-02-14 09:10:34,501 - INFO - Iteration 4
2025-02-14 09:10:45,122 - INFO - Code edit generation: 2 retries left
2025-02-14 09:11:09,905 - INFO - Iteration 5
2025-02-14 09:11:17,684 - INFO - Code edit generation: 2 retries left
2025-02-14 09:11:29,681 - INFO - Iteration 6
2025-02-14 09:11:36,707 - INFO - Code edit generation: 2 retries left
2025-02-14 09:11:50,500 - INFO - Iteration 7
2025-02-14 09:11:58,586 - INFO - Code edit generation: 2 retries left
2025-02-14 09:12:15,753 - INFO - Iteration 8
2025-02-14 09:12:26,409 - INFO - Code edit generation: 2 retries left
2025-02-14 09:12:42,030 - INFO - Iteration 9
2025-02-14 09:12:48,977 - INFO - Code edit generation: 2 retries left
2025-02-14 09:13:02,607 - INFO - ---career_slide_14 (47/195)---
2025-02-14 09:13:02,608 - INFO - Iteration 0
2025-02-14 09:13:11,584 - INFO - Code edit generation: 2 retries left
2025-02-14 09:13:42,761 - INFO - Iteration 1
2025-02-14 09:13:50,153 - INFO - Code edit generation: 2 retries left
2025-02-14 09:14:22,124 - INFO - Iteration 2
2025-02-14 09:14:30,663 - INFO - Code edit generation: 2 retries left
2025-02-14 09:14:36,438 - INFO - Code edit generation: 1 retries left
2025-02-14 09:15:02,432 - INFO - Iteration 3
2025-02-14 09:15:11,947 - INFO - Code edit generation: 2 retries left
2025-02-14 09:15:53,058 - INFO - Iteration 4
2025-02-14 09:16:02,870 - INFO - Code edit generation: 2 retries left
2025-02-14 09:16:34,245 - INFO - Iteration 5
2025-02-14 09:16:41,604 - INFO - Code edit generation: 2 retries left
2025-02-14 09:17:14,605 - INFO - Iteration 6
2025-02-14 09:17:22,281 - INFO - Code edit generation: 2 retries left
2025-02-14 09:17:48,737 - INFO - Iteration 7
2025-02-14 09:18:05,383 - INFO - Code edit generation: 2 retries left
2025-02-14 09:18:33,779 - INFO - Iteration 8
2025-02-14 09:18:43,616 - INFO - Code edit generation: 2 retries left
2025-02-14 09:19:13,874 - INFO - Iteration 9
2025-02-14 09:19:26,620 - INFO - Code edit generation: 2 retries left
2025-02-14 09:19:57,724 - INFO - ---career_slide_15 (48/195)---
2025-02-14 09:19:57,725 - INFO - Iteration 0
2025-02-14 09:20:04,974 - INFO - Code edit generation: 2 retries left
2025-02-14 09:20:21,130 - INFO - Iteration 1
2025-02-14 09:20:28,451 - INFO - Code edit generation: 2 retries left
2025-02-14 09:21:08,071 - INFO - Iteration 2
2025-02-14 09:21:15,336 - INFO - Code edit generation: 2 retries left
2025-02-14 09:21:39,692 - INFO - Iteration 3
2025-02-14 09:21:47,169 - INFO - Code edit generation: 2 retries left
2025-02-14 09:22:03,481 - INFO - Iteration 4
2025-02-14 09:22:12,703 - INFO - Code edit generation: 2 retries left
2025-02-14 09:22:30,317 - INFO - Iteration 5
2025-02-14 09:22:39,356 - INFO - Code edit generation: 2 retries left
2025-02-14 09:22:45,864 - INFO - Code edit generation: 1 retries left
2025-02-14 09:23:03,084 - INFO - Iteration 6
2025-02-14 09:23:12,939 - INFO - Code edit generation: 2 retries left
2025-02-14 09:23:28,007 - INFO - Iteration 7
2025-02-14 09:23:37,067 - INFO - Code edit generation: 2 retries left
2025-02-14 09:23:56,366 - INFO - Iteration 8
2025-02-14 09:24:08,535 - INFO - Code edit generation: 2 retries left
2025-02-14 09:24:24,951 - INFO - Iteration 9
2025-02-14 09:24:32,711 - INFO - Code edit generation: 2 retries left
2025-02-14 09:24:58,644 - INFO - ---career_slide_16 (49/195)---
2025-02-14 09:24:58,645 - INFO - Iteration 0
2025-02-14 09:25:06,523 - INFO - Code edit generation: 2 retries left
2025-02-14 09:25:29,616 - INFO - Iteration 1
2025-02-14 09:25:36,295 - INFO - Code edit generation: 2 retries left
2025-02-14 09:26:01,635 - INFO - Iteration 2
2025-02-14 09:26:09,625 - INFO - Code edit generation: 2 retries left
2025-02-14 09:26:32,400 - INFO - Iteration 3
2025-02-14 09:26:41,769 - INFO - Code edit generation: 2 retries left
2025-02-14 09:27:03,758 - INFO - Iteration 4
2025-02-14 09:27:10,321 - INFO - Code edit generation: 2 retries left
2025-02-14 09:27:41,418 - INFO - Iteration 5
2025-02-14 09:27:49,046 - INFO - Code edit generation: 2 retries left
2025-02-14 09:28:11,656 - INFO - Iteration 6
2025-02-14 09:28:25,411 - INFO - Code edit generation: 2 retries left
2025-02-14 09:28:48,334 - INFO - Iteration 7
2025-02-14 09:28:56,322 - INFO - Code edit generation: 2 retries left
2025-02-14 09:29:18,982 - INFO - Iteration 8
2025-02-14 09:29:27,078 - INFO - Code edit generation: 2 retries left
2025-02-14 09:30:07,308 - INFO - Iteration 9
2025-02-14 09:30:15,622 - INFO - Code edit generation: 2 retries left
2025-02-14 09:30:45,375 - INFO - ---career_slide_17 (50/195)---
2025-02-14 09:30:45,379 - INFO - Iteration 0
2025-02-14 09:30:54,755 - INFO - Code edit generation: 2 retries left
2025-02-14 09:31:11,638 - INFO - Iteration 1
2025-02-14 09:31:20,085 - INFO - Code edit generation: 2 retries left
2025-02-14 09:31:37,547 - INFO - Iteration 2
2025-02-14 09:31:46,548 - INFO - Code edit generation: 2 retries left
2025-02-14 09:32:04,287 - INFO - Iteration 3
2025-02-14 09:32:13,206 - INFO - Code edit generation: 2 retries left
2025-02-14 09:32:46,235 - INFO - Iteration 4
2025-02-14 09:32:56,558 - INFO - Code edit generation: 2 retries left
2025-02-14 09:33:14,768 - INFO - Iteration 5
2025-02-14 09:33:22,398 - INFO - Code edit generation: 2 retries left
2025-02-14 09:33:40,542 - INFO - Iteration 6
2025-02-14 09:33:49,792 - INFO - Code edit generation: 2 retries left
2025-02-14 09:34:15,449 - INFO - Iteration 7
2025-02-14 09:34:23,204 - INFO - Code edit generation: 2 retries left
2025-02-14 09:34:43,273 - INFO - Iteration 8
2025-02-14 09:34:51,889 - INFO - Code edit generation: 2 retries left
2025-02-14 09:35:12,425 - INFO - Iteration 9
2025-02-14 09:35:19,998 - INFO - Code edit generation: 2 retries left
2025-02-14 09:35:45,547 - INFO - ---career_slide_18 (51/195)---
2025-02-14 09:35:45,548 - INFO - Iteration 0
2025-02-14 09:35:53,540 - INFO - Code edit generation: 2 retries left
2025-02-14 09:36:11,105 - INFO - Iteration 1
2025-02-14 09:36:19,635 - INFO - Code edit generation: 2 retries left
2025-02-14 09:36:35,133 - INFO - Iteration 2
2025-02-14 09:36:42,557 - INFO - Code edit generation: 2 retries left
2025-02-14 09:37:01,090 - INFO - Iteration 3
2025-02-14 09:37:08,723 - INFO - Code edit generation: 2 retries left
2025-02-14 09:37:21,768 - INFO - Iteration 4
2025-02-14 09:37:32,173 - INFO - Code edit generation: 2 retries left
2025-02-14 09:37:43,730 - INFO - Iteration 5
2025-02-14 09:37:53,494 - INFO - Code edit generation: 2 retries left
2025-02-14 09:38:06,506 - INFO - Iteration 6
2025-02-14 09:38:14,212 - INFO - Code edit generation: 2 retries left
2025-02-14 09:38:31,122 - INFO - Iteration 7
2025-02-14 09:38:39,081 - INFO - Code edit generation: 2 retries left
2025-02-14 09:38:54,649 - INFO - Iteration 8
2025-02-14 09:39:05,417 - INFO - Code edit generation: 2 retries left
2025-02-14 09:39:24,272 - INFO - Iteration 9
2025-02-14 09:39:33,407 - INFO - Code edit generation: 2 retries left
2025-02-14 09:39:43,897 - INFO - ---career_slide_19 (52/195)---
2025-02-14 09:39:43,897 - INFO - Iteration 0
2025-02-14 09:39:52,062 - INFO - Code edit generation: 2 retries left
2025-02-14 09:40:08,748 - INFO - Iteration 1
2025-02-14 09:40:20,661 - INFO - Code edit generation: 2 retries left
2025-02-14 09:40:34,757 - INFO - Code edit generation: 1 retries left
2025-02-14 09:40:51,211 - INFO - ---career_slide_2 (53/195)---
2025-02-14 09:40:51,212 - INFO - Iteration 0
2025-02-14 09:40:58,288 - INFO - Code edit generation: 2 retries left
2025-02-14 09:41:12,451 - INFO - Iteration 1
2025-02-14 09:41:20,839 - INFO - Code edit generation: 2 retries left
2025-02-14 09:41:34,044 - INFO - Iteration 2
2025-02-14 09:41:42,180 - INFO - Code edit generation: 2 retries left
2025-02-14 09:41:57,765 - INFO - Iteration 3
2025-02-14 09:42:07,352 - INFO - Code edit generation: 2 retries left
2025-02-14 09:42:19,936 - INFO - Iteration 4
2025-02-14 09:42:27,493 - INFO - Code edit generation: 2 retries left
2025-02-14 09:42:41,082 - INFO - Iteration 5
2025-02-14 09:42:52,444 - INFO - Code edit generation: 2 retries left
2025-02-14 09:43:04,669 - INFO - Iteration 6
2025-02-14 09:43:13,760 - INFO - Code edit generation: 2 retries left
2025-02-14 09:43:27,281 - INFO - Iteration 7
2025-02-14 09:43:36,435 - INFO - Code edit generation: 2 retries left
2025-02-14 09:43:49,436 - INFO - Iteration 8
2025-02-14 09:43:56,192 - INFO - Code edit generation: 2 retries left
2025-02-14 09:44:14,954 - INFO - Iteration 9
2025-02-14 09:44:22,038 - INFO - Code edit generation: 2 retries left
2025-02-14 09:44:38,314 - INFO - ---career_slide_3 (54/195)---
2025-02-14 09:44:38,315 - INFO - Iteration 0
2025-02-14 09:44:44,861 - INFO - Code edit generation: 2 retries left
2025-02-14 09:44:56,145 - INFO - Code edit generation: 1 retries left
2025-02-14 09:45:18,311 - INFO - ---career_slide_4 (55/195)---
2025-02-14 09:45:18,312 - INFO - Iteration 0
2025-02-14 09:45:26,452 - INFO - Code edit generation: 2 retries left
2025-02-14 09:45:46,837 - INFO - Iteration 1
2025-02-14 09:45:55,322 - INFO - Code edit generation: 2 retries left
2025-02-14 09:46:13,225 - INFO - Iteration 2
2025-02-14 09:46:21,700 - INFO - Code edit generation: 2 retries left
2025-02-14 09:46:39,515 - INFO - Iteration 3
2025-02-14 09:46:47,407 - INFO - Code edit generation: 2 retries left
2025-02-14 09:47:13,906 - INFO - Iteration 4
2025-02-14 09:47:22,823 - INFO - Code edit generation: 2 retries left
2025-02-14 09:47:43,945 - INFO - Iteration 5
2025-02-14 09:47:52,121 - INFO - Code edit generation: 2 retries left
2025-02-14 09:48:20,693 - INFO - Iteration 6
2025-02-14 09:48:29,070 - INFO - Code edit generation: 2 retries left
2025-02-14 09:48:50,155 - INFO - Iteration 7
2025-02-14 09:48:58,388 - INFO - Code edit generation: 2 retries left
2025-02-14 09:49:17,863 - INFO - Iteration 8
2025-02-14 09:49:26,768 - INFO - Code edit generation: 2 retries left
2025-02-14 09:49:50,345 - INFO - Iteration 9
2025-02-14 09:49:58,535 - INFO - Code edit generation: 2 retries left
2025-02-14 09:50:16,836 - INFO - ---career_slide_5 (56/195)---
2025-02-14 09:50:16,837 - INFO - Iteration 0
2025-02-14 09:50:26,243 - INFO - Code edit generation: 2 retries left
2025-02-14 09:50:43,493 - INFO - Iteration 1
2025-02-14 09:50:52,436 - INFO - Code edit generation: 2 retries left
2025-02-14 09:51:07,551 - INFO - Iteration 2
2025-02-14 09:51:16,522 - INFO - Code edit generation: 2 retries left
2025-02-14 09:51:34,276 - INFO - Iteration 3
2025-02-14 09:51:42,452 - INFO - Code edit generation: 2 retries left
2025-02-14 09:52:03,218 - INFO - Iteration 4
2025-02-14 09:52:11,618 - INFO - Code edit generation: 2 retries left
2025-02-14 09:52:32,719 - INFO - Iteration 5
2025-02-14 09:52:43,289 - INFO - Code edit generation: 2 retries left
2025-02-14 09:53:03,204 - INFO - Iteration 6
2025-02-14 09:53:11,301 - INFO - Code edit generation: 2 retries left
2025-02-14 09:53:27,429 - INFO - Iteration 7
2025-02-14 09:53:34,768 - INFO - Code edit generation: 2 retries left
2025-02-14 09:53:55,900 - INFO - Iteration 8
2025-02-14 09:54:03,006 - INFO - Code edit generation: 2 retries left
2025-02-14 09:54:23,086 - INFO - Iteration 9
2025-02-14 09:54:31,142 - INFO - Code edit generation: 2 retries left
2025-02-14 09:54:58,947 - INFO - ---career_slide_6 (57/195)---
2025-02-14 09:54:58,948 - INFO - Iteration 0
2025-02-14 09:55:06,206 - INFO - Code edit generation: 2 retries left
2025-02-14 09:55:33,004 - INFO - Code edit generation: 1 retries left
2025-02-14 09:56:00,386 - INFO - ---career_slide_7 (58/195)---
2025-02-14 09:56:00,386 - INFO - ---career_slide_8 (59/195)---
2025-02-14 09:56:00,386 - INFO - Iteration 0
2025-02-14 09:56:10,141 - INFO - Code edit generation: 2 retries left
2025-02-14 09:56:27,602 - INFO - Iteration 1
2025-02-14 09:56:36,009 - INFO - Code edit generation: 2 retries left
2025-02-14 09:56:59,710 - INFO - Iteration 2
2025-02-14 09:57:08,655 - INFO - Code edit generation: 2 retries left
2025-02-14 09:57:26,440 - INFO - Iteration 3
2025-02-14 09:57:35,111 - INFO - Code edit generation: 2 retries left
2025-02-14 09:57:54,438 - INFO - Iteration 4
2025-02-14 09:58:02,048 - INFO - Code edit generation: 2 retries left
2025-02-14 09:58:18,699 - INFO - Iteration 5
2025-02-14 09:58:27,606 - INFO - Code edit generation: 2 retries left
2025-02-14 09:58:44,904 - INFO - Iteration 6
2025-02-14 09:58:53,089 - INFO - Code edit generation: 2 retries left
2025-02-14 09:59:11,421 - INFO - Iteration 7
2025-02-14 09:59:21,310 - INFO - Code edit generation: 2 retries left
2025-02-14 09:59:45,795 - INFO - Iteration 8
2025-02-14 09:59:54,084 - INFO - Code edit generation: 2 retries left
2025-02-14 10:00:06,143 - INFO - Iteration 9
