2025-02-13 08:46:12,604 - INFO - ---food_slide_30 (188/195)---
2025-02-13 08:46:12,604 - INFO - Iteration 0
2025-02-13 08:46:21,577 - INFO - Code edit generation: 2 retries left
2025-02-13 08:46:37,670 - INFO - Iteration 1
2025-02-13 08:46:48,931 - INFO - Code edit generation: 2 retries left
2025-02-13 08:47:12,131 - INFO - Code edit generation: 1 retries left
2025-02-13 08:47:36,247 - INFO - Iteration 2
2025-02-13 08:47:49,332 - INFO - Code edit generation: 2 retries left
2025-02-13 08:48:11,647 - INFO - Iteration 3
2025-02-13 08:48:20,859 - INFO - Code edit generation: 2 retries left
2025-02-13 08:48:58,905 - INFO - Iteration 4
2025-02-13 08:49:09,844 - INFO - Code edit generation: 2 retries left
2025-02-13 08:49:38,565 - INFO - Iteration 5
2025-02-13 08:49:46,393 - INFO - Code edit generation: 2 retries left
2025-02-13 08:50:19,368 - INFO - Iteration 6
2025-02-13 08:50:27,672 - INFO - Code edit generation: 2 retries left
2025-02-13 08:50:55,019 - INFO - Iteration 7
2025-02-13 08:51:07,774 - INFO - Code edit generation: 2 retries left
2025-02-13 08:51:35,274 - INFO - Iteration 8
2025-02-13 08:51:42,985 - INFO - Code edit generation: 2 retries left
2025-02-13 08:52:10,273 - INFO - Iteration 9
2025-02-13 08:52:19,628 - INFO - Code edit generation: 2 retries left
2025-02-13 08:53:07,337 - INFO - ---career_slide_17 (189/195)---
2025-02-13 08:53:07,338 - INFO - Iteration 0
2025-02-13 08:53:20,593 - INFO - Code edit generation: 2 retries left
2025-02-13 08:53:51,958 - INFO - Iteration 1
2025-02-13 08:54:03,979 - INFO - Code edit generation: 2 retries left
2025-02-13 08:54:28,524 - INFO - Iteration 2
2025-02-13 08:54:51,592 - INFO - Code edit generation: 2 retries left
2025-02-13 08:55:24,166 - INFO - Iteration 3
2025-02-13 08:55:43,767 - INFO - Code edit generation: 2 retries left
2025-02-13 08:56:13,711 - INFO - Iteration 4
2025-02-13 08:56:29,834 - INFO - Code edit generation: 2 retries left
2025-02-13 08:56:59,205 - INFO - Iteration 5
2025-02-13 08:57:11,697 - INFO - Code edit generation: 2 retries left
2025-02-13 08:57:58,596 - INFO - Iteration 6
2025-02-13 08:58:15,661 - INFO - Code edit generation: 2 retries left
2025-02-13 08:58:42,663 - INFO - Iteration 7
2025-02-13 08:59:01,905 - INFO - Code edit generation: 2 retries left
2025-02-13 08:59:29,201 - INFO - Iteration 8
2025-02-13 08:59:42,858 - INFO - Code edit generation: 2 retries left
2025-02-13 09:00:14,973 - INFO - Iteration 9
2025-02-13 09:00:28,582 - INFO - Code edit generation: 2 retries left
2025-02-13 09:01:02,268 - INFO - ---technology_slide_1 (190/195)---
2025-02-13 09:01:02,269 - INFO - ---art_photos_slide_7 (191/195)---
2025-02-13 09:01:02,270 - INFO - Iteration 0
2025-02-13 09:01:17,946 - INFO - Code edit generation: 2 retries left
2025-02-13 09:01:33,182 - INFO - Code edit generation: 1 retries left
2025-02-13 09:01:50,849 - INFO - ---business_slide_8 (192/195)---
2025-02-13 09:01:50,850 - INFO - Iteration 0
2025-02-13 09:02:00,632 - INFO - Code edit generation: 2 retries left
2025-02-13 09:02:15,536 - INFO - Code edit generation: 1 retries left
2025-02-13 09:02:29,228 - INFO - ---art_photos_slide_11 (193/195)---
2025-02-13 09:02:29,228 - INFO - ---marketing_slide_21 (194/195)---
2025-02-13 09:02:29,228 - INFO - Iteration 0
2025-02-13 09:02:50,230 - INFO - Code edit generation: 2 retries left
2025-02-13 09:03:37,610 - INFO - Iteration 1
2025-02-13 09:03:49,624 - INFO - Code edit generation: 2 retries left
2025-02-13 09:04:12,034 - INFO - Iteration 2
2025-02-13 09:04:22,671 - INFO - Code edit generation: 2 retries left
2025-02-13 09:04:44,357 - INFO - Code edit generation: 1 retries left
