2025-02-14 18:04:47,986 - INFO - ---career_slide_8 (59/195)---
2025-02-14 18:04:47,986 - INFO - Iteration 0
2025-02-14 18:04:56,836 - INFO - Code edit generation: 2 retries left
2025-02-14 18:05:15,055 - INFO - Iteration 1
2025-02-14 18:05:24,321 - INFO - Code edit generation: 2 retries left
2025-02-14 18:05:46,575 - INFO - Iteration 2
2025-02-14 18:05:57,269 - INFO - Code edit generation: 2 retries left
2025-02-14 18:06:16,425 - INFO - Iteration 3
2025-02-14 18:06:27,382 - INFO - Code edit generation: 2 retries left
2025-02-14 18:06:48,558 - INFO - Iteration 4
2025-02-14 18:06:57,693 - INFO - Code edit generation: 2 retries left
2025-02-14 18:07:15,775 - INFO - Iteration 5
2025-02-14 18:07:23,816 - INFO - Code edit generation: 2 retries left
2025-02-14 18:07:47,210 - INFO - Iteration 6
2025-02-14 18:07:56,646 - INFO - Code edit generation: 2 retries left
2025-02-14 18:08:12,402 - INFO - Iteration 7
2025-02-14 18:08:21,091 - INFO - Code edit generation: 2 retries left
2025-02-14 18:08:45,189 - INFO - Iteration 8
2025-02-14 18:08:54,348 - INFO - Code edit generation: 2 retries left
2025-02-14 18:09:15,769 - INFO - Iteration 9
2025-02-14 18:09:24,610 - INFO - Code edit generation: 2 retries left
2025-02-14 18:09:50,403 - INFO - ---career_slide_9 (60/195)---
2025-02-14 18:09:50,404 - INFO - Iteration 0
2025-02-14 18:10:27,750 - INFO - Code edit generation: 2 retries left
2025-02-14 18:10:44,488 - INFO - Iteration 1
2025-02-14 18:10:55,733 - INFO - Code edit generation: 2 retries left
2025-02-14 18:11:09,160 - INFO - Iteration 2
2025-02-14 18:11:16,151 - INFO - Code edit generation: 2 retries left
2025-02-14 18:11:27,734 - INFO - Iteration 3
2025-02-14 18:11:35,916 - INFO - Code edit generation: 2 retries left
2025-02-14 18:11:49,796 - INFO - Iteration 4
2025-02-14 18:11:57,384 - INFO - Code edit generation: 2 retries left
2025-02-14 18:12:13,785 - INFO - Iteration 5
2025-02-14 18:12:25,118 - INFO - Code edit generation: 2 retries left
2025-02-14 18:12:39,783 - INFO - Iteration 6
2025-02-14 18:12:47,983 - INFO - Code edit generation: 2 retries left
2025-02-14 18:13:04,096 - INFO - Iteration 7
2025-02-14 18:13:11,523 - INFO - Code edit generation: 2 retries left
2025-02-14 18:13:29,092 - INFO - Iteration 8
2025-02-14 18:13:35,992 - INFO - Code edit generation: 2 retries left
2025-02-14 18:13:53,710 - INFO - Iteration 9
2025-02-14 18:14:02,681 - INFO - Code edit generation: 2 retries left
2025-02-14 18:14:22,670 - INFO - ---design_slide_1 (61/195)---
2025-02-14 18:14:22,671 - INFO - Iteration 0
2025-02-14 18:14:31,812 - INFO - Code edit generation: 2 retries left
2025-02-14 18:14:40,279 - INFO - Code edit generation: 1 retries left
2025-02-14 18:14:50,107 - INFO - Iteration 1
2025-02-14 18:14:57,912 - INFO - Code edit generation: 2 retries left
2025-02-14 18:15:10,496 - INFO - Code edit generation: 1 retries left
2025-02-14 18:15:22,732 - INFO - ---design_slide_2 (62/195)---
2025-02-14 18:15:22,733 - INFO - Iteration 0
2025-02-14 18:15:29,441 - INFO - Code edit generation: 2 retries left
2025-02-14 18:15:46,115 - INFO - Code edit generation: 1 retries left
2025-02-14 18:15:57,945 - INFO - ---design_slide_3 (63/195)---
2025-02-14 18:15:57,946 - INFO - Iteration 0
2025-02-14 18:16:14,495 - INFO - Code edit generation: 2 retries left
2025-02-14 18:16:41,064 - INFO - Iteration 1
2025-02-14 18:16:52,171 - INFO - Code edit generation: 2 retries left
2025-02-14 18:17:05,163 - INFO - Iteration 2
2025-02-14 18:17:16,610 - INFO - Code edit generation: 2 retries left
2025-02-14 18:17:32,569 - INFO - Code edit generation: 1 retries left
2025-02-14 18:17:47,703 - INFO - Iteration 3
2025-02-14 18:17:57,956 - INFO - Code edit generation: 2 retries left
2025-02-14 18:18:17,692 - INFO - Iteration 4
2025-02-14 18:18:28,376 - INFO - Code edit generation: 2 retries left
2025-02-14 18:18:44,337 - INFO - Iteration 5
2025-02-14 18:18:57,292 - INFO - Code edit generation: 2 retries left
2025-02-14 18:19:13,058 - INFO - Iteration 6
2025-02-14 18:19:26,116 - INFO - Code edit generation: 2 retries left
2025-02-14 18:19:47,171 - INFO - Iteration 7
2025-02-14 18:20:04,922 - INFO - Code edit generation: 2 retries left
2025-02-14 18:20:23,457 - INFO - Iteration 8
2025-02-14 18:20:39,629 - INFO - Code edit generation: 2 retries left
2025-02-14 18:20:58,707 - INFO - Iteration 9
2025-02-14 18:21:09,489 - INFO - Code edit generation: 2 retries left
2025-02-14 18:21:28,516 - INFO - ---design_slide_4 (64/195)---
2025-02-14 18:21:28,517 - INFO - Iteration 0
2025-02-14 18:21:33,065 - INFO - Code edit generation: 2 retries left
2025-02-14 18:21:45,086 - INFO - Iteration 1
2025-02-14 18:21:51,627 - INFO - Code edit generation: 2 retries left
2025-02-14 18:22:07,480 - INFO - Iteration 2
2025-02-14 18:22:12,456 - INFO - Code edit generation: 2 retries left
2025-02-14 18:22:33,678 - INFO - Iteration 3
2025-02-14 18:22:39,681 - INFO - Code edit generation: 2 retries left
2025-02-14 18:22:51,086 - INFO - Iteration 4
2025-02-14 18:22:56,595 - INFO - Code edit generation: 2 retries left
2025-02-14 18:23:08,236 - INFO - Iteration 5
2025-02-14 18:23:13,134 - INFO - Code edit generation: 2 retries left
2025-02-14 18:23:27,105 - INFO - Iteration 6
2025-02-14 18:23:32,690 - INFO - Code edit generation: 2 retries left
2025-02-14 18:23:46,662 - INFO - Iteration 7
2025-02-14 18:23:52,680 - INFO - Code edit generation: 2 retries left
2025-02-14 18:24:09,797 - INFO - Code edit generation: 1 retries left
2025-02-14 18:24:23,752 - INFO - ---design_slide_5 (65/195)---
2025-02-14 18:24:23,753 - INFO - Iteration 0
2025-02-14 18:24:29,145 - INFO - Code edit generation: 2 retries left
2025-02-14 18:24:40,124 - INFO - Iteration 1
2025-02-14 18:24:45,664 - INFO - Code edit generation: 2 retries left
2025-02-14 18:24:57,080 - INFO - Iteration 2
2025-02-14 18:25:01,249 - INFO - Code edit generation: 2 retries left
2025-02-14 18:25:12,105 - INFO - Iteration 3
2025-02-14 18:25:16,732 - INFO - Code edit generation: 2 retries left
2025-02-14 18:25:33,669 - INFO - Iteration 4
2025-02-14 18:25:38,963 - INFO - Code edit generation: 2 retries left
2025-02-14 18:25:56,767 - INFO - Iteration 5
2025-02-14 18:26:06,328 - INFO - Code edit generation: 2 retries left
2025-02-14 18:26:21,730 - INFO - Iteration 6
2025-02-14 18:26:27,830 - INFO - Code edit generation: 2 retries left
2025-02-14 18:26:40,417 - INFO - Iteration 7
2025-02-14 18:26:46,439 - INFO - Code edit generation: 2 retries left
2025-02-14 18:27:21,323 - INFO - Iteration 8
2025-02-14 18:27:27,704 - INFO - Code edit generation: 2 retries left
2025-02-14 18:27:40,424 - INFO - Iteration 9
2025-02-14 18:27:46,472 - INFO - Code edit generation: 2 retries left
2025-02-14 18:27:58,657 - INFO - ---design_slide_6 (66/195)---
2025-02-14 18:27:58,657 - INFO - Iteration 0
2025-02-14 18:28:04,570 - INFO - Code edit generation: 2 retries left
2025-02-14 18:28:16,835 - INFO - Iteration 1
2025-02-14 18:28:22,564 - INFO - Code edit generation: 2 retries left
2025-02-14 18:28:37,450 - INFO - Iteration 2
2025-02-14 18:28:45,001 - INFO - Code edit generation: 2 retries left
2025-02-14 18:29:00,122 - INFO - Iteration 3
2025-02-14 18:29:06,517 - INFO - Code edit generation: 2 retries left
2025-02-14 18:29:22,266 - INFO - Iteration 4
2025-02-14 18:29:29,800 - INFO - Code edit generation: 2 retries left
2025-02-14 18:29:42,850 - INFO - Iteration 5
2025-02-14 18:29:48,718 - INFO - Code edit generation: 2 retries left
2025-02-14 18:30:02,632 - INFO - Iteration 6
2025-02-14 18:30:08,835 - INFO - Code edit generation: 2 retries left
2025-02-14 18:30:21,695 - INFO - Iteration 7
2025-02-14 18:30:28,313 - INFO - Code edit generation: 2 retries left
2025-02-14 18:30:42,861 - INFO - Iteration 8
2025-02-14 18:30:49,000 - INFO - Code edit generation: 2 retries left
2025-02-14 18:31:03,599 - INFO - Iteration 9
2025-02-14 18:31:09,507 - INFO - Code edit generation: 2 retries left
2025-02-14 18:31:23,624 - INFO - ---entrepreneur_slide_1 (67/195)---
2025-02-14 18:31:23,625 - INFO - ---entrepreneur_slide_10 (68/195)---
2025-02-14 18:31:23,625 - INFO - ---entrepreneur_slide_11 (69/195)---
2025-02-14 18:31:23,625 - INFO - ---entrepreneur_slide_2 (70/195)---
2025-02-14 18:31:23,625 - INFO - Iteration 0
2025-02-14 18:31:33,404 - INFO - Code edit generation: 2 retries left
2025-02-14 18:31:48,656 - INFO - Iteration 1
2025-02-14 18:31:52,707 - INFO - Code edit generation: 2 retries left
2025-02-14 18:32:05,444 - INFO - Iteration 2
2025-02-14 18:32:09,493 - INFO - Code edit generation: 2 retries left
2025-02-14 18:32:20,070 - INFO - Iteration 3
2025-02-14 18:32:25,274 - INFO - Code edit generation: 2 retries left
2025-02-14 18:32:36,234 - INFO - Iteration 4
2025-02-14 18:32:40,692 - INFO - Code edit generation: 2 retries left
2025-02-14 18:32:51,804 - INFO - Iteration 5
2025-02-14 18:32:56,301 - INFO - Code edit generation: 2 retries left
2025-02-14 18:33:07,705 - INFO - Iteration 6
2025-02-14 18:33:11,470 - INFO - Code edit generation: 2 retries left
2025-02-14 18:33:22,665 - INFO - Iteration 7
2025-02-14 18:33:27,662 - INFO - Code edit generation: 2 retries left
2025-02-14 18:33:39,058 - INFO - Iteration 8
2025-02-14 18:33:44,240 - INFO - Code edit generation: 2 retries left
2025-02-14 18:33:54,948 - INFO - Iteration 9
2025-02-14 18:34:00,277 - INFO - Code edit generation: 2 retries left
2025-02-14 18:34:16,694 - INFO - ---entrepreneur_slide_3 (71/195)---
2025-02-14 18:34:16,694 - INFO - ---entrepreneur_slide_4 (72/195)---
2025-02-14 18:34:16,695 - INFO - ---entrepreneur_slide_5 (73/195)---
2025-02-14 18:34:16,695 - INFO - Iteration 0
2025-02-14 18:34:22,631 - INFO - Code edit generation: 2 retries left
2025-02-14 18:34:33,675 - INFO - Iteration 1
2025-02-14 18:34:40,015 - INFO - Code edit generation: 2 retries left
2025-02-14 18:35:00,524 - INFO - Iteration 2
2025-02-14 18:35:08,668 - INFO - Code edit generation: 2 retries left
2025-02-14 18:35:23,712 - INFO - Iteration 3
2025-02-14 18:35:28,730 - INFO - Code edit generation: 2 retries left
2025-02-14 18:35:41,707 - INFO - Iteration 4
2025-02-14 18:35:51,274 - INFO - Code edit generation: 2 retries left
2025-02-14 18:36:03,800 - INFO - Iteration 5
2025-02-14 18:36:13,086 - INFO - Code edit generation: 2 retries left
2025-02-14 18:36:26,084 - INFO - Iteration 6
2025-02-14 18:36:31,378 - INFO - Code edit generation: 2 retries left
2025-02-14 18:36:49,826 - INFO - Iteration 7
2025-02-14 18:36:56,673 - INFO - Code edit generation: 2 retries left
2025-02-14 18:37:08,528 - INFO - Iteration 8
2025-02-14 18:37:12,895 - INFO - Code edit generation: 2 retries left
2025-02-14 18:37:28,277 - INFO - Iteration 9
2025-02-14 18:37:33,095 - INFO - Code edit generation: 2 retries left
2025-02-14 18:37:48,132 - INFO - ---entrepreneur_slide_6 (74/195)---
2025-02-14 18:37:48,133 - INFO - ---entrepreneur_slide_7 (75/195)---
2025-02-14 18:37:48,134 - INFO - Iteration 0
2025-02-14 18:37:56,004 - INFO - Code edit generation: 2 retries left
2025-02-14 18:38:10,444 - INFO - Code edit generation: 1 retries left
2025-02-14 18:38:22,396 - INFO - ---entrepreneur_slide_8 (76/195)---
2025-02-14 18:38:22,396 - INFO - Iteration 0
2025-02-14 18:38:27,022 - INFO - Code edit generation: 2 retries left
2025-02-14 18:38:40,566 - INFO - Iteration 1
2025-02-14 18:38:46,639 - INFO - Code edit generation: 2 retries left
2025-02-14 18:38:59,011 - INFO - Iteration 2
2025-02-14 18:39:04,579 - INFO - Code edit generation: 2 retries left
2025-02-14 18:39:17,291 - INFO - Iteration 3
2025-02-14 18:39:25,698 - INFO - Code edit generation: 2 retries left
2025-02-14 18:39:39,300 - INFO - Iteration 4
2025-02-14 18:39:45,513 - INFO - Code edit generation: 2 retries left
2025-02-14 18:39:58,181 - INFO - Iteration 5
2025-02-14 18:40:06,428 - INFO - Code edit generation: 2 retries left
2025-02-14 18:40:26,153 - INFO - Iteration 6
2025-02-14 18:40:31,781 - INFO - Code edit generation: 2 retries left
2025-02-14 18:40:45,273 - INFO - Iteration 7
2025-02-14 18:40:50,777 - INFO - Code edit generation: 2 retries left
2025-02-14 18:41:06,438 - INFO - Iteration 8
2025-02-14 18:41:12,383 - INFO - Code edit generation: 2 retries left
2025-02-14 18:41:26,333 - INFO - Iteration 9
2025-02-14 18:41:35,398 - INFO - Code edit generation: 2 retries left
2025-02-14 18:41:51,757 - INFO - ---entrepreneur_slide_9 (77/195)---
2025-02-14 18:41:51,758 - INFO - ---environment_slide_1 (78/195)---
2025-02-14 18:41:51,759 - INFO - Iteration 0
2025-02-14 18:41:58,155 - INFO - Code edit generation: 2 retries left
2025-02-14 18:42:12,755 - INFO - Code edit generation: 1 retries left
2025-02-14 18:42:29,086 - INFO - ---environment_slide_10 (79/195)---
2025-02-14 18:42:29,086 - INFO - Iteration 0
2025-02-14 18:42:34,686 - INFO - Code edit generation: 2 retries left
2025-02-14 18:42:45,178 - INFO - Iteration 1
2025-02-14 18:42:50,189 - INFO - Code edit generation: 2 retries left
2025-02-14 18:42:58,967 - INFO - Code edit generation: 1 retries left
2025-02-14 18:43:15,104 - INFO - Iteration 2
2025-02-14 18:43:20,374 - INFO - Code edit generation: 2 retries left
2025-02-14 18:43:29,561 - INFO - Iteration 3
2025-02-14 18:43:34,760 - INFO - Code edit generation: 2 retries left
2025-02-14 18:43:44,318 - INFO - Iteration 4
2025-02-14 18:43:49,230 - INFO - Code edit generation: 2 retries left
2025-02-14 18:44:03,585 - INFO - Iteration 5
2025-02-14 18:44:08,526 - INFO - Code edit generation: 2 retries left
2025-02-14 18:44:16,212 - INFO - Iteration 6
2025-02-14 18:44:21,431 - INFO - Code edit generation: 2 retries left
2025-02-14 18:44:30,573 - INFO - Iteration 7
2025-02-14 18:44:36,283 - INFO - Code edit generation: 2 retries left
2025-02-14 18:44:43,711 - INFO - Iteration 8
2025-02-14 18:44:49,986 - INFO - Code edit generation: 2 retries left
2025-02-14 18:44:58,743 - INFO - Iteration 9
2025-02-14 18:45:03,035 - INFO - Code edit generation: 2 retries left
2025-02-14 18:45:15,133 - INFO - ---environment_slide_2 (80/195)---
2025-02-14 18:45:15,134 - INFO - Iteration 0
2025-02-14 18:45:22,096 - INFO - Code edit generation: 2 retries left
2025-02-14 18:45:34,112 - INFO - Iteration 1
2025-02-14 18:45:40,899 - INFO - Code edit generation: 2 retries left
2025-02-14 18:45:53,272 - INFO - Iteration 2
2025-02-14 18:45:58,577 - INFO - Code edit generation: 2 retries left
2025-02-14 18:46:09,854 - INFO - Iteration 3
2025-02-14 18:46:15,742 - INFO - Code edit generation: 2 retries left
2025-02-14 18:46:28,625 - INFO - Iteration 4
2025-02-14 18:46:35,124 - INFO - Code edit generation: 2 retries left
2025-02-14 18:46:48,309 - INFO - Iteration 5
2025-02-14 18:46:53,813 - INFO - Code edit generation: 2 retries left
2025-02-14 18:47:08,283 - INFO - Iteration 6
2025-02-14 18:47:12,856 - INFO - Code edit generation: 2 retries left
2025-02-14 18:47:27,688 - INFO - Iteration 7
2025-02-14 18:47:33,217 - INFO - Code edit generation: 2 retries left
2025-02-14 18:47:43,109 - INFO - Iteration 8
2025-02-14 18:47:48,601 - INFO - Code edit generation: 2 retries left
2025-02-14 18:48:03,325 - INFO - Iteration 9
2025-02-14 18:48:09,738 - INFO - Code edit generation: 2 retries left
2025-02-14 18:48:20,866 - INFO - ---environment_slide_3 (81/195)---
2025-02-14 18:48:20,866 - INFO - Iteration 0
2025-02-14 18:48:27,668 - INFO - Code edit generation: 2 retries left
2025-02-14 18:48:38,013 - INFO - Code edit generation: 1 retries left
2025-02-14 18:48:50,902 - INFO - ---environment_slide_4 (82/195)---
2025-02-14 18:48:50,902 - INFO - Iteration 0
2025-02-14 18:48:56,579 - INFO - Code edit generation: 2 retries left
2025-02-14 18:49:09,732 - INFO - Iteration 1
2025-02-14 18:49:16,240 - INFO - Code edit generation: 2 retries left
2025-02-14 18:49:32,185 - INFO - Iteration 2
2025-02-14 18:49:37,526 - INFO - Code edit generation: 2 retries left
2025-02-14 18:49:52,035 - INFO - Iteration 3
2025-02-14 18:49:58,008 - INFO - Code edit generation: 2 retries left
2025-02-14 18:50:10,231 - INFO - Iteration 4
2025-02-14 18:50:18,202 - INFO - Code edit generation: 2 retries left
2025-02-14 18:50:33,594 - INFO - Iteration 5
2025-02-14 18:50:39,828 - INFO - Code edit generation: 2 retries left
2025-02-14 18:50:51,303 - INFO - Iteration 6
2025-02-14 18:50:58,712 - INFO - Code edit generation: 2 retries left
2025-02-14 18:51:14,389 - INFO - Iteration 7
2025-02-14 18:51:21,036 - INFO - Code edit generation: 2 retries left
2025-02-14 18:51:32,651 - INFO - Iteration 8
2025-02-14 18:51:38,435 - INFO - Code edit generation: 2 retries left
2025-02-14 18:51:50,689 - INFO - Iteration 9
2025-02-14 18:52:00,552 - INFO - Code edit generation: 2 retries left
2025-02-14 18:52:14,314 - INFO - ---environment_slide_5 (83/195)---
2025-02-14 18:52:14,315 - INFO - Iteration 0
2025-02-14 18:52:19,497 - INFO - Code edit generation: 2 retries left
2025-02-14 18:52:33,761 - INFO - Iteration 1
2025-02-14 18:52:44,990 - INFO - Code edit generation: 2 retries left
2025-02-14 18:52:58,566 - INFO - Iteration 2
2025-02-14 18:53:04,063 - INFO - Code edit generation: 2 retries left
2025-02-14 18:53:14,113 - INFO - Iteration 3
2025-02-14 18:53:18,820 - INFO - Code edit generation: 2 retries left
2025-02-14 18:53:32,054 - INFO - Iteration 4
2025-02-14 18:53:37,696 - INFO - Code edit generation: 2 retries left
2025-02-14 18:53:48,390 - INFO - Iteration 5
2025-02-14 18:53:54,236 - INFO - Code edit generation: 2 retries left
2025-02-14 18:54:07,624 - INFO - Iteration 6
2025-02-14 18:54:13,498 - INFO - Code edit generation: 2 retries left
2025-02-14 18:54:28,541 - INFO - Iteration 7
2025-02-14 18:54:34,106 - INFO - Code edit generation: 2 retries left
2025-02-14 18:54:49,536 - INFO - Iteration 8
2025-02-14 18:54:55,470 - INFO - Code edit generation: 2 retries left
2025-02-14 18:55:05,281 - INFO - Iteration 9
2025-02-14 18:55:09,430 - INFO - Code edit generation: 2 retries left
2025-02-14 18:55:19,255 - INFO - ---environment_slide_6 (84/195)---
2025-02-14 18:55:19,256 - INFO - Iteration 0
2025-02-14 18:55:25,328 - INFO - Code edit generation: 2 retries left
2025-02-14 18:55:34,029 - INFO - Iteration 1
2025-02-14 18:55:39,881 - INFO - Code edit generation: 2 retries left
2025-02-14 18:55:51,991 - INFO - Iteration 2
2025-02-14 18:56:00,328 - INFO - Code edit generation: 2 retries left
2025-02-14 18:56:12,108 - INFO - Iteration 3
2025-02-14 18:56:18,953 - INFO - Code edit generation: 2 retries left
2025-02-14 18:56:40,467 - INFO - Code edit generation: 1 retries left
2025-02-14 18:56:53,321 - INFO - Iteration 4
2025-02-14 18:56:59,157 - INFO - Code edit generation: 2 retries left
2025-02-14 18:57:11,768 - INFO - Iteration 5
2025-02-14 18:57:19,070 - INFO - Code edit generation: 2 retries left
2025-02-14 18:57:30,501 - INFO - Iteration 6
2025-02-14 18:57:39,661 - INFO - Code edit generation: 2 retries left
2025-02-14 18:57:51,440 - INFO - Iteration 7
2025-02-14 18:57:57,190 - INFO - Code edit generation: 2 retries left
2025-02-14 18:58:14,364 - INFO - Iteration 8
2025-02-14 18:58:20,455 - INFO - Code edit generation: 2 retries left
2025-02-14 18:58:36,068 - INFO - Code edit generation: 1 retries left
2025-02-14 18:58:50,712 - INFO - Iteration 9
2025-02-14 18:58:58,141 - INFO - Code edit generation: 2 retries left
2025-02-14 18:59:12,465 - INFO - ---environment_slide_7 (85/195)---
2025-02-14 18:59:12,466 - INFO - Iteration 0
2025-02-14 18:59:20,626 - INFO - Code edit generation: 2 retries left
2025-02-14 18:59:33,152 - INFO - Iteration 1
2025-02-14 18:59:39,185 - INFO - Code edit generation: 2 retries left
2025-02-14 18:59:52,827 - INFO - Iteration 2
2025-02-14 19:00:00,246 - INFO - Code edit generation: 2 retries left
2025-02-14 19:00:13,474 - INFO - Iteration 3
2025-02-14 19:00:21,335 - INFO - Code edit generation: 2 retries left
2025-02-14 19:00:34,451 - INFO - Code edit generation: 1 retries left
2025-02-14 19:00:51,897 - INFO - ---environment_slide_8 (86/195)---
2025-02-14 19:00:51,898 - INFO - Iteration 0
2025-02-14 19:00:58,211 - INFO - Code edit generation: 2 retries left
2025-02-14 19:01:10,541 - INFO - Code edit generation: 1 retries left
2025-02-14 19:01:21,481 - INFO - ---environment_slide_9 (87/195)---
2025-02-14 19:01:21,482 - INFO - Iteration 0
2025-02-14 19:01:30,105 - INFO - Code edit generation: 2 retries left
2025-02-14 19:01:40,331 - INFO - Iteration 1
2025-02-14 19:01:47,906 - INFO - Code edit generation: 2 retries left
2025-02-14 19:02:00,480 - INFO - Iteration 2
2025-02-14 19:02:05,924 - INFO - Code edit generation: 2 retries left
2025-02-14 19:02:17,773 - INFO - Iteration 3
2025-02-14 19:02:23,304 - INFO - Code edit generation: 2 retries left
2025-02-14 19:02:34,843 - INFO - Code edit generation: 1 retries left
2025-02-14 19:02:47,720 - INFO - ---food_slide_1 (88/195)---
2025-02-14 19:02:47,720 - INFO - ---food_slide_10 (89/195)---
2025-02-14 19:02:47,720 - INFO - Iteration 0
2025-02-14 19:02:53,200 - INFO - Code edit generation: 2 retries left
2025-02-14 19:03:13,134 - INFO - Iteration 1
2025-02-14 19:03:19,874 - INFO - Code edit generation: 2 retries left
2025-02-14 19:03:41,096 - INFO - Iteration 2
2025-02-14 19:03:46,046 - INFO - Code edit generation: 2 retries left
2025-02-14 19:04:12,014 - INFO - Iteration 3
2025-02-14 19:04:20,032 - INFO - Code edit generation: 2 retries left
2025-02-14 19:04:39,523 - INFO - Iteration 4
2025-02-14 19:04:43,753 - INFO - Code edit generation: 2 retries left
2025-02-14 19:05:05,114 - INFO - Iteration 5
2025-02-14 19:05:10,470 - INFO - Code edit generation: 2 retries left
2025-02-14 19:05:13,807 - INFO - Code edit generation: 1 retries left
2025-02-14 19:05:39,277 - INFO - Iteration 6
2025-02-14 19:05:44,021 - INFO - Code edit generation: 2 retries left
2025-02-14 19:06:10,420 - INFO - Iteration 7
2025-02-14 19:06:15,830 - INFO - Code edit generation: 2 retries left
2025-02-14 19:06:38,204 - INFO - Iteration 8
2025-02-14 19:06:43,248 - INFO - Code edit generation: 2 retries left
2025-02-14 19:07:11,156 - INFO - Iteration 9
2025-02-14 19:07:16,114 - INFO - Code edit generation: 2 retries left
2025-02-14 19:07:37,896 - INFO - ---food_slide_11 (90/195)---
2025-02-14 19:07:37,897 - INFO - ---food_slide_12 (91/195)---
2025-02-14 19:07:37,897 - INFO - Iteration 0
2025-02-14 19:07:44,682 - INFO - Code edit generation: 2 retries left
2025-02-14 19:07:57,038 - INFO - Iteration 1
2025-02-14 19:08:02,996 - INFO - Code edit generation: 2 retries left
2025-02-14 19:08:17,524 - INFO - Iteration 2
2025-02-14 19:08:25,114 - INFO - Code edit generation: 2 retries left
2025-02-14 19:08:38,568 - INFO - Iteration 3
2025-02-14 19:08:45,018 - INFO - Code edit generation: 2 retries left
2025-02-14 19:09:03,311 - INFO - Iteration 4
2025-02-14 19:09:09,431 - INFO - Code edit generation: 2 retries left
2025-02-14 19:09:25,717 - INFO - Iteration 5
2025-02-14 19:09:31,882 - INFO - Code edit generation: 2 retries left
2025-02-14 19:09:50,456 - INFO - Iteration 6
2025-02-14 19:09:55,845 - INFO - Code edit generation: 2 retries left
2025-02-14 19:10:09,344 - INFO - Iteration 7
2025-02-14 19:10:16,277 - INFO - Code edit generation: 2 retries left
2025-02-14 19:10:28,219 - INFO - Iteration 8
2025-02-14 19:10:35,333 - INFO - Code edit generation: 2 retries left
2025-02-14 19:10:48,053 - INFO - Iteration 9
2025-02-14 19:10:53,953 - INFO - Code edit generation: 2 retries left
2025-02-14 19:11:08,247 - INFO - ---food_slide_13 (92/195)---
2025-02-14 19:11:08,248 - INFO - Iteration 0
2025-02-14 19:11:13,124 - INFO - Code edit generation: 2 retries left
2025-02-14 19:11:33,393 - INFO - Iteration 1
2025-02-14 19:11:38,154 - INFO - Code edit generation: 2 retries left
2025-02-14 19:11:49,688 - INFO - Iteration 2
2025-02-14 19:11:55,465 - INFO - Code edit generation: 2 retries left
2025-02-14 19:12:05,712 - INFO - Iteration 3
2025-02-14 19:12:12,388 - INFO - Code edit generation: 2 retries left
2025-02-14 19:12:33,173 - INFO - Iteration 4
2025-02-14 19:12:38,466 - INFO - Code edit generation: 2 retries left
2025-02-14 19:12:52,759 - INFO - Iteration 5
2025-02-14 19:12:58,028 - INFO - Code edit generation: 2 retries left
2025-02-14 19:13:14,472 - INFO - Iteration 6
2025-02-14 19:13:23,257 - INFO - Code edit generation: 2 retries left
2025-02-14 19:13:34,196 - INFO - Iteration 7
2025-02-14 19:13:41,491 - INFO - Code edit generation: 2 retries left
2025-02-14 19:13:52,064 - INFO - Iteration 8
2025-02-14 19:13:57,193 - INFO - Code edit generation: 2 retries left
2025-02-14 19:14:13,901 - INFO - Iteration 9
2025-02-14 19:14:19,879 - INFO - Code edit generation: 2 retries left
2025-02-14 19:14:34,980 - INFO - ---food_slide_14 (93/195)---
2025-02-14 19:14:34,981 - INFO - Iteration 0
2025-02-14 19:14:42,866 - INFO - Code edit generation: 2 retries left
2025-02-14 19:14:56,530 - INFO - Iteration 1
2025-02-14 19:15:01,655 - INFO - Code edit generation: 2 retries left
2025-02-14 19:15:21,286 - INFO - Iteration 2
2025-02-14 19:15:28,140 - INFO - Code edit generation: 2 retries left
2025-02-14 19:15:45,099 - INFO - Iteration 3
2025-02-14 19:15:50,691 - INFO - Code edit generation: 2 retries left
2025-02-14 19:16:03,080 - INFO - Iteration 4
2025-02-14 19:16:07,408 - INFO - Code edit generation: 2 retries left
2025-02-14 19:16:21,901 - INFO - Iteration 5
2025-02-14 19:16:26,839 - INFO - Code edit generation: 2 retries left
2025-02-14 19:16:40,370 - INFO - Iteration 6
2025-02-14 19:16:46,103 - INFO - Code edit generation: 2 retries left
2025-02-14 19:16:58,351 - INFO - Iteration 7
2025-02-14 19:17:03,949 - INFO - Code edit generation: 2 retries left
2025-02-14 19:17:16,751 - INFO - Iteration 8
2025-02-14 19:17:21,582 - INFO - Code edit generation: 2 retries left
2025-02-14 19:17:43,500 - INFO - Iteration 9
2025-02-14 19:17:50,146 - INFO - Code edit generation: 2 retries left
2025-02-14 19:18:05,266 - INFO - ---food_slide_15 (94/195)---
2025-02-14 19:18:05,270 - INFO - ---food_slide_16 (95/195)---
2025-02-14 19:18:05,271 - INFO - ---food_slide_17 (96/195)---
2025-02-14 19:18:05,271 - INFO - Iteration 0
2025-02-14 19:18:14,907 - INFO - Code edit generation: 2 retries left
2025-02-14 19:18:27,657 - INFO - Iteration 1
2025-02-14 19:18:32,961 - INFO - Code edit generation: 2 retries left
2025-02-14 19:18:52,047 - INFO - Iteration 2
2025-02-14 19:19:02,118 - INFO - Code edit generation: 2 retries left
2025-02-14 19:19:20,358 - INFO - Iteration 3
2025-02-14 19:19:26,683 - INFO - Code edit generation: 2 retries left
2025-02-14 19:19:47,680 - INFO - Iteration 4
2025-02-14 19:19:52,632 - INFO - Code edit generation: 2 retries left
2025-02-14 19:20:10,903 - INFO - Iteration 5
2025-02-14 19:20:16,089 - INFO - Code edit generation: 2 retries left
2025-02-14 19:20:34,799 - INFO - Iteration 6
2025-02-14 19:20:39,307 - INFO - Code edit generation: 2 retries left
2025-02-14 19:20:50,203 - INFO - Code edit generation: 1 retries left
2025-02-14 19:21:11,497 - INFO - Iteration 7
2025-02-14 19:21:20,591 - INFO - Code edit generation: 2 retries left
2025-02-14 19:21:43,747 - INFO - Iteration 8
2025-02-14 19:21:48,261 - INFO - Code edit generation: 2 retries left
2025-02-14 19:22:09,000 - INFO - Iteration 9
2025-02-14 19:22:14,483 - INFO - Code edit generation: 2 retries left
2025-02-14 19:22:37,182 - INFO - ---food_slide_18 (97/195)---
2025-02-14 19:22:37,183 - INFO - Iteration 0
2025-02-14 19:22:43,045 - INFO - Code edit generation: 2 retries left
2025-02-14 19:23:01,209 - INFO - Iteration 1
2025-02-14 19:23:07,983 - INFO - Code edit generation: 2 retries left
2025-02-14 19:23:24,883 - INFO - Iteration 2
2025-02-14 19:23:30,773 - INFO - Code edit generation: 2 retries left
2025-02-14 19:24:00,482 - INFO - Iteration 3
2025-02-14 19:24:05,278 - INFO - Code edit generation: 2 retries left
2025-02-14 19:24:23,192 - INFO - Iteration 4
2025-02-14 19:24:28,344 - INFO - Code edit generation: 2 retries left
2025-02-14 19:25:03,845 - INFO - Iteration 5
2025-02-14 19:25:08,284 - INFO - Code edit generation: 2 retries left
2025-02-14 19:25:27,220 - INFO - Iteration 6
2025-02-14 19:25:32,150 - INFO - Code edit generation: 2 retries left
2025-02-14 19:25:55,706 - INFO - Iteration 7
2025-02-14 19:26:00,756 - INFO - Code edit generation: 2 retries left
2025-02-14 19:26:20,894 - INFO - Iteration 8
2025-02-14 19:26:26,302 - INFO - Code edit generation: 2 retries left
2025-02-14 19:26:43,093 - INFO - Iteration 9
2025-02-14 19:26:48,028 - INFO - Code edit generation: 2 retries left
2025-02-14 19:27:05,703 - INFO - Code edit generation: 1 retries left
2025-02-14 19:27:28,567 - INFO - ---food_slide_19 (98/195)---
2025-02-14 19:27:28,568 - INFO - Iteration 0
2025-02-14 19:27:33,824 - INFO - Code edit generation: 2 retries left
2025-02-14 19:28:04,478 - INFO - Iteration 1
2025-02-14 19:28:09,270 - INFO - Code edit generation: 2 retries left
2025-02-14 19:28:22,957 - INFO - Iteration 2
2025-02-14 19:28:27,281 - INFO - Code edit generation: 2 retries left
2025-02-14 19:28:39,607 - INFO - Code edit generation: 1 retries left
2025-02-14 19:28:58,471 - INFO - ---food_slide_2 (99/195)---
2025-02-14 19:28:58,471 - INFO - ---food_slide_20 (100/195)---
2025-02-14 19:28:58,472 - INFO - ---food_slide_21 (101/195)---
2025-02-14 19:28:58,472 - INFO - Iteration 0
2025-02-14 19:29:03,248 - INFO - Code edit generation: 2 retries left
2025-02-14 19:29:20,128 - INFO - Iteration 1
2025-02-14 19:29:24,885 - INFO - Code edit generation: 2 retries left
2025-02-14 19:29:41,965 - INFO - Iteration 2
2025-02-14 19:29:46,948 - INFO - Code edit generation: 2 retries left
2025-02-14 19:30:07,515 - INFO - Iteration 3
2025-02-14 19:30:12,300 - INFO - Code edit generation: 2 retries left
2025-02-14 19:30:32,136 - INFO - Iteration 4
2025-02-14 19:30:37,699 - INFO - Code edit generation: 2 retries left
2025-02-14 19:30:59,333 - INFO - Iteration 5
2025-02-14 19:31:04,459 - INFO - Code edit generation: 2 retries left
2025-02-14 19:31:25,357 - INFO - Iteration 6
2025-02-14 19:31:30,325 - INFO - Code edit generation: 2 retries left
2025-02-14 19:31:45,975 - INFO - Iteration 7
2025-02-14 19:31:50,555 - INFO - Code edit generation: 2 retries left
2025-02-14 19:32:07,961 - INFO - Iteration 8
2025-02-14 19:32:13,267 - INFO - Code edit generation: 2 retries left
2025-02-14 19:32:30,880 - INFO - Iteration 9
2025-02-14 19:32:39,671 - INFO - Code edit generation: 2 retries left
2025-02-14 19:33:01,080 - INFO - ---food_slide_22 (102/195)---
2025-02-14 19:33:01,081 - INFO - Iteration 0
2025-02-14 19:33:06,996 - INFO - Code edit generation: 2 retries left
2025-02-14 19:33:25,609 - INFO - Code edit generation: 1 retries left
2025-02-14 19:33:48,164 - INFO - ---food_slide_23 (103/195)---
2025-02-14 19:33:48,165 - INFO - Iteration 0
2025-02-14 19:33:54,550 - INFO - Code edit generation: 2 retries left
2025-02-14 19:34:16,330 - INFO - Iteration 1
2025-02-14 19:34:22,311 - INFO - Code edit generation: 2 retries left
2025-02-14 19:34:36,407 - INFO - Iteration 2
2025-02-14 19:34:40,919 - INFO - Code edit generation: 2 retries left
2025-02-14 19:34:56,504 - INFO - Code edit generation: 1 retries left
2025-02-14 19:35:14,478 - INFO - Iteration 3
2025-02-14 19:35:19,757 - INFO - Code edit generation: 2 retries left
2025-02-14 19:35:33,216 - INFO - Iteration 4
2025-02-14 19:35:37,891 - INFO - Code edit generation: 2 retries left
2025-02-14 19:35:53,604 - INFO - Iteration 5
2025-02-14 19:35:58,368 - INFO - Code edit generation: 2 retries left
2025-02-14 19:36:11,615 - INFO - Iteration 6
2025-02-14 19:36:16,283 - INFO - Code edit generation: 2 retries left
2025-02-14 19:36:30,819 - INFO - Iteration 7
2025-02-14 19:36:35,166 - INFO - Code edit generation: 2 retries left
2025-02-14 19:36:53,255 - INFO - Iteration 8
2025-02-14 19:36:58,618 - INFO - Code edit generation: 2 retries left
2025-02-14 19:37:14,560 - INFO - Iteration 9
2025-02-14 19:37:19,896 - INFO - Code edit generation: 2 retries left
2025-02-14 19:37:36,381 - INFO - ---food_slide_24 (104/195)---
2025-02-14 19:37:36,385 - INFO - Iteration 0
2025-02-14 19:37:41,228 - INFO - Code edit generation: 2 retries left
2025-02-14 19:38:03,249 - INFO - Iteration 1
2025-02-14 19:38:07,719 - INFO - Code edit generation: 2 retries left
2025-02-14 19:38:23,599 - INFO - Iteration 2
2025-02-14 19:38:28,115 - INFO - Code edit generation: 2 retries left
2025-02-14 19:38:42,411 - INFO - Iteration 3
2025-02-14 19:38:47,342 - INFO - Code edit generation: 2 retries left
2025-02-14 19:39:02,257 - INFO - Iteration 4
2025-02-14 19:39:07,335 - INFO - Code edit generation: 2 retries left
2025-02-14 19:39:22,124 - INFO - Iteration 5
2025-02-14 19:39:27,221 - INFO - Code edit generation: 2 retries left
2025-02-14 19:39:43,496 - INFO - Iteration 6
2025-02-14 19:39:51,280 - INFO - Code edit generation: 2 retries left
2025-02-14 19:40:08,626 - INFO - Iteration 7
2025-02-14 19:40:16,190 - INFO - Code edit generation: 2 retries left
2025-02-14 19:40:32,951 - INFO - Iteration 8
2025-02-14 19:40:37,908 - INFO - Code edit generation: 2 retries left
2025-02-14 19:40:55,842 - INFO - Iteration 9
2025-02-14 19:41:01,918 - INFO - Code edit generation: 2 retries left
2025-02-14 19:41:22,563 - INFO - Code edit generation: 1 retries left
2025-02-14 19:41:41,165 - INFO - ---food_slide_25 (105/195)---
2025-02-14 19:41:41,165 - INFO - ---food_slide_26 (106/195)---
2025-02-14 19:41:41,165 - INFO - Iteration 0
2025-02-14 19:41:48,173 - INFO - Code edit generation: 2 retries left
2025-02-14 19:42:01,941 - INFO - Iteration 1
2025-02-14 19:42:08,311 - INFO - Code edit generation: 2 retries left
2025-02-14 19:42:23,925 - INFO - Code edit generation: 1 retries left
2025-02-14 19:42:38,321 - INFO - ---food_slide_27 (107/195)---
2025-02-14 19:42:38,321 - INFO - Iteration 0
2025-02-14 19:42:42,737 - INFO - Code edit generation: 2 retries left
2025-02-14 19:43:02,212 - INFO - Iteration 1
2025-02-14 19:43:09,189 - INFO - Code edit generation: 2 retries left
2025-02-14 19:43:27,913 - INFO - Iteration 2
2025-02-14 19:43:33,391 - INFO - Code edit generation: 2 retries left
2025-02-14 19:44:02,558 - INFO - Code edit generation: 1 retries left
2025-02-14 19:44:23,825 - INFO - ---food_slide_28 (108/195)---
2025-02-14 19:44:23,825 - INFO - ---food_slide_29 (109/195)---
2025-02-14 19:44:23,825 - INFO - Iteration 0
2025-02-14 19:44:28,279 - INFO - Code edit generation: 2 retries left
2025-02-14 19:44:45,345 - INFO - Iteration 1
2025-02-14 19:44:50,939 - INFO - Code edit generation: 2 retries left
2025-02-14 19:45:08,098 - INFO - Iteration 2
2025-02-14 19:45:14,651 - INFO - Code edit generation: 2 retries left
2025-02-14 19:45:34,987 - INFO - Code edit generation: 1 retries left
2025-02-14 19:45:54,492 - INFO - Iteration 3
2025-02-14 19:46:06,866 - INFO - Code edit generation: 2 retries left
2025-02-14 19:46:25,402 - INFO - Iteration 4
2025-02-14 19:46:30,441 - INFO - Code edit generation: 2 retries left
2025-02-14 19:46:47,098 - INFO - Iteration 5
2025-02-14 19:46:53,773 - INFO - Code edit generation: 2 retries left
2025-02-14 19:47:11,537 - INFO - Iteration 6
2025-02-14 19:47:17,612 - INFO - Code edit generation: 2 retries left
2025-02-14 19:47:40,877 - INFO - Iteration 7
2025-02-14 19:47:45,725 - INFO - Code edit generation: 2 retries left
2025-02-14 19:47:59,712 - INFO - Code edit generation: 1 retries left
2025-02-14 19:48:14,916 - INFO - ---food_slide_3 (110/195)---
2025-02-14 19:48:14,917 - INFO - ---food_slide_30 (111/195)---
2025-02-14 19:48:14,917 - INFO - Iteration 0
2025-02-14 19:48:20,968 - INFO - Code edit generation: 2 retries left
2025-02-14 19:48:36,277 - INFO - Iteration 1
2025-02-14 19:48:41,531 - INFO - Code edit generation: 2 retries left
2025-02-14 19:49:00,831 - INFO - Iteration 2
2025-02-14 19:49:06,247 - INFO - Code edit generation: 2 retries left
2025-02-14 19:49:26,208 - INFO - Iteration 3
2025-02-14 19:49:32,348 - INFO - Code edit generation: 2 retries left
2025-02-14 19:49:49,127 - INFO - Iteration 4
2025-02-14 19:49:53,918 - INFO - Code edit generation: 2 retries left
2025-02-14 19:50:16,818 - INFO - Iteration 5
2025-02-14 19:50:22,395 - INFO - Code edit generation: 2 retries left
2025-02-14 19:50:45,192 - INFO - Iteration 6
2025-02-14 19:50:49,915 - INFO - Code edit generation: 2 retries left
2025-02-14 19:51:05,406 - INFO - Iteration 7
2025-02-14 19:51:11,070 - INFO - Code edit generation: 2 retries left
2025-02-14 19:51:32,073 - INFO - Code edit generation: 1 retries left
2025-02-14 19:51:58,163 - INFO - Iteration 8
2025-02-14 19:52:03,072 - INFO - Code edit generation: 2 retries left
2025-02-14 19:52:27,733 - INFO - Iteration 9
2025-02-14 19:52:33,480 - INFO - Code edit generation: 2 retries left
2025-02-14 19:52:55,345 - INFO - ---food_slide_31 (112/195)---
2025-02-14 19:52:55,346 - INFO - Iteration 0
2025-02-14 19:53:01,897 - INFO - Code edit generation: 2 retries left
2025-02-14 19:53:20,903 - INFO - Iteration 1
2025-02-14 19:53:26,322 - INFO - Code edit generation: 2 retries left
2025-02-14 19:53:39,785 - INFO - Iteration 2
2025-02-14 19:53:45,281 - INFO - Code edit generation: 2 retries left
2025-02-14 19:53:59,237 - INFO - Iteration 3
2025-02-14 19:54:03,570 - INFO - Code edit generation: 2 retries left
2025-02-14 19:54:24,442 - INFO - Iteration 4
2025-02-14 19:54:29,747 - INFO - Code edit generation: 2 retries left
2025-02-14 19:54:52,242 - INFO - Iteration 5
2025-02-14 19:54:56,722 - INFO - Code edit generation: 2 retries left
2025-02-14 19:55:19,676 - INFO - Iteration 6
2025-02-14 19:55:29,633 - INFO - Code edit generation: 2 retries left
2025-02-14 19:55:51,670 - INFO - Iteration 7
2025-02-14 19:55:57,197 - INFO - Code edit generation: 2 retries left
2025-02-14 19:56:32,115 - INFO - Iteration 8
2025-02-14 19:56:37,828 - INFO - Code edit generation: 2 retries left
2025-02-14 19:57:02,563 - INFO - Iteration 9
2025-02-14 19:57:07,781 - INFO - Code edit generation: 2 retries left
2025-02-14 19:57:33,625 - INFO - ---food_slide_32 (113/195)---
2025-02-14 19:57:33,626 - INFO - ---food_slide_4 (114/195)---
2025-02-14 19:57:33,626 - INFO - Iteration 0
2025-02-14 19:57:37,775 - INFO - Code edit generation: 2 retries left
2025-02-14 19:57:56,684 - INFO - Iteration 1
2025-02-14 19:58:02,735 - INFO - Code edit generation: 2 retries left
2025-02-14 19:58:19,424 - INFO - Iteration 2
2025-02-14 19:58:28,927 - INFO - Code edit generation: 2 retries left
2025-02-14 19:58:47,848 - INFO - Iteration 3
2025-02-14 19:58:53,793 - INFO - Code edit generation: 2 retries left
2025-02-14 19:59:19,093 - INFO - Iteration 4
2025-02-14 19:59:23,978 - INFO - Code edit generation: 2 retries left
2025-02-14 19:59:41,045 - INFO - Code edit generation: 1 retries left
2025-02-14 20:00:02,485 - INFO - Iteration 5
2025-02-14 20:00:07,200 - INFO - Code edit generation: 2 retries left
2025-02-14 20:00:37,919 - INFO - Iteration 6
2025-02-14 20:00:44,804 - INFO - Code edit generation: 2 retries left
2025-02-14 20:01:04,956 - INFO - Iteration 7
2025-02-14 20:01:10,117 - INFO - Code edit generation: 2 retries left
2025-02-14 20:01:35,923 - INFO - Iteration 8
2025-02-14 20:01:40,936 - INFO - Code edit generation: 2 retries left
2025-02-14 20:02:04,962 - INFO - Iteration 9
2025-02-14 20:02:11,920 - INFO - Code edit generation: 2 retries left
2025-02-14 20:02:32,982 - INFO - ---food_slide_5 (115/195)---
2025-02-14 20:02:32,983 - INFO - Iteration 0
2025-02-14 20:02:39,205 - INFO - Code edit generation: 2 retries left
2025-02-14 20:02:57,734 - INFO - Code edit generation: 1 retries left
2025-02-14 20:03:28,846 - INFO - ---food_slide_6 (116/195)---
2025-02-14 20:03:28,847 - INFO - Iteration 0
2025-02-14 20:03:35,905 - INFO - Code edit generation: 2 retries left
2025-02-14 20:03:50,566 - INFO - Iteration 1
2025-02-14 20:03:56,054 - INFO - Code edit generation: 2 retries left
2025-02-14 20:04:16,988 - INFO - Iteration 2
2025-02-14 20:04:22,225 - INFO - Code edit generation: 2 retries left
2025-02-14 20:04:46,574 - INFO - Iteration 3
2025-02-14 20:04:51,651 - INFO - Code edit generation: 2 retries left
2025-02-14 20:05:10,916 - INFO - Iteration 4
2025-02-14 20:05:16,945 - INFO - Code edit generation: 2 retries left
2025-02-14 20:05:39,791 - INFO - Code edit generation: 1 retries left
2025-02-14 20:05:56,156 - INFO - ---food_slide_7 (117/195)---
2025-02-14 20:05:56,157 - INFO - ---food_slide_8 (118/195)---
2025-02-14 20:05:56,157 - INFO - ---food_slide_9 (119/195)---
2025-02-14 20:05:56,158 - INFO - Iteration 0
2025-02-14 20:06:02,343 - INFO - Code edit generation: 2 retries left
2025-02-14 20:06:27,484 - INFO - Iteration 1
2025-02-14 20:06:33,492 - INFO - Code edit generation: 2 retries left
2025-02-14 20:07:01,182 - INFO - Iteration 2
2025-02-14 20:07:07,047 - INFO - Code edit generation: 2 retries left
2025-02-14 20:07:28,536 - INFO - Iteration 3
2025-02-14 20:07:35,717 - INFO - Code edit generation: 2 retries left
2025-02-14 20:08:02,030 - INFO - Iteration 4
2025-02-14 20:08:09,453 - INFO - Code edit generation: 2 retries left
2025-02-14 20:08:32,884 - INFO - Iteration 5
2025-02-14 20:08:37,857 - INFO - Code edit generation: 2 retries left
2025-02-14 20:09:05,652 - INFO - Iteration 6
2025-02-14 20:09:11,730 - INFO - Code edit generation: 2 retries left
2025-02-14 20:09:38,271 - INFO - Iteration 7
2025-02-14 20:09:42,354 - INFO - Code edit generation: 2 retries left
2025-02-14 20:10:12,853 - INFO - Iteration 8
2025-02-14 20:10:19,212 - INFO - Code edit generation: 2 retries left
2025-02-14 20:11:10,663 - INFO - Iteration 9
2025-02-14 20:11:16,790 - INFO - Code edit generation: 2 retries left
2025-02-14 20:11:49,683 - INFO - ---marketing_slide_1 (120/195)---
2025-02-14 20:11:49,683 - INFO - Iteration 0
2025-02-14 20:12:04,267 - INFO - Code edit generation: 2 retries left
2025-02-14 20:12:21,682 - INFO - Code edit generation: 1 retries left
2025-02-14 20:12:34,196 - INFO - ---marketing_slide_10 (121/195)---
2025-02-14 20:12:34,196 - INFO - Iteration 0
2025-02-14 20:12:43,455 - INFO - Code edit generation: 2 retries left
2025-02-14 20:12:57,431 - INFO - Iteration 1
2025-02-14 20:13:04,766 - INFO - Code edit generation: 2 retries left
2025-02-14 20:13:23,750 - INFO - Iteration 2
2025-02-14 20:13:29,962 - INFO - Code edit generation: 2 retries left
2025-02-14 20:13:41,684 - INFO - Iteration 3
2025-02-14 20:13:50,508 - INFO - Code edit generation: 2 retries left
2025-02-14 20:14:04,145 - INFO - Iteration 4
2025-02-14 20:14:10,156 - INFO - Code edit generation: 2 retries left
2025-02-14 20:14:22,524 - INFO - Iteration 5
2025-02-14 20:14:28,443 - INFO - Code edit generation: 2 retries left
2025-02-14 20:14:42,164 - INFO - Code edit generation: 1 retries left
2025-02-14 20:14:58,161 - INFO - Iteration 6
2025-02-14 20:15:05,915 - INFO - Code edit generation: 2 retries left
2025-02-14 20:15:21,473 - INFO - Iteration 7
2025-02-14 20:15:26,760 - INFO - Code edit generation: 2 retries left
2025-02-14 20:15:49,644 - INFO - Iteration 8
2025-02-14 20:15:56,129 - INFO - Code edit generation: 2 retries left
2025-02-14 20:16:14,349 - INFO - Iteration 9
2025-02-14 20:16:20,619 - INFO - Code edit generation: 2 retries left
2025-02-14 20:16:54,332 - INFO - Code edit generation: 1 retries left
2025-02-14 20:17:33,363 - INFO - ---marketing_slide_11 (122/195)---
2025-02-14 20:17:33,364 - INFO - Iteration 0
2025-02-14 20:17:41,932 - INFO - Code edit generation: 2 retries left
2025-02-14 20:17:52,460 - INFO - Iteration 1
2025-02-14 20:18:01,106 - INFO - Code edit generation: 2 retries left
2025-02-14 20:18:13,694 - INFO - Iteration 2
2025-02-14 20:18:21,625 - INFO - Code edit generation: 2 retries left
2025-02-14 20:18:33,557 - INFO - Iteration 3
2025-02-14 20:18:40,998 - INFO - Code edit generation: 2 retries left
2025-02-14 20:18:55,544 - INFO - Iteration 4
2025-02-14 20:19:01,345 - INFO - Code edit generation: 2 retries left
2025-02-14 20:19:24,277 - INFO - Code edit generation: 1 retries left
2025-02-14 20:19:34,232 - INFO - ---marketing_slide_12 (123/195)---
2025-02-14 20:19:34,232 - INFO - Iteration 0
2025-02-14 20:19:42,358 - INFO - Code edit generation: 2 retries left
2025-02-14 20:20:04,851 - INFO - Iteration 1
2025-02-14 20:20:11,721 - INFO - Code edit generation: 2 retries left
2025-02-14 20:20:28,412 - INFO - Iteration 2
2025-02-14 20:20:35,810 - INFO - Code edit generation: 2 retries left
2025-02-14 20:20:54,408 - INFO - Iteration 3
2025-02-14 20:21:02,119 - INFO - Code edit generation: 2 retries left
2025-02-14 20:21:20,770 - INFO - Iteration 4
2025-02-14 20:21:28,896 - INFO - Code edit generation: 2 retries left
2025-02-14 20:21:46,928 - INFO - Iteration 5
2025-02-14 20:21:55,303 - INFO - Code edit generation: 2 retries left
2025-02-14 20:22:11,868 - INFO - Iteration 6
2025-02-14 20:22:19,397 - INFO - Code edit generation: 2 retries left
2025-02-14 20:22:44,010 - INFO - Iteration 7
2025-02-14 20:22:50,750 - INFO - Code edit generation: 2 retries left
2025-02-14 20:23:09,300 - INFO - Iteration 8
2025-02-14 20:23:16,407 - INFO - Code edit generation: 2 retries left
2025-02-14 20:23:35,784 - INFO - Iteration 9
2025-02-14 20:23:41,629 - INFO - Code edit generation: 2 retries left
2025-02-14 20:24:04,900 - INFO - ---marketing_slide_13 (124/195)---
2025-02-14 20:24:04,901 - INFO - ---marketing_slide_14 (125/195)---
2025-02-14 20:24:04,901 - INFO - Iteration 0
2025-02-14 20:24:11,696 - INFO - Code edit generation: 2 retries left
2025-02-14 20:24:20,483 - INFO - Iteration 1
2025-02-14 20:24:28,710 - INFO - Code edit generation: 2 retries left
2025-02-14 20:24:41,111 - INFO - Iteration 2
2025-02-14 20:24:47,535 - INFO - Code edit generation: 2 retries left
2025-02-14 20:24:57,912 - INFO - Iteration 3
2025-02-14 20:25:05,083 - INFO - Code edit generation: 2 retries left
2025-02-14 20:25:21,476 - INFO - Code edit generation: 1 retries left
2025-02-14 20:25:33,050 - INFO - ---marketing_slide_15 (126/195)---
2025-02-14 20:25:33,051 - INFO - Iteration 0
2025-02-14 20:25:38,165 - INFO - Code edit generation: 2 retries left
2025-02-14 20:25:49,641 - INFO - Iteration 1
2025-02-14 20:25:55,639 - INFO - Code edit generation: 2 retries left
2025-02-14 20:26:05,725 - INFO - Iteration 2
2025-02-14 20:26:11,147 - INFO - Code edit generation: 2 retries left
2025-02-14 20:26:20,950 - INFO - Iteration 3
2025-02-14 20:26:26,826 - INFO - Code edit generation: 2 retries left
2025-02-14 20:26:34,611 - INFO - Iteration 4
2025-02-14 20:26:40,601 - INFO - Code edit generation: 2 retries left
2025-02-14 20:26:50,503 - INFO - Iteration 5
2025-02-14 20:26:55,316 - INFO - Code edit generation: 2 retries left
2025-02-14 20:27:03,978 - INFO - Iteration 6
2025-02-14 20:27:10,350 - INFO - Code edit generation: 2 retries left
2025-02-14 20:27:21,170 - INFO - Iteration 7
2025-02-14 20:27:25,738 - INFO - Code edit generation: 2 retries left
2025-02-14 20:27:36,400 - INFO - Iteration 8
2025-02-14 20:27:43,676 - INFO - Code edit generation: 2 retries left
2025-02-14 20:27:51,639 - INFO - Iteration 9
2025-02-14 20:27:57,306 - INFO - Code edit generation: 2 retries left
2025-02-14 20:28:09,084 - INFO - Code edit generation: 1 retries left
2025-02-14 20:28:20,044 - INFO - ---marketing_slide_16 (127/195)---
2025-02-14 20:28:20,044 - INFO - Iteration 0
2025-02-14 20:28:26,919 - INFO - Code edit generation: 2 retries left
2025-02-14 20:28:39,559 - INFO - Iteration 1
2025-02-14 20:28:46,556 - INFO - Code edit generation: 2 retries left
2025-02-14 20:29:03,164 - INFO - Iteration 2
2025-02-14 20:29:09,359 - INFO - Code edit generation: 2 retries left
2025-02-14 20:29:25,887 - INFO - Iteration 3
2025-02-14 20:29:38,177 - INFO - Code edit generation: 2 retries left
2025-02-14 20:29:54,575 - INFO - Iteration 4
2025-02-14 20:30:01,887 - INFO - Code edit generation: 2 retries left
2025-02-14 20:30:13,786 - INFO - Iteration 5
2025-02-14 20:30:23,991 - INFO - Code edit generation: 2 retries left
2025-02-14 20:30:38,435 - INFO - Iteration 6
2025-02-14 20:30:46,294 - INFO - Code edit generation: 2 retries left
2025-02-14 20:31:03,808 - INFO - Iteration 7
2025-02-14 20:31:11,035 - INFO - Code edit generation: 2 retries left
2025-02-14 20:31:28,711 - INFO - Iteration 8
2025-02-14 20:31:36,948 - INFO - Code edit generation: 2 retries left
2025-02-14 20:31:55,184 - INFO - Iteration 9
2025-02-14 20:32:02,077 - INFO - Code edit generation: 2 retries left
2025-02-14 20:32:18,178 - INFO - ---marketing_slide_17 (128/195)---
2025-02-14 20:32:18,179 - INFO - Iteration 0
2025-02-14 20:32:24,444 - INFO - Code edit generation: 2 retries left
2025-02-14 20:32:38,479 - INFO - Code edit generation: 1 retries left
2025-02-14 20:32:54,449 - INFO - ---marketing_slide_18 (129/195)---
2025-02-14 20:32:54,450 - INFO - ---marketing_slide_19 (130/195)---
2025-02-14 20:32:54,450 - INFO - Iteration 0
2025-02-14 20:33:02,246 - INFO - Code edit generation: 2 retries left
2025-02-14 20:33:15,542 - INFO - Iteration 1
2025-02-14 20:33:21,152 - INFO - Code edit generation: 2 retries left
2025-02-14 20:33:34,607 - INFO - Iteration 2
2025-02-14 20:33:46,316 - INFO - Code edit generation: 2 retries left
2025-02-14 20:33:58,247 - INFO - Iteration 3
2025-02-14 20:34:06,759 - INFO - Code edit generation: 2 retries left
2025-02-14 20:34:20,781 - INFO - Iteration 4
2025-02-14 20:34:27,050 - INFO - Code edit generation: 2 retries left
2025-02-14 20:34:37,995 - INFO - Iteration 5
2025-02-14 20:34:44,763 - INFO - Code edit generation: 2 retries left
2025-02-14 20:34:57,985 - INFO - Iteration 6
2025-02-14 20:35:03,812 - INFO - Code edit generation: 2 retries left
2025-02-14 20:35:16,233 - INFO - Iteration 7
2025-02-14 20:35:22,868 - INFO - Code edit generation: 2 retries left
2025-02-14 20:35:33,820 - INFO - Iteration 8
2025-02-14 20:35:40,003 - INFO - Code edit generation: 2 retries left
2025-02-14 20:35:51,191 - INFO - Iteration 9
2025-02-14 20:35:56,867 - INFO - Code edit generation: 2 retries left
2025-02-14 20:36:11,970 - INFO - ---marketing_slide_2 (131/195)---
2025-02-14 20:36:11,971 - INFO - Iteration 0
2025-02-14 20:36:19,598 - INFO - Code edit generation: 2 retries left
2025-02-14 20:36:34,890 - INFO - Iteration 1
2025-02-14 20:36:41,806 - INFO - Code edit generation: 2 retries left
2025-02-14 20:36:57,100 - INFO - Code edit generation: 1 retries left
2025-02-14 20:37:11,104 - INFO - ---marketing_slide_20 (132/195)---
2025-02-14 20:37:11,104 - INFO - Iteration 0
2025-02-14 20:37:19,408 - INFO - Code edit generation: 2 retries left
2025-02-14 20:37:37,554 - INFO - Iteration 1
2025-02-14 20:37:46,437 - INFO - Code edit generation: 2 retries left
2025-02-14 20:38:02,888 - INFO - Iteration 2
2025-02-14 20:38:12,876 - INFO - Code edit generation: 2 retries left
2025-02-14 20:38:25,950 - INFO - Iteration 3
2025-02-14 20:38:34,198 - INFO - Code edit generation: 2 retries left
2025-02-14 20:38:51,223 - INFO - Iteration 4
2025-02-14 20:39:00,660 - INFO - Code edit generation: 2 retries left
2025-02-14 20:39:15,526 - INFO - Iteration 5
2025-02-14 20:39:24,363 - INFO - Code edit generation: 2 retries left
2025-02-14 20:39:42,805 - INFO - Iteration 6
2025-02-14 20:39:51,379 - INFO - Code edit generation: 2 retries left
2025-02-14 20:40:06,867 - INFO - Iteration 7
2025-02-14 20:40:15,808 - INFO - Code edit generation: 2 retries left
2025-02-14 20:40:34,738 - INFO - Code edit generation: 1 retries left
2025-02-14 20:40:49,134 - INFO - ---marketing_slide_21 (133/195)---
2025-02-14 20:40:49,134 - INFO - Iteration 0
2025-02-14 20:40:55,405 - INFO - Code edit generation: 2 retries left
2025-02-14 20:41:14,802 - INFO - Iteration 1
2025-02-14 20:41:22,496 - INFO - Code edit generation: 2 retries left
2025-02-14 20:41:41,858 - INFO - Iteration 2
2025-02-14 20:41:47,389 - INFO - Code edit generation: 2 retries left
2025-02-14 20:42:12,175 - INFO - Iteration 3
2025-02-14 20:42:19,167 - INFO - Code edit generation: 2 retries left
2025-02-14 20:42:38,439 - INFO - Iteration 4
2025-02-14 20:42:45,015 - INFO - Code edit generation: 2 retries left
2025-02-14 20:43:13,226 - INFO - Iteration 5
2025-02-14 20:43:19,067 - INFO - Code edit generation: 2 retries left
2025-02-14 20:43:36,719 - INFO - Iteration 6
2025-02-14 20:43:43,040 - INFO - Code edit generation: 2 retries left
2025-02-14 20:44:01,851 - INFO - Iteration 7
2025-02-14 20:44:07,991 - INFO - Code edit generation: 2 retries left
2025-02-14 20:44:30,708 - INFO - Iteration 8
2025-02-14 20:44:36,599 - INFO - Code edit generation: 2 retries left
2025-02-14 20:44:56,809 - INFO - Iteration 9
2025-02-14 20:45:03,348 - INFO - Code edit generation: 2 retries left
2025-02-14 20:45:36,460 - INFO - Code edit generation: 1 retries left
2025-02-14 20:46:10,207 - INFO - ---marketing_slide_22 (134/195)---
2025-02-14 20:46:10,207 - INFO - Iteration 0
2025-02-14 20:46:22,760 - INFO - Code edit generation: 2 retries left
2025-02-14 20:46:35,208 - INFO - Iteration 1
2025-02-14 20:46:44,063 - INFO - Code edit generation: 2 retries left
2025-02-14 20:46:55,770 - INFO - Code edit generation: 1 retries left
2025-02-14 20:47:08,530 - INFO - ---marketing_slide_23 (135/195)---
2025-02-14 20:47:08,530 - INFO - Iteration 0
2025-02-14 20:47:16,698 - INFO - Code edit generation: 2 retries left
2025-02-14 20:47:35,651 - INFO - Iteration 1
2025-02-14 20:47:48,686 - INFO - Code edit generation: 2 retries left
2025-02-14 20:48:07,014 - INFO - Iteration 2
2025-02-14 20:48:13,743 - INFO - Code edit generation: 2 retries left
2025-02-14 20:48:32,324 - INFO - Iteration 3
2025-02-14 20:48:39,427 - INFO - Code edit generation: 2 retries left
2025-02-14 20:48:59,169 - INFO - Iteration 4
2025-02-14 20:49:06,815 - INFO - Code edit generation: 2 retries left
2025-02-14 20:49:45,052 - INFO - Iteration 5
2025-02-14 20:49:51,657 - INFO - Code edit generation: 2 retries left
2025-02-14 20:50:08,054 - INFO - Iteration 6
2025-02-14 20:50:15,957 - INFO - Code edit generation: 2 retries left
2025-02-14 20:50:31,779 - INFO - Iteration 7
2025-02-14 20:50:43,207 - INFO - Code edit generation: 2 retries left
2025-02-14 20:51:00,859 - INFO - Iteration 8
2025-02-14 20:51:08,219 - INFO - Code edit generation: 2 retries left
2025-02-14 20:51:24,078 - INFO - Iteration 9
2025-02-14 20:51:31,740 - INFO - Code edit generation: 2 retries left
2025-02-14 20:51:52,967 - INFO - ---marketing_slide_24 (136/195)---
2025-02-14 20:51:52,971 - INFO - Iteration 0
2025-02-14 20:52:02,359 - INFO - Code edit generation: 2 retries left
2025-02-14 20:52:20,383 - INFO - Iteration 1
2025-02-14 20:52:30,115 - INFO - Code edit generation: 2 retries left
2025-02-14 20:52:56,653 - INFO - Code edit generation: 1 retries left
2025-02-14 20:53:19,491 - INFO - ---marketing_slide_25 (137/195)---
2025-02-14 20:53:19,491 - INFO - ---marketing_slide_26 (138/195)---
2025-02-14 20:53:19,492 - INFO - ---marketing_slide_27 (139/195)---
2025-02-14 20:53:19,492 - INFO - Iteration 0
2025-02-14 20:53:28,317 - INFO - Code edit generation: 2 retries left
2025-02-14 20:53:45,803 - INFO - Iteration 1
2025-02-14 20:53:55,266 - INFO - Code edit generation: 2 retries left
2025-02-14 20:54:13,971 - INFO - Iteration 2
2025-02-14 20:54:22,300 - INFO - Code edit generation: 2 retries left
2025-02-14 20:54:41,777 - INFO - Iteration 3
2025-02-14 20:54:49,485 - INFO - Code edit generation: 2 retries left
2025-02-14 20:55:06,216 - INFO - Iteration 4
2025-02-14 20:55:14,732 - INFO - Code edit generation: 2 retries left
2025-02-14 20:55:33,449 - INFO - Iteration 5
2025-02-14 20:55:42,068 - INFO - Code edit generation: 2 retries left
2025-02-14 20:56:11,932 - INFO - Iteration 6
2025-02-14 20:56:21,153 - INFO - Code edit generation: 2 retries left
2025-02-14 20:56:34,778 - INFO - Iteration 7
2025-02-14 20:56:43,737 - INFO - Code edit generation: 2 retries left
2025-02-14 20:58:31,647 - INFO - Iteration 8
2025-02-14 20:58:41,355 - INFO - Code edit generation: 2 retries left
2025-02-14 20:58:58,285 - INFO - Iteration 9
2025-02-14 20:59:05,915 - INFO - Code edit generation: 2 retries left
2025-02-14 20:59:18,897 - INFO - ---marketing_slide_28 (140/195)---
2025-02-14 20:59:18,898 - INFO - ---marketing_slide_29 (141/195)---
2025-02-14 20:59:18,898 - INFO - Iteration 0
2025-02-14 20:59:25,642 - INFO - Code edit generation: 2 retries left
2025-02-14 20:59:45,579 - INFO - Iteration 1
2025-02-14 20:59:52,180 - INFO - Code edit generation: 2 retries left
2025-02-14 21:00:05,114 - INFO - Code edit generation: 1 retries left
2025-02-14 21:00:22,814 - INFO - ---marketing_slide_3 (142/195)---
2025-02-14 21:00:22,814 - INFO - Iteration 0
2025-02-14 21:00:28,562 - INFO - Code edit generation: 2 retries left
2025-02-14 21:00:53,842 - INFO - Code edit generation: 1 retries left
2025-02-14 21:01:04,135 - INFO - ---marketing_slide_30 (143/195)---
2025-02-14 21:01:04,135 - INFO - Iteration 0
2025-02-14 21:01:11,846 - INFO - Code edit generation: 2 retries left
2025-02-14 21:01:31,107 - INFO - Iteration 1
2025-02-14 21:01:38,713 - INFO - Code edit generation: 2 retries left
2025-02-14 21:01:57,750 - INFO - Iteration 2
2025-02-14 21:02:06,730 - INFO - Code edit generation: 2 retries left
2025-02-14 21:02:32,784 - INFO - Iteration 3
2025-02-14 21:02:39,975 - INFO - Code edit generation: 2 retries left
2025-02-14 21:02:55,790 - INFO - Iteration 4
2025-02-14 21:03:03,385 - INFO - Code edit generation: 2 retries left
2025-02-14 21:03:22,879 - INFO - Iteration 5
2025-02-14 21:03:30,681 - INFO - Code edit generation: 2 retries left
2025-02-14 21:05:13,523 - INFO - Iteration 6
2025-02-14 21:05:21,832 - INFO - Code edit generation: 2 retries left
2025-02-14 21:05:45,916 - INFO - Iteration 7
2025-02-14 21:05:54,476 - INFO - Code edit generation: 2 retries left
2025-02-14 21:06:10,679 - INFO - Iteration 8
2025-02-14 21:06:18,579 - INFO - Code edit generation: 2 retries left
2025-02-14 21:06:38,744 - INFO - Iteration 9
2025-02-14 21:06:47,097 - INFO - Code edit generation: 2 retries left
2025-02-14 21:07:03,145 - INFO - ---marketing_slide_31 (144/195)---
2025-02-14 21:07:03,149 - INFO - ---marketing_slide_32 (145/195)---
2025-02-14 21:07:03,149 - INFO - Iteration 0
2025-02-14 21:07:11,423 - INFO - Code edit generation: 2 retries left
2025-02-14 21:07:25,651 - INFO - Iteration 1
2025-02-14 21:07:33,083 - INFO - Code edit generation: 2 retries left
2025-02-14 21:07:43,514 - INFO - Iteration 2
2025-02-14 21:07:52,304 - INFO - Code edit generation: 2 retries left
2025-02-14 21:08:06,712 - INFO - Iteration 3
2025-02-14 21:08:14,759 - INFO - Code edit generation: 2 retries left
2025-02-14 21:08:32,467 - INFO - Iteration 4
2025-02-14 21:08:42,240 - INFO - Code edit generation: 2 retries left
2025-02-14 21:08:53,592 - INFO - Iteration 5
2025-02-14 21:09:00,969 - INFO - Code edit generation: 2 retries left
2025-02-14 21:09:14,404 - INFO - Iteration 6
2025-02-14 21:09:21,889 - INFO - Code edit generation: 2 retries left
2025-02-14 21:09:33,822 - INFO - Iteration 7
2025-02-14 21:09:42,420 - INFO - Code edit generation: 2 retries left
2025-02-14 21:09:58,687 - INFO - Iteration 8
2025-02-14 21:10:10,800 - INFO - Code edit generation: 2 retries left
2025-02-14 21:10:24,105 - INFO - Iteration 9
2025-02-14 21:10:33,152 - INFO - Code edit generation: 2 retries left
2025-02-14 21:10:50,999 - INFO - ---marketing_slide_33 (146/195)---
2025-02-14 21:10:51,000 - INFO - Iteration 0
2025-02-14 21:11:02,194 - INFO - Code edit generation: 2 retries left
2025-02-14 21:11:19,982 - INFO - Iteration 1
2025-02-14 21:11:34,324 - INFO - Code edit generation: 2 retries left
2025-02-14 21:12:07,306 - INFO - Iteration 2
2025-02-14 21:12:16,059 - INFO - Code edit generation: 2 retries left
2025-02-14 21:12:34,115 - INFO - Iteration 3
2025-02-14 21:12:43,100 - INFO - Code edit generation: 2 retries left
2025-02-14 21:12:56,785 - INFO - Iteration 4
2025-02-14 21:13:04,300 - INFO - Code edit generation: 2 retries left
2025-02-14 21:13:21,341 - INFO - Iteration 5
2025-02-14 21:13:30,163 - INFO - Code edit generation: 2 retries left
2025-02-14 21:13:51,231 - INFO - Iteration 6
2025-02-14 21:13:59,985 - INFO - Code edit generation: 2 retries left
2025-02-14 21:14:18,420 - INFO - Iteration 7
2025-02-14 21:14:26,284 - INFO - Code edit generation: 2 retries left
2025-02-14 21:14:42,978 - INFO - Iteration 8
2025-02-14 21:14:52,327 - INFO - Code edit generation: 2 retries left
2025-02-14 21:15:13,665 - INFO - Iteration 9
2025-02-14 21:15:22,331 - INFO - Code edit generation: 2 retries left
2025-02-14 21:15:36,239 - INFO - ---marketing_slide_34 (147/195)---
2025-02-14 21:15:36,240 - INFO - Iteration 0
2025-02-14 21:15:41,738 - INFO - Code edit generation: 2 retries left
2025-02-14 21:15:54,167 - INFO - Iteration 1
2025-02-14 21:16:00,913 - INFO - Code edit generation: 2 retries left
2025-02-14 21:16:15,398 - INFO - Iteration 2
2025-02-14 21:16:21,815 - INFO - Code edit generation: 2 retries left
2025-02-14 21:16:40,368 - INFO - Iteration 3
2025-02-14 21:16:45,405 - INFO - Code edit generation: 2 retries left
2025-02-14 21:16:59,078 - INFO - Iteration 4
2025-02-14 21:17:04,262 - INFO - Code edit generation: 2 retries left
2025-02-14 21:17:17,501 - INFO - Iteration 5
2025-02-14 21:17:23,719 - INFO - Code edit generation: 2 retries left
2025-02-14 21:17:37,213 - INFO - Iteration 6
2025-02-14 21:17:43,612 - INFO - Code edit generation: 2 retries left
2025-02-14 21:17:58,758 - INFO - Iteration 7
2025-02-14 21:18:04,822 - INFO - Code edit generation: 2 retries left
2025-02-14 21:18:21,541 - INFO - Iteration 8
2025-02-14 21:18:26,746 - INFO - Code edit generation: 2 retries left
2025-02-14 21:18:49,529 - INFO - Iteration 9
2025-02-14 21:18:56,525 - INFO - Code edit generation: 2 retries left
2025-02-14 21:19:10,670 - INFO - ---marketing_slide_35 (148/195)---
2025-02-14 21:19:10,672 - INFO - Iteration 0
2025-02-14 21:19:19,005 - INFO - Code edit generation: 2 retries left
2025-02-14 21:19:33,441 - INFO - Iteration 1
2025-02-14 21:19:38,691 - INFO - Code edit generation: 2 retries left
2025-02-14 21:19:55,161 - INFO - Iteration 2
2025-02-14 21:20:00,343 - INFO - Code edit generation: 2 retries left
2025-02-14 21:20:14,953 - INFO - Iteration 3
2025-02-14 21:20:21,743 - INFO - Code edit generation: 2 retries left
2025-02-14 21:20:37,761 - INFO - Iteration 4
2025-02-14 21:20:43,204 - INFO - Code edit generation: 2 retries left
2025-02-14 21:21:06,044 - INFO - Iteration 5
2025-02-14 21:21:11,716 - INFO - Code edit generation: 2 retries left
2025-02-14 21:21:28,207 - INFO - Iteration 6
2025-02-14 21:21:33,900 - INFO - Code edit generation: 2 retries left
2025-02-14 21:21:52,509 - INFO - Iteration 7
2025-02-14 21:21:56,758 - INFO - Code edit generation: 2 retries left
2025-02-14 21:22:13,784 - INFO - Iteration 8
2025-02-14 21:22:22,250 - INFO - Code edit generation: 2 retries left
2025-02-14 21:22:38,010 - INFO - Code edit generation: 1 retries left
2025-02-14 21:22:53,620 - INFO - Iteration 9
2025-02-14 21:22:59,378 - INFO - Code edit generation: 2 retries left
2025-02-14 21:23:17,605 - INFO - ---marketing_slide_36 (149/195)---
2025-02-14 21:23:17,607 - INFO - Iteration 0
2025-02-14 21:23:27,844 - INFO - Code edit generation: 2 retries left
2025-02-14 21:23:43,347 - INFO - Iteration 1
2025-02-14 21:23:51,122 - INFO - Code edit generation: 2 retries left
2025-02-14 21:24:07,113 - INFO - Code edit generation: 1 retries left
2025-02-14 21:24:20,797 - INFO - ---marketing_slide_37 (150/195)---
2025-02-14 21:24:20,798 - INFO - Iteration 0
2025-02-14 21:24:26,495 - INFO - Code edit generation: 2 retries left
2025-02-14 21:24:39,076 - INFO - Iteration 1
2025-02-14 21:24:44,978 - INFO - Code edit generation: 2 retries left
2025-02-14 21:24:57,917 - INFO - Iteration 2
2025-02-14 21:25:05,473 - INFO - Code edit generation: 2 retries left
2025-02-14 21:25:16,131 - INFO - Iteration 3
2025-02-14 21:25:23,051 - INFO - Code edit generation: 2 retries left
2025-02-14 21:25:36,337 - INFO - Iteration 4
2025-02-14 21:25:42,414 - INFO - Code edit generation: 2 retries left
2025-02-14 21:25:55,272 - INFO - Code edit generation: 1 retries left
2025-02-14 21:26:10,728 - INFO - ---marketing_slide_38 (151/195)---
2025-02-14 21:26:10,728 - INFO - ---marketing_slide_39 (152/195)---
2025-02-14 21:26:10,729 - INFO - Iteration 0
2025-02-14 21:26:19,681 - INFO - Code edit generation: 2 retries left
2025-02-14 21:26:41,725 - INFO - Iteration 1
2025-02-14 21:26:50,806 - INFO - Code edit generation: 2 retries left
2025-02-14 21:27:03,635 - INFO - Iteration 2
2025-02-14 21:27:11,465 - INFO - Code edit generation: 2 retries left
2025-02-14 21:27:23,273 - INFO - Iteration 3
2025-02-14 21:27:31,621 - INFO - Code edit generation: 2 retries left
2025-02-14 21:27:42,567 - INFO - Iteration 4
2025-02-14 21:27:49,798 - INFO - Code edit generation: 2 retries left
2025-02-14 21:28:03,298 - INFO - Iteration 5
2025-02-14 21:28:12,939 - INFO - Code edit generation: 2 retries left
2025-02-14 21:28:29,821 - INFO - Iteration 6
2025-02-14 21:28:37,434 - INFO - Code edit generation: 2 retries left
2025-02-14 21:28:50,395 - INFO - Iteration 7
2025-02-14 21:28:57,328 - INFO - Code edit generation: 2 retries left
2025-02-14 21:29:11,423 - INFO - Iteration 8
2025-02-14 21:29:20,127 - INFO - Code edit generation: 2 retries left
2025-02-14 21:29:43,932 - INFO - Iteration 9
2025-02-14 21:29:51,302 - INFO - Code edit generation: 2 retries left
2025-02-14 21:30:06,200 - INFO - ---marketing_slide_4 (153/195)---
2025-02-14 21:30:06,200 - INFO - Iteration 0
2025-02-14 21:30:10,930 - INFO - Code edit generation: 2 retries left
2025-02-14 21:30:33,298 - INFO - Iteration 1
2025-02-14 21:30:46,947 - INFO - Code edit generation: 2 retries left
2025-02-14 21:31:01,891 - INFO - Iteration 2
2025-02-14 21:31:06,739 - INFO - Code edit generation: 2 retries left
2025-02-14 21:31:23,830 - INFO - Iteration 3
2025-02-14 21:31:29,590 - INFO - Code edit generation: 2 retries left
2025-02-14 21:31:44,701 - INFO - Iteration 4
2025-02-14 21:31:51,273 - INFO - Code edit generation: 2 retries left
2025-02-14 21:32:04,347 - INFO - Iteration 5
2025-02-14 21:32:09,307 - INFO - Code edit generation: 2 retries left
2025-02-14 21:32:24,442 - INFO - Iteration 6
2025-02-14 21:32:30,765 - INFO - Code edit generation: 2 retries left
2025-02-14 21:32:43,116 - INFO - Iteration 7
2025-02-14 21:32:47,830 - INFO - Code edit generation: 2 retries left
2025-02-14 21:32:58,956 - INFO - Iteration 8
2025-02-14 21:33:04,516 - INFO - Code edit generation: 2 retries left
2025-02-14 21:33:16,872 - INFO - Iteration 9
2025-02-14 21:33:25,512 - INFO - Code edit generation: 2 retries left
2025-02-14 21:33:38,219 - INFO - ---marketing_slide_40 (154/195)---
2025-02-14 21:33:38,220 - INFO - Iteration 0
2025-02-14 21:33:49,399 - INFO - Code edit generation: 2 retries left
2025-02-14 21:34:03,772 - INFO - Iteration 1
2025-02-14 21:34:15,854 - INFO - Code edit generation: 2 retries left
2025-02-14 21:34:29,784 - INFO - Iteration 2
2025-02-14 21:34:38,907 - INFO - Code edit generation: 2 retries left
2025-02-14 21:34:54,621 - INFO - Code edit generation: 1 retries left
2025-02-14 21:35:04,621 - INFO - ---marketing_slide_41 (155/195)---
2025-02-14 21:35:04,622 - INFO - Iteration 0
2025-02-14 21:35:09,365 - INFO - Code edit generation: 2 retries left
2025-02-14 21:35:21,208 - INFO - Iteration 1
2025-02-14 21:35:25,995 - INFO - Code edit generation: 2 retries left
2025-02-14 21:35:37,335 - INFO - Iteration 2
2025-02-14 21:35:43,693 - INFO - Code edit generation: 2 retries left
2025-02-14 21:35:56,969 - INFO - Iteration 3
2025-02-14 21:36:01,986 - INFO - Code edit generation: 2 retries left
2025-02-14 21:36:13,512 - INFO - Iteration 4
2025-02-14 21:36:19,769 - INFO - Code edit generation: 2 retries left
2025-02-14 21:36:33,477 - INFO - Iteration 5
2025-02-14 21:36:43,021 - INFO - Code edit generation: 2 retries left
2025-02-14 21:37:00,323 - INFO - Iteration 6
2025-02-14 21:37:05,417 - INFO - Code edit generation: 2 retries left
2025-02-14 21:37:17,263 - INFO - Iteration 7
2025-02-14 21:37:22,886 - INFO - Code edit generation: 2 retries left
2025-02-14 21:37:33,840 - INFO - Iteration 8
2025-02-14 21:37:39,279 - INFO - Code edit generation: 2 retries left
2025-02-14 21:37:55,542 - INFO - Code edit generation: 1 retries left
2025-02-14 21:38:07,636 - INFO - ---marketing_slide_42 (156/195)---
2025-02-14 21:38:07,636 - INFO - ---marketing_slide_43 (157/195)---
2025-02-14 21:38:07,636 - INFO - ---marketing_slide_5 (158/195)---
2025-02-14 21:38:07,637 - INFO - Iteration 0
2025-02-14 21:38:15,975 - INFO - Code edit generation: 2 retries left
2025-02-14 21:38:36,073 - INFO - Code edit generation: 1 retries left
2025-02-14 21:38:49,132 - INFO - ---marketing_slide_6 (159/195)---
2025-02-14 21:38:49,132 - INFO - ---marketing_slide_7 (160/195)---
2025-02-14 21:38:49,133 - INFO - Iteration 0
2025-02-14 21:39:00,763 - INFO - Code edit generation: 2 retries left
2025-02-14 21:39:23,983 - INFO - Code edit generation: 1 retries left
2025-02-14 21:39:48,720 - INFO - ---marketing_slide_8 (161/195)---
2025-02-14 21:39:48,720 - INFO - Iteration 0
2025-02-14 21:39:55,244 - INFO - Code edit generation: 2 retries left
2025-02-14 21:40:30,323 - INFO - Code edit generation: 1 retries left
2025-02-14 21:40:44,982 - INFO - Iteration 1
2025-02-14 21:40:54,845 - INFO - Code edit generation: 2 retries left
2025-02-14 21:41:11,782 - INFO - Code edit generation: 1 retries left
2025-02-14 21:41:29,157 - INFO - ---marketing_slide_9 (162/195)---
2025-02-14 21:41:29,157 - INFO - Iteration 0
2025-02-14 21:41:36,767 - INFO - Code edit generation: 2 retries left
2025-02-14 21:42:04,113 - INFO - Iteration 1
2025-02-14 21:42:11,681 - INFO - Code edit generation: 2 retries left
2025-02-14 21:42:36,231 - INFO - Code edit generation: 1 retries left
2025-02-14 21:43:07,123 - INFO - Iteration 2
2025-02-14 21:43:13,678 - INFO - Code edit generation: 2 retries left
2025-02-14 21:43:31,564 - INFO - Iteration 3
2025-02-14 21:43:38,485 - INFO - Code edit generation: 2 retries left
2025-02-14 21:43:56,921 - INFO - Iteration 4
2025-02-14 21:44:03,893 - INFO - Code edit generation: 2 retries left
2025-02-14 21:44:35,055 - INFO - Iteration 5
2025-02-14 21:44:41,971 - INFO - Code edit generation: 2 retries left
2025-02-14 21:44:59,251 - INFO - Iteration 6
2025-02-14 21:45:06,080 - INFO - Code edit generation: 2 retries left
2025-02-14 21:45:25,573 - INFO - Iteration 7
2025-02-14 21:45:31,411 - INFO - Code edit generation: 2 retries left
2025-02-14 21:45:51,320 - INFO - Iteration 8
2025-02-14 21:45:59,071 - INFO - Code edit generation: 2 retries left
2025-02-14 21:46:27,354 - INFO - Iteration 9
2025-02-14 21:46:32,975 - INFO - Code edit generation: 2 retries left
2025-02-14 21:46:51,965 - INFO - ---social_media_slide_1 (163/195)---
2025-02-14 21:46:51,966 - INFO - Iteration 0
2025-02-14 21:46:58,005 - INFO - Code edit generation: 2 retries left
2025-02-14 21:47:05,836 - INFO - Code edit generation: 1 retries left
2025-02-14 21:47:18,816 - INFO - ---social_media_slide_10 (164/195)---
2025-02-14 21:47:18,816 - INFO - Iteration 0
2025-02-14 21:47:23,730 - INFO - Code edit generation: 2 retries left
2025-02-14 21:47:37,366 - INFO - Iteration 1
2025-02-14 21:47:44,536 - INFO - Code edit generation: 2 retries left
2025-02-14 21:48:06,346 - INFO - Iteration 2
2025-02-14 21:48:11,368 - INFO - Code edit generation: 2 retries left
2025-02-14 21:48:37,689 - INFO - Code edit generation: 1 retries left
2025-02-14 21:48:55,073 - INFO - ---social_media_slide_11 (165/195)---
2025-02-14 21:48:55,074 - INFO - Iteration 0
2025-02-14 21:49:04,564 - INFO - Code edit generation: 2 retries left
2025-02-14 21:49:19,312 - INFO - Iteration 1
2025-02-14 21:49:25,787 - INFO - Code edit generation: 2 retries left
2025-02-14 21:49:40,034 - INFO - Iteration 2
2025-02-14 21:49:45,869 - INFO - Code edit generation: 2 retries left
2025-02-14 21:49:59,081 - INFO - Iteration 3
2025-02-14 21:50:05,248 - INFO - Code edit generation: 2 retries left
2025-02-14 21:50:20,505 - INFO - Iteration 4
2025-02-14 21:50:26,183 - INFO - Code edit generation: 2 retries left
2025-02-14 21:50:44,036 - INFO - Iteration 5
2025-02-14 21:50:49,096 - INFO - Code edit generation: 2 retries left
2025-02-14 21:51:07,776 - INFO - Iteration 6
2025-02-14 21:51:12,434 - INFO - Code edit generation: 2 retries left
2025-02-14 21:51:27,734 - INFO - Iteration 7
2025-02-14 21:51:37,199 - INFO - Code edit generation: 2 retries left
2025-02-14 21:51:52,533 - INFO - Iteration 8
2025-02-14 21:51:57,929 - INFO - Code edit generation: 2 retries left
2025-02-14 21:52:16,305 - INFO - Iteration 9
2025-02-14 21:52:22,150 - INFO - Code edit generation: 2 retries left
2025-02-14 21:52:45,219 - INFO - ---social_media_slide_12 (166/195)---
2025-02-14 21:52:45,220 - INFO - Iteration 0
2025-02-14 21:52:52,022 - INFO - Code edit generation: 2 retries left
2025-02-14 21:53:10,198 - INFO - Iteration 1
2025-02-14 21:53:17,024 - INFO - Code edit generation: 2 retries left
2025-02-14 21:53:30,386 - INFO - Iteration 2
2025-02-14 21:53:35,509 - INFO - Code edit generation: 2 retries left
2025-02-14 21:53:50,284 - INFO - Iteration 3
2025-02-14 21:53:55,738 - INFO - Code edit generation: 2 retries left
2025-02-14 21:54:09,549 - INFO - Iteration 4
2025-02-14 21:54:14,514 - INFO - Code edit generation: 2 retries left
2025-02-14 21:54:34,255 - INFO - Iteration 5
2025-02-14 21:54:41,051 - INFO - Code edit generation: 2 retries left
2025-02-14 21:54:55,594 - INFO - Iteration 6
2025-02-14 21:55:01,364 - INFO - Code edit generation: 2 retries left
2025-02-14 21:55:21,367 - INFO - Iteration 7
2025-02-14 21:55:26,238 - INFO - Code edit generation: 2 retries left
2025-02-14 21:55:41,100 - INFO - Iteration 8
2025-02-14 21:55:45,554 - INFO - Code edit generation: 2 retries left
2025-02-14 21:55:49,762 - INFO - Iteration 9
