2025-02-13 04:45:10,072 - INFO - ---design_slide_5 (41/195)---
2025-02-13 04:45:10,072 - INFO - Iteration 0
2025-02-13 04:45:18,741 - INFO - Code edit generation: 2 retries left
2025-02-13 04:45:34,860 - INFO - Iteration 1
2025-02-13 04:45:43,864 - INFO - Code edit generation: 2 retries left
2025-02-13 04:45:59,826 - INFO - Iteration 2
2025-02-13 04:46:07,955 - INFO - Code edit generation: 2 retries left
2025-02-13 04:46:21,979 - INFO - Iteration 3
2025-02-13 04:46:32,359 - INFO - Code edit generation: 2 retries left
2025-02-13 04:46:47,732 - INFO - Code edit generation: 1 retries left
2025-02-13 04:47:21,055 - INFO - ---social_media_slide_6 (42/195)---
2025-02-13 04:47:21,055 - INFO - Iteration 0
2025-02-13 04:47:30,025 - INFO - Code edit generation: 2 retries left
2025-02-13 04:47:44,473 - INFO - Code edit generation: 1 retries left
2025-02-13 04:47:55,664 - INFO - ---business_slide_16 (43/195)---
2025-02-13 04:47:55,664 - INFO - Iteration 0
2025-02-13 04:48:06,810 - INFO - Code edit generation: 2 retries left
2025-02-13 04:48:18,801 - INFO - Iteration 1
2025-02-13 04:48:26,136 - INFO - Code edit generation: 2 retries left
2025-02-13 04:48:36,444 - INFO - Iteration 2
2025-02-13 04:48:44,526 - INFO - Code edit generation: 2 retries left
2025-02-13 04:48:55,404 - INFO - Iteration 3
2025-02-13 04:49:04,939 - INFO - Code edit generation: 2 retries left
2025-02-13 04:49:15,272 - INFO - Iteration 4
2025-02-13 04:49:26,870 - INFO - Code edit generation: 2 retries left
2025-02-13 04:49:40,451 - INFO - Iteration 5
2025-02-13 04:49:48,267 - INFO - Code edit generation: 2 retries left
2025-02-13 04:49:58,944 - INFO - Iteration 6
2025-02-13 04:50:08,029 - INFO - Code edit generation: 2 retries left
2025-02-13 04:50:23,174 - INFO - Iteration 7
2025-02-13 04:50:32,297 - INFO - Code edit generation: 2 retries left
2025-02-13 04:50:49,794 - INFO - Iteration 8
2025-02-13 04:51:02,673 - INFO - Code edit generation: 2 retries left
2025-02-13 04:51:13,332 - INFO - Iteration 9
2025-02-13 04:51:28,804 - INFO - Code edit generation: 2 retries left
2025-02-13 04:51:49,672 - INFO - ---marketing_slide_16 (44/195)---
2025-02-13 04:51:49,673 - INFO - Iteration 0
2025-02-13 04:52:04,129 - INFO - Code edit generation: 2 retries left
2025-02-13 04:52:14,771 - INFO - Code edit generation: 1 retries left
2025-02-13 04:52:56,849 - INFO - ---entrepreneur_slide_6 (45/195)---
2025-02-13 04:52:56,850 - INFO - ---marketing_slide_6 (46/195)---
2025-02-13 04:52:56,850 - INFO - ---food_slide_6 (47/195)---
2025-02-13 04:52:56,850 - INFO - Iteration 0
2025-02-13 04:53:06,684 - INFO - Code edit generation: 2 retries left
2025-02-13 04:53:23,992 - INFO - Code edit generation: 1 retries left
2025-02-13 04:53:35,604 - INFO - ---business_slide_12 (48/195)---
2025-02-13 04:53:35,604 - INFO - Iteration 0
2025-02-13 04:53:53,219 - INFO - Code edit generation: 2 retries left
2025-02-13 04:54:06,819 - INFO - Code edit generation: 1 retries left
2025-02-13 04:54:21,381 - INFO - ---social_media_slide_2 (49/195)---
2025-02-13 04:54:21,381 - INFO - Iteration 0
2025-02-13 04:54:34,344 - INFO - Code edit generation: 2 retries left
2025-02-13 04:54:48,269 - INFO - Iteration 1
2025-02-13 04:55:02,902 - INFO - Code edit generation: 2 retries left
2025-02-13 04:55:17,088 - INFO - Iteration 2
2025-02-13 04:55:33,760 - INFO - Code edit generation: 2 retries left
2025-02-13 04:55:49,737 - INFO - Iteration 3
2025-02-13 04:55:57,753 - INFO - Code edit generation: 2 retries left
2025-02-13 04:56:14,050 - INFO - Iteration 4
2025-02-13 04:56:23,926 - INFO - Code edit generation: 2 retries left
2025-02-13 04:56:41,212 - INFO - Iteration 5
2025-02-13 04:56:48,300 - INFO - Code edit generation: 2 retries left
2025-02-13 04:57:03,649 - INFO - Code edit generation: 1 retries left
2025-02-13 04:57:18,117 - INFO - Iteration 6
2025-02-13 04:57:28,643 - INFO - Code edit generation: 2 retries left
2025-02-13 04:57:50,130 - INFO - Iteration 7
2025-02-13 04:57:58,791 - INFO - Code edit generation: 2 retries left
2025-02-13 04:58:13,007 - INFO - Iteration 8
2025-02-13 04:58:24,529 - INFO - Code edit generation: 2 retries left
2025-02-13 04:58:47,991 - INFO - Iteration 9
2025-02-13 04:59:00,583 - INFO - Code edit generation: 2 retries left
2025-02-13 04:59:18,778 - INFO - ---social_media_slide_8 (50/195)---
2025-02-13 04:59:18,778 - INFO - Iteration 0
2025-02-13 04:59:28,867 - INFO - Code edit generation: 2 retries left
2025-02-13 04:59:39,734 - INFO - Code edit generation: 1 retries left
2025-02-13 04:59:53,898 - INFO - ---marketing_slide_2 (51/195)---
2025-02-13 04:59:53,898 - INFO - Iteration 0
2025-02-13 05:00:03,241 - INFO - Code edit generation: 2 retries left
2025-02-13 05:00:18,993 - INFO - Code edit generation: 1 retries left
2025-02-13 05:00:28,512 - INFO - ---food_slide_2 (52/195)---
2025-02-13 05:00:28,512 - INFO - ---entrepreneur_slide_2 (53/195)---
2025-02-13 05:00:28,512 - INFO - Iteration 0
2025-02-13 05:00:38,023 - INFO - Code edit generation: 2 retries left
2025-02-13 05:00:49,574 - INFO - Iteration 1
2025-02-13 05:00:59,196 - INFO - Code edit generation: 2 retries left
2025-02-13 05:01:17,483 - INFO - Iteration 2
2025-02-13 05:01:23,785 - INFO - Code edit generation: 2 retries left
2025-02-13 05:01:36,567 - INFO - Iteration 3
2025-02-13 05:01:45,066 - INFO - Code edit generation: 2 retries left
2025-02-13 05:01:56,786 - INFO - Iteration 4
2025-02-13 05:02:07,424 - INFO - Code edit generation: 2 retries left
2025-02-13 05:02:22,970 - INFO - Iteration 5
2025-02-13 05:02:34,231 - INFO - Code edit generation: 2 retries left
2025-02-13 05:02:56,661 - INFO - Iteration 6
2025-02-13 05:03:08,779 - INFO - Code edit generation: 2 retries left
2025-02-13 05:03:21,863 - INFO - Iteration 7
2025-02-13 05:03:34,863 - INFO - Code edit generation: 2 retries left
2025-02-13 05:03:48,155 - INFO - Iteration 8
2025-02-13 05:03:55,860 - INFO - Code edit generation: 2 retries left
2025-02-13 05:04:12,911 - INFO - Iteration 9
2025-02-13 05:04:23,991 - INFO - Code edit generation: 2 retries left
2025-02-13 05:04:38,685 - INFO - ---art_photos_slide_22 (54/195)---
2025-02-13 05:04:38,686 - INFO - Iteration 0
2025-02-13 05:04:51,666 - INFO - Code edit generation: 2 retries left
2025-02-13 05:05:07,246 - INFO - Code edit generation: 1 retries left
2025-02-13 05:05:23,103 - INFO - ---marketing_slide_12 (55/195)---
2025-02-13 05:05:23,103 - INFO - Iteration 0
2025-02-13 05:05:36,069 - INFO - Code edit generation: 2 retries left
2025-02-13 05:05:51,961 - INFO - Code edit generation: 1 retries left
2025-02-13 05:06:10,596 - INFO - ---marketing_slide_18 (56/195)---
2025-02-13 05:06:10,596 - INFO - ---food_slide_8 (57/195)---
2025-02-13 05:06:10,597 - INFO - ---marketing_slide_8 (58/195)---
2025-02-13 05:06:10,597 - INFO - Iteration 0
2025-02-13 05:06:23,614 - INFO - Code edit generation: 2 retries left
2025-02-13 05:06:35,678 - INFO - Code edit generation: 1 retries left
2025-02-13 05:06:48,445 - INFO - ---entrepreneur_slide_8 (59/195)---
2025-02-13 05:06:48,445 - INFO - Iteration 0
2025-02-13 05:06:58,840 - INFO - Code edit generation: 2 retries left
2025-02-13 05:07:13,201 - INFO - Code edit generation: 1 retries left
2025-02-13 05:07:30,046 - INFO - Iteration 1
2025-02-13 05:07:40,374 - INFO - Code edit generation: 2 retries left
2025-02-13 05:07:54,340 - INFO - Iteration 2
2025-02-13 05:08:05,379 - INFO - Code edit generation: 2 retries left
2025-02-13 05:08:20,948 - INFO - Iteration 3
2025-02-13 05:08:30,743 - INFO - Code edit generation: 2 retries left
2025-02-13 05:08:48,141 - INFO - Iteration 4
2025-02-13 05:09:00,806 - INFO - Code edit generation: 2 retries left
2025-02-13 05:09:16,071 - INFO - Iteration 5
2025-02-13 05:09:26,293 - INFO - Code edit generation: 2 retries left
2025-02-13 05:09:42,442 - INFO - Iteration 6
2025-02-13 05:09:51,809 - INFO - Code edit generation: 2 retries left
2025-02-13 05:10:14,093 - INFO - Iteration 7
2025-02-13 05:10:28,352 - INFO - Code edit generation: 2 retries left
2025-02-13 05:10:39,697 - INFO - Iteration 8
2025-02-13 05:10:50,871 - INFO - Code edit generation: 2 retries left
2025-02-13 05:11:04,803 - INFO - Iteration 9
2025-02-13 05:11:12,800 - INFO - Code edit generation: 2 retries left
2025-02-13 05:11:29,100 - INFO - ---business_slide_9 (60/195)---
2025-02-13 05:11:29,100 - INFO - Iteration 0
2025-02-13 05:11:44,202 - INFO - Code edit generation: 2 retries left
2025-02-13 05:11:56,064 - INFO - Code edit generation: 1 retries left
2025-02-13 05:12:06,465 - INFO - ---art_photos_slide_6 (61/195)---
2025-02-13 05:12:06,465 - INFO - Iteration 0
2025-02-13 05:12:29,659 - INFO - Code edit generation: 2 retries left
2025-02-13 05:12:47,045 - INFO - Code edit generation: 1 retries left
2025-02-13 05:13:04,022 - INFO - ---food_slide_31 (62/195)---
2025-02-13 05:13:04,023 - INFO - Iteration 0
2025-02-13 05:13:13,777 - INFO - Code edit generation: 2 retries left
2025-02-13 05:13:25,800 - INFO - Code edit generation: 1 retries left
2025-02-13 05:13:35,652 - INFO - ---career_slide_16 (63/195)---
2025-02-13 05:13:35,652 - INFO - Iteration 0
2025-02-13 05:13:46,223 - INFO - Code edit generation: 2 retries left
2025-02-13 05:14:14,911 - INFO - Iteration 1
2025-02-13 05:14:27,737 - INFO - Code edit generation: 2 retries left
2025-02-13 05:14:58,748 - INFO - Iteration 2
2025-02-13 05:15:15,753 - INFO - Code edit generation: 2 retries left
2025-02-13 05:15:38,423 - INFO - Iteration 3
2025-02-13 05:15:56,269 - INFO - Code edit generation: 2 retries left
2025-02-13 05:16:29,409 - INFO - Iteration 4
2025-02-13 05:16:40,017 - INFO - Code edit generation: 2 retries left
2025-02-13 05:17:06,463 - INFO - Iteration 5
2025-02-13 05:17:33,765 - INFO - Code edit generation: 2 retries left
2025-02-13 05:17:55,586 - INFO - Iteration 6
2025-02-13 05:18:06,943 - INFO - Code edit generation: 2 retries left
2025-02-13 05:18:23,849 - INFO - Iteration 7
2025-02-13 05:18:41,864 - INFO - Code edit generation: 2 retries left
2025-02-13 05:19:03,782 - INFO - Iteration 8
2025-02-13 05:19:16,505 - INFO - Code edit generation: 2 retries left
2025-02-13 05:19:40,029 - INFO - Iteration 9
2025-02-13 05:19:54,180 - INFO - Code edit generation: 2 retries left
2025-02-13 05:20:20,287 - INFO - ---business_slide_3 (64/195)---
2025-02-13 05:20:20,287 - INFO - Iteration 0
2025-02-13 05:20:35,193 - INFO - Code edit generation: 2 retries left
2025-02-13 05:20:42,453 - INFO - Code edit generation: 1 retries left
2025-02-13 05:20:50,331 - INFO - ---design_slide_1 (65/195)---
2025-02-13 05:20:50,331 - INFO - Iteration 0
2025-02-13 05:21:00,540 - INFO - Code edit generation: 2 retries left
2025-02-13 05:21:07,997 - INFO - Code edit generation: 1 retries left
2025-02-13 05:21:17,509 - INFO - ---marketing_slide_20 (66/195)---
2025-02-13 05:21:17,509 - INFO - Iteration 0
2025-02-13 05:21:35,246 - INFO - Code edit generation: 2 retries left
2025-02-13 05:21:49,753 - INFO - Code edit generation: 1 retries left
2025-02-13 05:22:03,174 - INFO - ---art_photos_slide_10 (67/195)---
2025-02-13 05:22:03,174 - INFO - Iteration 0
2025-02-13 05:22:16,938 - INFO - Code edit generation: 2 retries left
2025-02-13 05:22:30,848 - INFO - Code edit generation: 1 retries left
2025-02-13 05:22:44,773 - INFO - ---food_slide_10 (68/195)---
2025-02-13 05:22:44,774 - INFO - Iteration 0
2025-02-13 05:22:54,088 - INFO - Code edit generation: 2 retries left
2025-02-13 05:23:11,163 - INFO - Code edit generation: 1 retries left
2025-02-13 05:23:27,928 - INFO - ---environment_slide_3 (69/195)---
2025-02-13 05:23:27,928 - INFO - Iteration 0
2025-02-13 05:23:36,773 - INFO - Code edit generation: 2 retries left
2025-02-13 05:23:47,301 - INFO - Code edit generation: 1 retries left
2025-02-13 05:23:59,325 - INFO - ---career_slide_2 (70/195)---
2025-02-13 05:23:59,325 - INFO - Iteration 0
2025-02-13 05:24:09,243 - INFO - Code edit generation: 2 retries left
2025-02-13 05:24:19,052 - INFO - Iteration 1
2025-02-13 05:24:28,479 - INFO - Code edit generation: 2 retries left
2025-02-13 05:24:36,817 - INFO - Code edit generation: 1 retries left
2025-02-13 05:24:46,171 - INFO - Iteration 2
2025-02-13 05:24:56,684 - INFO - Code edit generation: 2 retries left
2025-02-13 05:25:07,678 - INFO - Iteration 3
2025-02-13 05:25:18,396 - INFO - Code edit generation: 2 retries left
2025-02-13 05:25:37,039 - INFO - Iteration 4
2025-02-13 05:25:52,592 - INFO - Code edit generation: 2 retries left
2025-02-13 05:26:20,604 - INFO - Iteration 5
2025-02-13 05:26:32,553 - INFO - Code edit generation: 2 retries left
2025-02-13 05:26:44,670 - INFO - Code edit generation: 1 retries left
2025-02-13 05:26:55,137 - INFO - ---career_slide_8 (71/195)---
2025-02-13 05:26:55,137 - INFO - Iteration 0
2025-02-13 05:27:07,686 - INFO - Code edit generation: 2 retries left
2025-02-13 05:27:24,479 - INFO - Code edit generation: 1 retries left
2025-02-13 05:27:42,099 - INFO - ---environment_slide_9 (72/195)---
2025-02-13 05:27:42,100 - INFO - Iteration 0
2025-02-13 05:27:50,221 - INFO - Code edit generation: 2 retries left
2025-02-13 05:28:08,144 - INFO - Iteration 1
2025-02-13 05:28:18,256 - INFO - Code edit generation: 2 retries left
2025-02-13 05:28:30,683 - INFO - Iteration 2
2025-02-13 05:28:37,211 - INFO - Code edit generation: 2 retries left
2025-02-13 05:28:53,925 - INFO - Iteration 3
2025-02-13 05:29:05,626 - INFO - Code edit generation: 2 retries left
2025-02-13 05:29:18,405 - INFO - Iteration 4
2025-02-13 05:29:29,729 - INFO - Code edit generation: 2 retries left
2025-02-13 05:29:42,050 - INFO - Iteration 5
2025-02-13 05:29:51,455 - INFO - Code edit generation: 2 retries left
2025-02-13 05:30:06,700 - INFO - Iteration 6
2025-02-13 05:30:15,959 - INFO - Code edit generation: 2 retries left
2025-02-13 05:30:28,084 - INFO - Iteration 7
2025-02-13 05:30:38,739 - INFO - Code edit generation: 2 retries left
2025-02-13 05:30:52,068 - INFO - Iteration 8
2025-02-13 05:31:04,072 - INFO - Code edit generation: 2 retries left
2025-02-13 05:31:17,042 - INFO - Iteration 9
2025-02-13 05:33:01,359 - INFO - Code edit generation: 2 retries left
2025-02-13 05:33:12,775 - INFO - ---social_media_slide_17 (73/195)---
2025-02-13 05:33:12,775 - INFO - Iteration 0
2025-02-13 05:33:22,126 - INFO - Code edit generation: 2 retries left
2025-02-13 05:33:31,180 - INFO - Iteration 1
2025-02-13 05:33:40,430 - INFO - Code edit generation: 2 retries left
2025-02-13 05:33:49,615 - INFO - Iteration 2
2025-02-13 05:33:57,799 - INFO - Code edit generation: 2 retries left
2025-02-13 05:34:08,348 - INFO - Iteration 3
2025-02-13 05:34:14,522 - INFO - Code edit generation: 2 retries left
2025-02-13 05:34:26,280 - INFO - Iteration 4
2025-02-13 05:34:32,973 - INFO - Code edit generation: 2 retries left
2025-02-13 05:34:50,842 - INFO - Iteration 5
2025-02-13 05:35:00,487 - INFO - Code edit generation: 2 retries left
2025-02-13 05:35:15,217 - INFO - Iteration 6
2025-02-13 05:35:25,544 - INFO - Code edit generation: 2 retries left
2025-02-13 05:35:38,159 - INFO - Iteration 7
2025-02-13 05:35:49,936 - INFO - Code edit generation: 2 retries left
2025-02-13 05:35:59,522 - INFO - Iteration 8
2025-02-13 05:36:11,671 - INFO - Code edit generation: 2 retries left
2025-02-13 05:36:24,406 - INFO - Iteration 9
2025-02-13 05:36:31,436 - INFO - Code edit generation: 2 retries left
2025-02-13 05:36:44,084 - INFO - ---food_slide_22 (74/195)---
2025-02-13 05:36:44,084 - INFO - Iteration 0
2025-02-13 05:36:53,038 - INFO - Code edit generation: 2 retries left
2025-02-13 05:37:08,080 - INFO - Code edit generation: 1 retries left
2025-02-13 05:37:31,643 - INFO - ---food_slide_28 (75/195)---
2025-02-13 05:37:31,643 - INFO - ---marketing_slide_39 (76/195)---
2025-02-13 05:37:31,643 - INFO - Iteration 0
2025-02-13 05:37:55,702 - INFO - Code edit generation: 2 retries left
2025-02-13 05:38:07,507 - INFO - Code edit generation: 1 retries left
2025-02-13 05:38:22,133 - INFO - ---marketing_slide_33 (77/195)---
2025-02-13 05:38:22,133 - INFO - Iteration 0
2025-02-13 05:38:44,682 - INFO - Code edit generation: 2 retries left
2025-02-13 05:38:58,836 - INFO - Code edit generation: 1 retries left
2025-02-13 05:39:12,816 - INFO - ---marketing_slide_34 (78/195)---
2025-02-13 05:39:12,816 - INFO - Iteration 0
2025-02-13 05:39:25,832 - INFO - Code edit generation: 2 retries left
2025-02-13 05:39:37,848 - INFO - Code edit generation: 1 retries left
2025-02-13 05:39:49,288 - INFO - Iteration 1
2025-02-13 05:40:02,294 - INFO - Code edit generation: 2 retries left
2025-02-13 05:40:12,889 - INFO - Iteration 2
2025-02-13 05:40:24,168 - INFO - Code edit generation: 2 retries left
2025-02-13 05:40:35,106 - INFO - Iteration 3
2025-02-13 05:40:46,554 - INFO - Code edit generation: 2 retries left
2025-02-13 05:41:02,844 - INFO - Code edit generation: 1 retries left
2025-02-13 05:41:19,416 - INFO - ---marketing_slide_43 (79/195)---
2025-02-13 05:41:19,416 - INFO - ---food_slide_25 (80/195)---
2025-02-13 05:41:19,416 - INFO - ---social_media_slide_10 (81/195)---
2025-02-13 05:41:19,416 - INFO - Iteration 0
2025-02-13 05:41:37,053 - INFO - Code edit generation: 2 retries left
2025-02-13 05:41:48,059 - INFO - Iteration 1
2025-02-13 05:41:57,839 - INFO - Code edit generation: 2 retries left
2025-02-13 05:42:09,964 - INFO - Iteration 2
2025-02-13 05:42:23,677 - INFO - Code edit generation: 2 retries left
2025-02-13 05:42:41,070 - INFO - Iteration 3
2025-02-13 05:42:51,537 - INFO - Code edit generation: 2 retries left
2025-02-13 05:43:06,327 - INFO - Iteration 4
2025-02-13 05:43:21,883 - INFO - Code edit generation: 2 retries left
2025-02-13 05:43:37,406 - INFO - Iteration 5
2025-02-13 05:43:53,870 - INFO - Code edit generation: 2 retries left
2025-02-13 05:44:06,975 - INFO - Iteration 6
2025-02-13 05:44:17,149 - INFO - Code edit generation: 2 retries left
2025-02-13 05:44:31,626 - INFO - Iteration 7
2025-02-13 05:44:38,866 - INFO - Code edit generation: 2 retries left
2025-02-13 05:44:54,342 - INFO - Iteration 8
2025-02-13 05:45:08,983 - INFO - Code edit generation: 2 retries left
2025-02-13 05:45:23,220 - INFO - Iteration 9
2025-02-13 05:45:32,224 - INFO - Code edit generation: 2 retries left
2025-02-13 05:45:47,197 - INFO - Code edit generation: 1 retries left
2025-02-13 05:46:05,341 - INFO - ---technology_slide_10 (82/195)---
2025-02-13 05:46:05,342 - INFO - Iteration 0
2025-02-13 05:46:14,899 - INFO - Code edit generation: 2 retries left
2025-02-13 05:46:26,555 - INFO - Code edit generation: 1 retries left
2025-02-13 05:46:54,014 - INFO - ---environment_slide_4 (83/195)---
2025-02-13 05:46:54,014 - INFO - Iteration 0
2025-02-13 05:47:02,768 - INFO - Code edit generation: 2 retries left
2025-02-13 05:47:46,439 - INFO - Code edit generation: 1 retries left
2025-02-13 05:48:02,697 - INFO - ---food_slide_17 (84/195)---
2025-02-13 05:48:02,698 - INFO - Iteration 0
2025-02-13 05:48:11,175 - INFO - Code edit generation: 2 retries left
2025-02-13 05:48:26,834 - INFO - Code edit generation: 1 retries left
2025-02-13 05:48:41,638 - INFO - ---career_slide_5 (85/195)---
2025-02-13 05:48:41,639 - INFO - Iteration 0
2025-02-13 05:49:06,175 - INFO - Code edit generation: 2 retries left
2025-02-13 05:49:49,995 - INFO - Code edit generation: 1 retries left
2025-02-13 05:50:09,825 - INFO - ---design_slide_6 (86/195)---
2025-02-13 05:50:09,825 - INFO - Iteration 0
2025-02-13 05:50:20,976 - INFO - Code edit generation: 2 retries left
2025-02-13 05:50:35,198 - INFO - Code edit generation: 1 retries left
2025-02-13 05:50:52,870 - INFO - ---marketing_slide_27 (87/195)---
2025-02-13 05:50:52,870 - INFO - Iteration 0
2025-02-13 05:51:13,298 - INFO - Code edit generation: 2 retries left
2025-02-13 05:51:26,535 - INFO - Code edit generation: 1 retries left
2025-02-13 05:51:40,047 - INFO - ---art_photos_slide_17 (88/195)---
2025-02-13 05:51:40,047 - INFO - Iteration 0
2025-02-13 05:51:53,075 - INFO - Code edit generation: 2 retries left
2025-02-13 05:52:09,922 - INFO - Code edit generation: 1 retries left
2025-02-13 05:52:55,530 - INFO - ---art_photos_slide_1 (89/195)---
2025-02-13 05:52:55,530 - INFO - Iteration 0
2025-02-13 05:53:11,562 - INFO - Code edit generation: 2 retries left
2025-02-13 05:53:31,072 - INFO - Code edit generation: 1 retries left
2025-02-13 05:53:43,418 - INFO - ---technology_slide_7 (90/195)---
2025-02-13 05:53:43,418 - INFO - Iteration 0
2025-02-13 05:53:54,510 - INFO - Code edit generation: 2 retries left
2025-02-13 05:54:17,241 - INFO - Code edit generation: 1 retries left
2025-02-13 05:54:36,333 - INFO - ---career_slide_11 (91/195)---
2025-02-13 05:54:36,333 - INFO - Iteration 0
2025-02-13 05:54:47,630 - INFO - Code edit generation: 2 retries left
2025-02-13 05:55:13,105 - INFO - Iteration 1
2025-02-13 05:55:25,713 - INFO - Code edit generation: 2 retries left
2025-02-13 05:55:38,181 - INFO - Iteration 2
2025-02-13 05:55:49,934 - INFO - Code edit generation: 2 retries left
2025-02-13 05:56:05,019 - INFO - Iteration 3
2025-02-13 05:56:19,099 - INFO - Code edit generation: 2 retries left
2025-02-13 05:56:32,739 - INFO - Iteration 4
2025-02-13 05:56:45,328 - INFO - Code edit generation: 2 retries left
2025-02-13 05:57:02,018 - INFO - Iteration 5
2025-02-13 05:57:13,043 - INFO - Code edit generation: 2 retries left
2025-02-13 05:57:29,012 - INFO - Iteration 6
2025-02-13 05:57:44,969 - INFO - Code edit generation: 2 retries left
2025-02-13 05:58:01,451 - INFO - Iteration 7
2025-02-13 05:58:12,729 - INFO - Code edit generation: 2 retries left
2025-02-13 05:58:30,099 - INFO - Iteration 8
2025-02-13 05:58:43,532 - INFO - Code edit generation: 2 retries left
2025-02-13 05:59:10,364 - INFO - Iteration 9
2025-02-13 05:59:23,775 - INFO - Code edit generation: 2 retries left
2025-02-13 05:59:39,821 - INFO - ---business_slide_4 (92/195)---
2025-02-13 05:59:39,822 - INFO - Iteration 0
2025-02-13 05:59:49,032 - INFO - Code edit generation: 2 retries left
2025-02-13 05:59:58,711 - INFO - Code edit generation: 1 retries left
2025-02-13 06:00:06,089 - INFO - ---food_slide_5 (93/195)---
2025-02-13 06:00:06,090 - INFO - Iteration 0
2025-02-13 06:00:17,612 - INFO - Code edit generation: 2 retries left
2025-02-13 06:00:34,051 - INFO - Code edit generation: 1 retries left
2025-02-13 06:00:52,207 - INFO - ---marketing_slide_5 (94/195)---
2025-02-13 06:00:52,207 - INFO - Iteration 0
2025-02-13 06:01:05,529 - INFO - Code edit generation: 2 retries left
2025-02-13 06:01:22,566 - INFO - Code edit generation: 1 retries left
2025-02-13 06:01:50,779 - INFO - ---art_photos_slide_25 (95/195)---
2025-02-13 06:01:50,779 - INFO - Iteration 0
2025-02-13 06:02:09,018 - INFO - Code edit generation: 2 retries left
2025-02-13 06:02:24,037 - INFO - Code edit generation: 1 retries left
2025-02-13 06:02:37,659 - INFO - ---entrepreneur_slide_5 (96/195)---
2025-02-13 06:02:37,660 - INFO - Iteration 0
2025-02-13 06:02:53,187 - INFO - Code edit generation: 2 retries left
2025-02-13 06:03:13,508 - INFO - Iteration 1
2025-02-13 06:03:28,303 - INFO - Code edit generation: 2 retries left
2025-02-13 06:03:54,751 - INFO - Iteration 2
2025-02-13 06:04:09,342 - INFO - Code edit generation: 2 retries left
2025-02-13 06:04:31,361 - INFO - Iteration 3
2025-02-13 06:04:45,161 - INFO - Code edit generation: 2 retries left
2025-02-13 06:05:05,199 - INFO - Iteration 4
2025-02-13 06:05:17,399 - INFO - Code edit generation: 2 retries left
2025-02-13 06:05:40,501 - INFO - Iteration 5
2025-02-13 06:05:51,724 - INFO - Code edit generation: 2 retries left
2025-02-13 06:06:08,995 - INFO - Iteration 6
2025-02-13 06:06:29,135 - INFO - Code edit generation: 2 retries left
2025-02-13 06:06:44,228 - INFO - Iteration 7
2025-02-13 06:07:00,613 - INFO - Code edit generation: 2 retries left
2025-02-13 06:07:16,973 - INFO - Iteration 8
2025-02-13 06:07:29,205 - INFO - Code edit generation: 2 retries left
2025-02-13 06:07:46,794 - INFO - Iteration 9
2025-02-13 06:07:56,719 - INFO - Code edit generation: 2 retries left
2025-02-13 06:08:14,549 - INFO - ---marketing_slide_15 (97/195)---
2025-02-13 06:08:14,549 - INFO - Iteration 0
2025-02-13 06:08:24,585 - INFO - Code edit generation: 2 retries left
2025-02-13 06:08:36,423 - INFO - Code edit generation: 1 retries left
2025-02-13 06:08:47,086 - INFO - ---business_slide_15 (98/195)---
2025-02-13 06:08:47,086 - INFO - ---social_media_slide_5 (99/195)---
2025-02-13 06:08:47,086 - INFO - Iteration 0
2025-02-13 06:08:57,756 - INFO - Code edit generation: 2 retries left
2025-02-13 06:09:13,337 - INFO - Code edit generation: 1 retries left
2025-02-13 06:09:31,324 - INFO - ---career_slide_19 (100/195)---
2025-02-13 06:09:31,324 - INFO - Iteration 0
2025-02-13 06:10:01,925 - INFO - Code edit generation: 2 retries left
2025-02-13 06:10:17,432 - INFO - Code edit generation: 1 retries left
2025-02-13 06:10:34,427 - INFO - ---art_photos_slide_3 (101/195)---
2025-02-13 06:10:34,427 - INFO - Iteration 0
2025-02-13 06:10:49,869 - INFO - Code edit generation: 2 retries left
2025-02-13 06:11:07,088 - INFO - Code edit generation: 1 retries left
2025-02-13 06:11:36,983 - INFO - ---technology_slide_5 (102/195)---
2025-02-13 06:11:36,983 - INFO - Iteration 0
2025-02-13 06:11:47,055 - INFO - Code edit generation: 2 retries left
2025-02-13 06:11:57,536 - INFO - Code edit generation: 1 retries left
2025-02-13 06:12:11,565 - INFO - ---career_slide_13 (103/195)---
2025-02-13 06:12:11,565 - INFO - Iteration 0
2025-02-13 06:12:23,713 - INFO - Code edit generation: 2 retries left
2025-02-13 06:12:36,878 - INFO - Iteration 1
2025-02-13 06:12:46,017 - INFO - Code edit generation: 2 retries left
2025-02-13 06:13:01,103 - INFO - Iteration 2
2025-02-13 06:13:11,016 - INFO - Code edit generation: 2 retries left
2025-02-13 06:13:26,834 - INFO - Iteration 3
2025-02-13 06:13:36,814 - INFO - Code edit generation: 2 retries left
2025-02-13 06:13:53,946 - INFO - Iteration 4
2025-02-13 06:14:04,416 - INFO - Code edit generation: 2 retries left
2025-02-13 06:14:18,593 - INFO - Iteration 5
2025-02-13 06:14:28,802 - INFO - Code edit generation: 2 retries left
2025-02-13 06:14:42,273 - INFO - Iteration 6
2025-02-13 06:15:08,273 - INFO - Code edit generation: 2 retries left
2025-02-13 06:15:24,302 - INFO - Iteration 7
2025-02-13 06:15:33,988 - INFO - Code edit generation: 2 retries left
2025-02-13 06:15:47,797 - INFO - Iteration 8
2025-02-13 06:15:59,212 - INFO - Code edit generation: 2 retries left
2025-02-13 06:16:15,126 - INFO - Iteration 9
2025-02-13 06:16:27,445 - INFO - Code edit generation: 2 retries left
2025-02-13 06:16:45,826 - INFO - ---entrepreneur_slide_11 (104/195)---
2025-02-13 06:16:45,826 - INFO - ---art_photos_slide_9 (105/195)---
2025-02-13 06:16:45,826 - INFO - Iteration 0
2025-02-13 06:16:58,509 - INFO - Code edit generation: 2 retries left
2025-02-13 06:17:13,760 - INFO - Iteration 1
2025-02-13 06:17:21,585 - INFO - Code edit generation: 2 retries left
2025-02-13 06:17:36,745 - INFO - Iteration 2
2025-02-13 06:17:46,775 - INFO - Code edit generation: 2 retries left
2025-02-13 06:18:02,658 - INFO - Iteration 3
2025-02-13 06:18:14,811 - INFO - Code edit generation: 2 retries left
2025-02-13 06:18:30,494 - INFO - Code edit generation: 1 retries left
2025-02-13 06:18:45,289 - INFO - ---business_slide_6 (106/195)---
2025-02-13 06:18:45,289 - INFO - Iteration 0
2025-02-13 06:18:56,563 - INFO - Code edit generation: 2 retries left
2025-02-13 06:19:04,957 - INFO - Code edit generation: 1 retries left
2025-02-13 06:19:12,430 - INFO - ---marketing_slide_25 (107/195)---
2025-02-13 06:19:12,430 - INFO - ---design_slide_4 (108/195)---
2025-02-13 06:19:12,430 - INFO - Iteration 0
2025-02-13 06:19:21,786 - INFO - Code edit generation: 2 retries left
2025-02-13 06:19:32,692 - INFO - Code edit generation: 1 retries left
2025-02-13 06:19:45,710 - INFO - Iteration 1
2025-02-13 06:20:02,780 - INFO - Code edit generation: 2 retries left
2025-02-13 06:20:17,327 - INFO - Iteration 2
2025-02-13 06:20:29,780 - INFO - Code edit generation: 2 retries left
2025-02-13 06:20:42,842 - INFO - Code edit generation: 1 retries left
2025-02-13 06:21:00,829 - INFO - Iteration 3
2025-02-13 06:21:15,581 - INFO - Code edit generation: 2 retries left
2025-02-13 06:21:31,441 - INFO - Code edit generation: 1 retries left
2025-02-13 06:21:43,187 - INFO - Iteration 4
2025-02-13 06:21:50,951 - INFO - Code edit generation: 2 retries left
2025-02-13 06:22:26,204 - INFO - Iteration 5
2025-02-13 06:22:35,368 - INFO - Code edit generation: 2 retries left
2025-02-13 06:22:48,763 - INFO - Iteration 6
2025-02-13 06:22:57,590 - INFO - Code edit generation: 2 retries left
2025-02-13 06:23:08,665 - INFO - Iteration 7
2025-02-13 06:23:17,292 - INFO - Code edit generation: 2 retries left
2025-02-13 06:23:33,648 - INFO - Iteration 8
2025-02-13 06:23:41,308 - INFO - Code edit generation: 2 retries left
2025-02-13 06:23:52,721 - INFO - Iteration 9
2025-02-13 06:24:00,102 - INFO - Code edit generation: 2 retries left
2025-02-13 06:24:18,296 - INFO - ---art_photos_slide_15 (109/195)---
2025-02-13 06:24:18,297 - INFO - Iteration 0
2025-02-13 06:24:34,807 - INFO - Code edit generation: 2 retries left
2025-02-13 06:24:53,305 - INFO - Code edit generation: 1 retries left
2025-02-13 06:25:13,629 - INFO - ---social_media_slide_7 (110/195)---
2025-02-13 06:25:13,629 - INFO - Iteration 0
2025-02-13 06:25:22,121 - INFO - Code edit generation: 2 retries left
2025-02-13 06:25:33,490 - INFO - Code edit generation: 1 retries left
2025-02-13 06:25:46,537 - INFO - ---entrepreneur_slide_7 (111/195)---
2025-02-13 06:25:46,537 - INFO - Iteration 0
2025-02-13 06:25:59,330 - INFO - Code edit generation: 2 retries left
2025-02-13 06:26:18,017 - INFO - Code edit generation: 1 retries left
2025-02-13 06:26:36,218 - INFO - ---food_slide_7 (112/195)---
2025-02-13 06:26:36,219 - INFO - ---marketing_slide_7 (113/195)---
2025-02-13 06:26:36,219 - INFO - Iteration 0
2025-02-13 06:26:51,894 - INFO - Code edit generation: 2 retries left
2025-02-13 06:27:08,797 - INFO - Code edit generation: 1 retries left
2025-02-13 06:27:28,741 - INFO - ---marketing_slide_17 (114/195)---
2025-02-13 06:27:28,741 - INFO - Iteration 0
2025-02-13 06:27:39,187 - INFO - Code edit generation: 2 retries left
2025-02-13 06:27:55,011 - INFO - Code edit generation: 1 retries left
2025-02-13 06:28:04,782 - INFO - ---food_slide_27 (115/195)---
2025-02-13 06:28:04,782 - INFO - Iteration 0
2025-02-13 06:28:14,653 - INFO - Code edit generation: 2 retries left
2025-02-13 06:28:31,460 - INFO - Code edit generation: 1 retries left
2025-02-13 06:28:43,554 - INFO - ---marketing_slide_36 (116/195)---
2025-02-13 06:28:43,555 - INFO - Iteration 0
2025-02-13 06:28:56,187 - INFO - Code edit generation: 2 retries left
2025-02-13 06:29:09,157 - INFO - Code edit generation: 1 retries left
2025-02-13 06:29:25,328 - INFO - ---marketing_slide_41 (117/195)---
2025-02-13 06:29:25,328 - INFO - Iteration 0
2025-02-13 06:29:36,808 - INFO - Code edit generation: 2 retries left
2025-02-13 06:29:47,860 - INFO - Iteration 1
2025-02-13 06:29:57,917 - INFO - Code edit generation: 2 retries left
2025-02-13 06:30:28,745 - INFO - Code edit generation: 1 retries left
2025-02-13 06:30:44,211 - INFO - ---social_media_slide_20 (118/195)---
2025-02-13 06:30:44,211 - INFO - Iteration 0
2025-02-13 06:30:55,222 - INFO - Code edit generation: 2 retries left
2025-02-13 06:31:07,264 - INFO - Iteration 1
2025-02-13 06:31:15,010 - INFO - Code edit generation: 2 retries left
2025-02-13 06:31:28,343 - INFO - Iteration 2
2025-02-13 06:31:37,853 - INFO - Code edit generation: 2 retries left
2025-02-13 06:31:51,751 - INFO - Iteration 3
2025-02-13 06:31:59,355 - INFO - Code edit generation: 2 retries left
2025-02-13 06:32:14,305 - INFO - Iteration 4
2025-02-13 06:32:24,113 - INFO - Code edit generation: 2 retries left
2025-02-13 06:32:41,881 - INFO - Code edit generation: 1 retries left
2025-02-13 06:32:55,391 - INFO - ---environment_slide_6 (119/195)---
2025-02-13 06:32:55,391 - INFO - Iteration 0
2025-02-13 06:33:05,199 - INFO - Code edit generation: 2 retries left
2025-02-13 06:33:25,849 - INFO - Code edit generation: 1 retries left
2025-02-13 06:33:40,315 - INFO - ---food_slide_15 (120/195)---
2025-02-13 06:33:40,315 - INFO - ---technology_slide_12 (121/195)---
2025-02-13 06:33:40,315 - INFO - Iteration 0
2025-02-13 06:33:49,274 - INFO - Code edit generation: 2 retries left
2025-02-13 06:33:58,068 - INFO - Iteration 1
2025-02-13 06:34:10,556 - INFO - Code edit generation: 2 retries left
2025-02-13 06:34:23,747 - INFO - Iteration 2
2025-02-13 06:34:30,718 - INFO - Code edit generation: 2 retries left
2025-02-13 06:34:39,347 - INFO - Iteration 3
2025-02-13 06:34:50,144 - INFO - Code edit generation: 2 retries left
2025-02-13 06:35:00,220 - INFO - Iteration 4
2025-02-13 06:35:08,900 - INFO - Code edit generation: 2 retries left
2025-02-13 06:35:18,060 - INFO - Iteration 5
2025-02-13 06:35:25,760 - INFO - Code edit generation: 2 retries left
2025-02-13 06:35:35,213 - INFO - Iteration 6
2025-02-13 06:35:45,618 - INFO - Code edit generation: 2 retries left
2025-02-13 06:35:55,525 - INFO - Iteration 7
2025-02-13 06:36:02,887 - INFO - Code edit generation: 2 retries left
2025-02-13 06:36:12,204 - INFO - Iteration 8
2025-02-13 06:36:18,002 - INFO - Code edit generation: 2 retries left
2025-02-13 06:36:28,238 - INFO - Iteration 9
2025-02-13 06:36:37,582 - INFO - Code edit generation: 2 retries left
2025-02-13 06:36:47,586 - INFO - ---career_slide_7 (122/195)---
2025-02-13 06:36:47,586 - INFO - ---social_media_slide_18 (123/195)---
2025-02-13 06:36:47,587 - INFO - Iteration 0
2025-02-13 06:36:55,925 - INFO - Code edit generation: 2 retries left
2025-02-13 06:37:15,914 - INFO - Iteration 1
2025-02-13 06:37:22,808 - INFO - Code edit generation: 2 retries left
2025-02-13 06:37:37,417 - INFO - Iteration 2
2025-02-13 06:37:45,811 - INFO - Code edit generation: 2 retries left
2025-02-13 06:38:01,986 - INFO - Iteration 3
2025-02-13 06:38:09,125 - INFO - Code edit generation: 2 retries left
2025-02-13 06:38:23,575 - INFO - Iteration 4
2025-02-13 06:38:30,937 - INFO - Code edit generation: 2 retries left
2025-02-13 06:38:44,378 - INFO - Iteration 5
2025-02-13 06:38:52,324 - INFO - Code edit generation: 2 retries left
2025-02-13 06:39:07,316 - INFO - Iteration 6
2025-02-13 06:39:14,909 - INFO - Code edit generation: 2 retries left
2025-02-13 06:39:30,405 - INFO - Iteration 7
2025-02-13 06:39:40,268 - INFO - Code edit generation: 2 retries left
2025-02-13 06:40:04,208 - INFO - Iteration 8
2025-02-13 06:40:18,772 - INFO - Code edit generation: 2 retries left
2025-02-13 06:40:33,617 - INFO - Iteration 9
2025-02-13 06:40:43,070 - INFO - Code edit generation: 2 retries left
2025-02-13 06:41:06,089 - INFO - ---social_media_slide_12 (124/195)---
2025-02-13 06:41:06,089 - INFO - Iteration 0
2025-02-13 06:41:20,150 - INFO - Code edit generation: 2 retries left
2025-02-13 06:41:33,227 - INFO - Iteration 1
2025-02-13 06:41:47,535 - INFO - Code edit generation: 2 retries left
2025-02-13 06:42:06,489 - INFO - Iteration 2
2025-02-13 06:42:18,462 - INFO - Code edit generation: 2 retries left
2025-02-13 06:42:45,705 - INFO - Code edit generation: 1 retries left
2025-02-13 06:43:04,455 - INFO - Iteration 3
2025-02-13 06:43:12,094 - INFO - Code edit generation: 2 retries left
2025-02-13 06:43:23,965 - INFO - Iteration 4
2025-02-13 06:43:33,121 - INFO - Code edit generation: 2 retries left
2025-02-13 06:43:49,064 - INFO - Iteration 5
2025-02-13 06:43:58,701 - INFO - Code edit generation: 2 retries left
2025-02-13 06:44:19,878 - INFO - Iteration 6
2025-02-13 06:44:34,952 - INFO - Code edit generation: 2 retries left
2025-02-13 06:44:51,924 - INFO - Iteration 7
2025-02-13 06:44:59,914 - INFO - Code edit generation: 2 retries left
2025-02-13 06:45:18,807 - INFO - Code edit generation: 1 retries left
2025-02-13 06:45:37,959 - INFO - Iteration 8
2025-02-13 06:45:46,089 - INFO - Code edit generation: 2 retries left
2025-02-13 06:46:05,940 - INFO - Iteration 9
2025-02-13 06:46:17,123 - INFO - Code edit generation: 2 retries left
2025-02-13 06:46:32,717 - INFO - ---social_media_slide_15 (125/195)---
2025-02-13 06:46:32,717 - INFO - Iteration 0
2025-02-13 06:46:47,202 - INFO - Code edit generation: 2 retries left
2025-02-13 06:47:03,610 - INFO - Code edit generation: 1 retries left
2025-02-13 06:47:20,581 - INFO - ---food_slide_12 (126/195)---
2025-02-13 06:47:20,581 - INFO - Iteration 0
2025-02-13 06:47:30,070 - INFO - Code edit generation: 2 retries left
2025-02-13 06:47:46,121 - INFO - Code edit generation: 1 retries left
2025-02-13 06:48:10,945 - INFO - ---environment_slide_1 (127/195)---
2025-02-13 06:48:10,946 - INFO - Iteration 0
2025-02-13 06:48:19,309 - INFO - Code edit generation: 2 retries left
2025-02-13 06:48:31,235 - INFO - Code edit generation: 1 retries left
2025-02-13 06:48:43,689 - INFO - ---food_slide_18 (128/195)---
2025-02-13 06:48:43,689 - INFO - Iteration 0
2025-02-13 06:48:54,146 - INFO - Code edit generation: 2 retries left
2025-02-13 06:50:38,271 - INFO - Code edit generation: 1 retries left
2025-02-13 06:51:00,836 - INFO - ---marketing_slide_31 (129/195)---
2025-02-13 06:51:00,836 - INFO - ---food_slide_20 (130/195)---
2025-02-13 06:51:00,836 - INFO - ---environment_slide_10 (131/195)---
2025-02-13 06:51:00,836 - INFO - Iteration 0
2025-02-13 06:51:15,110 - INFO - Code edit generation: 2 retries left
2025-02-13 06:51:28,162 - INFO - Code edit generation: 1 retries left
2025-02-13 06:51:46,659 - INFO - ---art_photos_slide_20 (132/195)---
2025-02-13 06:51:46,659 - INFO - Iteration 0
2025-02-13 06:52:04,390 - INFO - Code edit generation: 2 retries left
2025-02-13 06:52:24,679 - INFO - Code edit generation: 1 retries left
2025-02-13 06:52:42,756 - INFO - ---marketing_slide_10 (133/195)---
2025-02-13 06:52:42,756 - INFO - Iteration 0
2025-02-13 06:52:52,536 - INFO - Code edit generation: 2 retries left
2025-02-13 06:53:07,375 - INFO - Code edit generation: 1 retries left
2025-02-13 06:53:21,999 - INFO - ---business_slide_10 (134/195)---
2025-02-13 06:53:21,999 - INFO - Iteration 0
2025-02-13 06:53:39,890 - INFO - Code edit generation: 2 retries left
2025-02-13 06:53:49,592 - INFO - Code edit generation: 1 retries left
2025-02-13 06:54:03,848 - INFO - ---marketing_slide_22 (135/195)---
2025-02-13 06:54:03,849 - INFO - Iteration 0
2025-02-13 06:54:15,508 - INFO - Code edit generation: 2 retries left
2025-02-13 06:54:33,795 - INFO - Code edit generation: 1 retries left
2025-02-13 06:54:47,726 - INFO - ---design_slide_3 (136/195)---
2025-02-13 06:54:47,727 - INFO - Iteration 0
2025-02-13 06:55:07,289 - INFO - Code edit generation: 2 retries left
2025-02-13 06:55:26,058 - INFO - Code edit generation: 1 retries left
2025-02-13 06:55:46,675 - INFO - ---art_photos_slide_12 (137/195)---
2025-02-13 06:55:46,675 - INFO - Iteration 0
2025-02-13 06:56:14,888 - INFO - Code edit generation: 2 retries left
2025-02-13 06:56:36,316 - INFO - Code edit generation: 1 retries left
2025-02-13 06:56:56,907 - INFO - ---art_photos_slide_18 (138/195)---
2025-02-13 06:56:56,907 - INFO - Iteration 0
2025-02-13 06:57:09,557 - INFO - Code edit generation: 2 retries left
2025-02-13 06:57:23,875 - INFO - Code edit generation: 1 retries left
2025-02-13 06:57:38,204 - INFO - ---marketing_slide_28 (139/195)---
2025-02-13 06:57:38,204 - INFO - ---technology_slide_8 (140/195)---
2025-02-13 06:57:38,204 - INFO - Iteration 0
2025-02-13 06:57:49,942 - INFO - Code edit generation: 2 retries left
2025-02-13 06:58:17,876 - INFO - Code edit generation: 1 retries left
2025-02-13 06:58:32,312 - INFO - ---art_photos_slide_4 (141/195)---
2025-02-13 06:58:32,312 - INFO - Iteration 0
2025-02-13 06:58:48,131 - INFO - Code edit generation: 2 retries left
2025-02-13 06:59:06,916 - INFO - Code edit generation: 1 retries left
2025-02-13 06:59:24,246 - INFO - ---career_slide_14 (142/195)---
2025-02-13 06:59:24,246 - INFO - Iteration 0
2025-02-13 06:59:35,919 - INFO - Code edit generation: 2 retries left
2025-02-13 07:00:08,327 - INFO - Iteration 1
2025-02-13 07:00:37,099 - INFO - Code edit generation: 2 retries left
2025-02-13 07:01:11,664 - INFO - Iteration 2
2025-02-13 07:01:24,618 - INFO - Code edit generation: 2 retries left
2025-02-13 07:01:58,406 - INFO - Iteration 3
2025-02-13 07:02:09,066 - INFO - Code edit generation: 2 retries left
2025-02-13 07:02:48,774 - INFO - Iteration 4
2025-02-13 07:02:59,869 - INFO - Code edit generation: 2 retries left
2025-02-13 07:03:38,307 - INFO - Iteration 5
2025-02-13 07:03:55,396 - INFO - Code edit generation: 2 retries left
2025-02-13 07:04:34,412 - INFO - Iteration 6
2025-02-13 07:04:48,398 - INFO - Code edit generation: 2 retries left
2025-02-13 07:05:19,400 - INFO - Iteration 7
2025-02-13 07:05:31,420 - INFO - Code edit generation: 2 retries left
2025-02-13 07:06:09,386 - INFO - Iteration 8
2025-02-13 07:06:28,274 - INFO - Code edit generation: 2 retries left
2025-02-13 07:07:02,237 - INFO - Code edit generation: 1 retries left
2025-02-13 07:07:39,574 - INFO - ---technology_slide_2 (143/195)---
2025-02-13 07:07:39,574 - INFO - Iteration 0
2025-02-13 07:07:48,002 - INFO - Code edit generation: 2 retries left
2025-02-13 07:08:07,017 - INFO - Iteration 1
2025-02-13 07:08:16,171 - INFO - Code edit generation: 2 retries left
2025-02-13 07:08:28,565 - INFO - Iteration 2
2025-02-13 07:08:38,319 - INFO - Code edit generation: 2 retries left
2025-02-13 07:08:59,938 - INFO - Iteration 3
2025-02-13 07:09:09,794 - INFO - Code edit generation: 2 retries left
2025-02-13 07:09:25,411 - INFO - Iteration 4
2025-02-13 07:09:36,007 - INFO - Code edit generation: 2 retries left
2025-02-13 07:09:49,677 - INFO - Iteration 5
2025-02-13 07:09:58,822 - INFO - Code edit generation: 2 retries left
2025-02-13 07:10:12,608 - INFO - Iteration 6
2025-02-13 07:10:29,510 - INFO - Code edit generation: 2 retries left
2025-02-13 07:10:42,831 - INFO - Iteration 7
2025-02-13 07:10:51,833 - INFO - Code edit generation: 2 retries left
2025-02-13 07:11:09,228 - INFO - Iteration 8
2025-02-13 07:11:19,381 - INFO - Code edit generation: 2 retries left
2025-02-13 07:11:35,923 - INFO - Iteration 9
2025-02-13 07:11:48,733 - INFO - Code edit generation: 2 retries left
2025-02-13 07:12:02,526 - INFO - ---business_slide_1 (144/195)---
2025-02-13 07:12:02,526 - INFO - Iteration 0
2025-02-13 07:12:13,973 - INFO - Code edit generation: 2 retries left
2025-02-13 07:12:26,759 - INFO - Code edit generation: 1 retries left
2025-02-13 07:12:41,614 - INFO - ---art_photos_slide_16 (145/195)---
2025-02-13 07:12:41,614 - INFO - Iteration 0
2025-02-13 07:12:57,567 - INFO - Code edit generation: 2 retries left
2025-02-13 07:13:14,483 - INFO - Code edit generation: 1 retries left
2025-02-13 07:13:34,467 - INFO - ---marketing_slide_26 (146/195)---
2025-02-13 07:13:34,468 - INFO - ---business_slide_5 (147/195)---
2025-02-13 07:13:34,468 - INFO - Iteration 0
2025-02-13 07:13:49,293 - INFO - Code edit generation: 2 retries left
2025-02-13 07:14:09,755 - INFO - Code edit generation: 1 retries left
2025-02-13 07:14:25,686 - INFO - ---technology_slide_6 (148/195)---
2025-02-13 07:14:25,686 - INFO - Iteration 0
2025-02-13 07:14:37,639 - INFO - Code edit generation: 2 retries left
2025-02-13 07:14:49,597 - INFO - Iteration 1
2025-02-13 07:15:00,801 - INFO - Code edit generation: 2 retries left
2025-02-13 07:15:17,956 - INFO - Iteration 2
2025-02-13 07:15:27,610 - INFO - Code edit generation: 2 retries left
2025-02-13 07:15:40,930 - INFO - Iteration 3
2025-02-13 07:15:52,763 - INFO - Code edit generation: 2 retries left
2025-02-13 07:16:07,242 - INFO - Iteration 4
2025-02-13 07:16:20,098 - INFO - Code edit generation: 2 retries left
2025-02-13 07:16:34,969 - INFO - Iteration 5
2025-02-13 07:16:46,434 - INFO - Code edit generation: 2 retries left
2025-02-13 07:17:09,159 - INFO - Iteration 6
2025-02-13 07:17:29,211 - INFO - Code edit generation: 2 retries left
2025-02-13 07:17:42,282 - INFO - Iteration 7
2025-02-13 07:17:52,261 - INFO - Code edit generation: 2 retries left
2025-02-13 07:18:05,507 - INFO - Iteration 8
2025-02-13 07:18:13,110 - INFO - Code edit generation: 2 retries left
2025-02-13 07:18:26,353 - INFO - Iteration 9
2025-02-13 07:18:38,362 - INFO - Code edit generation: 2 retries left
2025-02-13 07:18:52,637 - INFO - ---career_slide_10 (149/195)---
2025-02-13 07:18:52,637 - INFO - Iteration 0
2025-02-13 07:19:08,508 - INFO - Code edit generation: 2 retries left
2025-02-13 07:19:23,614 - INFO - Code edit generation: 1 retries left
2025-02-13 07:19:37,586 - INFO - ---marketing_slide_14 (150/195)---
2025-02-13 07:19:37,586 - INFO - Iteration 0
2025-02-13 07:19:50,763 - INFO - Code edit generation: 2 retries left
2025-02-13 07:20:02,850 - INFO - Iteration 1
2025-02-13 07:20:12,420 - INFO - Code edit generation: 2 retries left
2025-02-13 07:20:22,801 - INFO - Code edit generation: 1 retries left
2025-02-13 07:20:37,660 - INFO - ---marketing_slide_4 (151/195)---
2025-02-13 07:20:37,661 - INFO - Iteration 0
2025-02-13 07:20:49,002 - INFO - Code edit generation: 2 retries left
2025-02-13 07:21:06,818 - INFO - Iteration 1
2025-02-13 07:21:17,381 - INFO - Code edit generation: 2 retries left
2025-02-13 07:21:30,606 - INFO - Iteration 2
2025-02-13 07:21:39,763 - INFO - Code edit generation: 2 retries left
2025-02-13 07:21:55,741 - INFO - Iteration 3
2025-02-13 07:22:07,197 - INFO - Code edit generation: 2 retries left
2025-02-13 07:22:21,516 - INFO - Iteration 4
2025-02-13 07:22:31,645 - INFO - Code edit generation: 2 retries left
2025-02-13 07:22:45,840 - INFO - Iteration 5
2025-02-13 07:22:56,632 - INFO - Code edit generation: 2 retries left
2025-02-13 07:23:17,644 - INFO - Iteration 6
2025-02-13 07:23:34,173 - INFO - Code edit generation: 2 retries left
2025-02-13 07:24:00,348 - INFO - Iteration 7
2025-02-13 07:24:08,602 - INFO - Code edit generation: 2 retries left
2025-02-13 07:24:27,303 - INFO - Code edit generation: 1 retries left
2025-02-13 07:24:45,100 - INFO - ---food_slide_4 (152/195)---
2025-02-13 07:24:45,100 - INFO - Iteration 0
2025-02-13 07:24:54,224 - INFO - Code edit generation: 2 retries left
2025-02-13 07:25:11,203 - INFO - Code edit generation: 1 retries left
2025-02-13 07:25:41,312 - INFO - ---entrepreneur_slide_4 (153/195)---
2025-02-13 07:25:41,312 - INFO - ---art_photos_slide_24 (154/195)---
2025-02-13 07:25:41,312 - INFO - Iteration 0
2025-02-13 07:25:53,757 - INFO - Code edit generation: 2 retries left
2025-02-13 07:26:10,100 - INFO - Code edit generation: 1 retries left
2025-02-13 07:26:25,240 - INFO - ---social_media_slide_4 (155/195)---
2025-02-13 07:26:25,240 - INFO - Iteration 0
2025-02-13 07:26:44,578 - INFO - Code edit generation: 2 retries left
2025-02-13 07:26:57,064 - INFO - Code edit generation: 1 retries left
2025-02-13 07:27:25,516 - INFO - ---business_slide_14 (156/195)---
2025-02-13 07:27:25,516 - INFO - Iteration 0
2025-02-13 07:27:39,934 - INFO - Code edit generation: 2 retries left
2025-02-13 07:27:55,119 - INFO - Code edit generation: 1 retries left
2025-02-13 07:28:09,907 - INFO - ---marketing_slide_42 (157/195)---
2025-02-13 07:28:09,907 - INFO - ---marketing_slide_35 (158/195)---
2025-02-13 07:28:09,907 - INFO - Iteration 0
2025-02-13 07:28:17,920 - INFO - Code edit generation: 2 retries left
2025-02-13 07:28:37,769 - INFO - Iteration 1
2025-02-13 07:28:47,165 - INFO - Code edit generation: 2 retries left
2025-02-13 07:29:04,117 - INFO - Iteration 2
2025-02-13 07:29:13,448 - INFO - Code edit generation: 2 retries left
2025-02-13 07:29:28,010 - INFO - Iteration 3
2025-02-13 07:29:36,721 - INFO - Code edit generation: 2 retries left
2025-02-13 07:29:53,459 - INFO - Iteration 4
2025-02-13 07:30:18,023 - INFO - Code edit generation: 2 retries left
2025-02-13 07:30:34,169 - INFO - Iteration 5
2025-02-13 07:30:40,667 - INFO - Code edit generation: 2 retries left
2025-02-13 07:30:59,537 - INFO - Iteration 6
2025-02-13 07:31:09,309 - INFO - Code edit generation: 2 retries left
2025-02-13 07:31:29,066 - INFO - Iteration 7
2025-02-13 07:31:37,285 - INFO - Code edit generation: 2 retries left
2025-02-13 07:32:05,244 - INFO - Iteration 8
2025-02-13 07:32:15,625 - INFO - Code edit generation: 2 retries left
2025-02-13 07:32:32,496 - INFO - Code edit generation: 1 retries left
2025-02-13 07:32:52,418 - INFO - Iteration 9
2025-02-13 07:33:00,505 - INFO - Code edit generation: 2 retries left
2025-02-13 07:33:21,142 - INFO - ---food_slide_24 (159/195)---
2025-02-13 07:33:21,143 - INFO - Iteration 0
2025-02-13 07:33:31,896 - INFO - Code edit generation: 2 retries left
2025-02-13 07:33:47,134 - INFO - Code edit generation: 1 retries left
2025-02-13 07:34:04,006 - INFO - ---social_media_slide_11 (160/195)---
2025-02-13 07:34:04,006 - INFO - Iteration 0
2025-02-13 07:34:15,702 - INFO - Code edit generation: 2 retries left
2025-02-13 07:34:30,385 - INFO - Iteration 1
2025-02-13 07:34:38,923 - INFO - Code edit generation: 2 retries left
2025-02-13 07:34:59,230 - INFO - Iteration 2
2025-02-13 07:35:06,927 - INFO - Code edit generation: 2 retries left
2025-02-13 07:35:24,382 - INFO - Iteration 3
2025-02-13 07:35:33,890 - INFO - Code edit generation: 2 retries left
2025-02-13 07:35:51,683 - INFO - Iteration 4
2025-02-13 07:35:59,618 - INFO - Code edit generation: 2 retries left
2025-02-13 07:36:13,436 - INFO - Iteration 5
2025-02-13 07:36:26,460 - INFO - Code edit generation: 2 retries left
2025-02-13 07:36:41,805 - INFO - Iteration 6
2025-02-13 07:36:51,060 - INFO - Code edit generation: 2 retries left
2025-02-13 07:37:11,146 - INFO - Iteration 7
2025-02-13 07:37:19,302 - INFO - Code edit generation: 2 retries left
2025-02-13 07:37:35,334 - INFO - Iteration 8
2025-02-13 07:37:47,135 - INFO - Code edit generation: 2 retries left
2025-02-13 07:38:01,716 - INFO - Iteration 9
2025-02-13 07:38:10,015 - INFO - Code edit generation: 2 retries left
2025-02-13 07:38:26,565 - INFO - ---career_slide_4 (161/195)---
2025-02-13 07:38:26,565 - INFO - Iteration 0
2025-02-13 07:38:47,567 - INFO - Code edit generation: 2 retries left
2025-02-13 07:39:06,802 - INFO - Code edit generation: 1 retries left
2025-02-13 07:39:25,230 - INFO - ---technology_slide_11 (162/195)---
2025-02-13 07:39:25,230 - INFO - Iteration 0
2025-02-13 07:39:35,546 - INFO - Code edit generation: 2 retries left
2025-02-13 07:39:49,771 - INFO - Code edit generation: 1 retries left
2025-02-13 07:40:01,064 - INFO - ---environment_slide_5 (163/195)---
2025-02-13 07:40:01,064 - INFO - Iteration 0
2025-02-13 07:40:17,488 - INFO - Code edit generation: 2 retries left
2025-02-13 07:40:32,087 - INFO - Iteration 1
2025-02-13 07:40:48,886 - INFO - Code edit generation: 2 retries left
2025-02-13 07:41:01,345 - INFO - Iteration 2
2025-02-13 07:41:13,671 - INFO - Code edit generation: 2 retries left
2025-02-13 07:41:29,003 - INFO - Iteration 3
2025-02-13 07:41:40,111 - INFO - Code edit generation: 2 retries left
2025-02-13 07:42:02,219 - INFO - Iteration 4
2025-02-13 07:42:13,788 - INFO - Code edit generation: 2 retries left
2025-02-13 07:42:27,854 - INFO - Code edit generation: 1 retries left
2025-02-13 07:42:45,846 - INFO - Iteration 5
2025-02-13 07:42:55,522 - INFO - Code edit generation: 2 retries left
2025-02-13 07:43:09,422 - INFO - Iteration 6
2025-02-13 07:43:17,506 - INFO - Code edit generation: 2 retries left
2025-02-13 07:43:30,140 - INFO - Iteration 7
2025-02-13 07:43:40,322 - INFO - Code edit generation: 2 retries left
2025-02-13 07:43:53,529 - INFO - Iteration 8
2025-02-13 07:44:08,281 - INFO - Code edit generation: 2 retries left
2025-02-13 07:44:21,982 - INFO - Iteration 9
2025-02-13 07:44:33,968 - INFO - Code edit generation: 2 retries left
2025-02-13 07:44:53,151 - INFO - ---food_slide_16 (164/195)---
2025-02-13 07:44:53,151 - INFO - ---environment_slide_8 (165/195)---
2025-02-13 07:44:53,152 - INFO - Iteration 0
2025-02-13 07:45:03,183 - INFO - Code edit generation: 2 retries left
2025-02-13 07:45:20,092 - INFO - Code edit generation: 1 retries left
2025-02-13 07:45:35,762 - INFO - ---career_slide_9 (166/195)---
2025-02-13 07:45:35,762 - INFO - Iteration 0
2025-02-13 07:45:47,264 - INFO - Code edit generation: 2 retries left
2025-02-13 07:46:01,114 - INFO - Code edit generation: 1 retries left
2025-02-13 07:46:14,565 - INFO - ---career_slide_3 (167/195)---
2025-02-13 07:46:14,565 - INFO - Iteration 0
2025-02-13 07:46:25,452 - INFO - Code edit generation: 2 retries left
2025-02-13 07:46:41,652 - INFO - Iteration 1
2025-02-13 07:46:50,687 - INFO - Code edit generation: 2 retries left
2025-02-13 07:47:04,752 - INFO - Iteration 2
2025-02-13 07:47:16,296 - INFO - Code edit generation: 2 retries left
2025-02-13 07:47:32,604 - INFO - Iteration 3
2025-02-13 07:47:44,341 - INFO - Code edit generation: 2 retries left
2025-02-13 07:48:01,879 - INFO - Iteration 4
2025-02-13 07:48:14,467 - INFO - Code edit generation: 2 retries left
2025-02-13 07:48:32,496 - INFO - Iteration 5
2025-02-13 07:48:46,328 - INFO - Code edit generation: 2 retries left
2025-02-13 07:49:01,935 - INFO - Code edit generation: 1 retries left
2025-02-13 07:49:19,199 - INFO - ---food_slide_11 (168/195)---
2025-02-13 07:49:19,199 - INFO - ---environment_slide_2 (169/195)---
2025-02-13 07:49:19,199 - INFO - Iteration 0
2025-02-13 07:49:30,630 - INFO - Code edit generation: 2 retries left
2025-02-13 07:49:44,331 - INFO - Code edit generation: 1 retries left
2025-02-13 07:50:02,006 - INFO - ---social_media_slide_16 (170/195)---
2025-02-13 07:50:02,006 - INFO - Iteration 0
2025-02-13 07:50:23,778 - INFO - Code edit generation: 2 retries left
2025-02-13 07:50:37,969 - INFO - Code edit generation: 1 retries left
2025-02-13 07:50:59,165 - INFO - ---food_slide_29 (171/195)---
2025-02-13 07:50:59,165 - INFO - Iteration 0
2025-02-13 07:51:08,636 - INFO - Code edit generation: 2 retries left
2025-02-13 07:51:28,797 - INFO - Code edit generation: 1 retries left
2025-02-13 07:51:55,062 - INFO - ---food_slide_23 (172/195)---
2025-02-13 07:51:55,062 - INFO - Iteration 0
2025-02-13 07:52:08,087 - INFO - Code edit generation: 2 retries left
2025-02-13 07:52:24,761 - INFO - Code edit generation: 1 retries left
2025-02-13 07:52:39,566 - INFO - ---marketing_slide_32 (173/195)---
2025-02-13 07:52:39,566 - INFO - Iteration 0
2025-02-13 07:52:50,527 - INFO - Code edit generation: 2 retries left
2025-02-13 07:53:05,092 - INFO - Code edit generation: 1 retries left
2025-02-13 07:53:18,734 - INFO - ---marketing_slide_38 (174/195)---
2025-02-13 07:53:18,734 - INFO - ---social_media_slide_9 (175/195)---
2025-02-13 07:53:18,734 - INFO - Iteration 0
2025-02-13 07:53:36,762 - INFO - Code edit generation: 2 retries left
2025-02-13 07:53:51,792 - INFO - Iteration 1
2025-02-13 07:54:03,853 - INFO - Code edit generation: 2 retries left
2025-02-13 07:54:18,423 - INFO - Iteration 2
2025-02-13 07:54:28,329 - INFO - Code edit generation: 2 retries left
2025-02-13 07:54:47,455 - INFO - Iteration 3
2025-02-13 07:54:57,132 - INFO - Code edit generation: 2 retries left
2025-02-13 07:55:14,159 - INFO - Iteration 4
2025-02-13 07:55:25,101 - INFO - Code edit generation: 2 retries left
2025-02-13 07:55:37,540 - INFO - Iteration 5
2025-02-13 07:55:54,515 - INFO - Code edit generation: 2 retries left
2025-02-13 07:56:06,871 - INFO - Iteration 6
2025-02-13 07:56:14,415 - INFO - Code edit generation: 2 retries left
2025-02-13 07:56:29,587 - INFO - Iteration 7
2025-02-13 07:56:48,439 - INFO - Code edit generation: 2 retries left
2025-02-13 07:57:00,004 - INFO - Iteration 8
2025-02-13 07:57:07,919 - INFO - Code edit generation: 2 retries left
2025-02-13 07:57:19,011 - INFO - Iteration 9
2025-02-13 07:57:26,638 - INFO - Code edit generation: 2 retries left
2025-02-13 07:57:40,062 - INFO - ---social_media_slide_3 (176/195)---
2025-02-13 07:57:40,063 - INFO - Iteration 0
2025-02-13 07:57:52,734 - INFO - Code edit generation: 2 retries left
2025-02-13 07:58:04,057 - INFO - Code edit generation: 1 retries left
2025-02-13 07:58:16,016 - INFO - ---business_slide_13 (177/195)---
2025-02-13 07:58:16,016 - INFO - Iteration 0
2025-02-13 07:58:27,365 - INFO - Code edit generation: 2 retries left
2025-02-13 07:58:37,298 - INFO - Code edit generation: 1 retries left
2025-02-13 07:58:47,115 - INFO - ---marketing_slide_9 (178/195)---
2025-02-13 07:58:47,115 - INFO - Iteration 0
2025-02-13 07:59:02,163 - INFO - Code edit generation: 2 retries left
2025-02-13 07:59:21,334 - INFO - Code edit generation: 1 retries left
2025-02-13 07:59:39,416 - INFO - Iteration 1
2025-02-13 07:59:54,637 - INFO - Code edit generation: 2 retries left
2025-02-13 08:00:07,964 - INFO - Code edit generation: 1 retries left
2025-02-13 08:00:24,159 - INFO - ---food_slide_9 (179/195)---
2025-02-13 08:00:24,159 - INFO - Iteration 0
2025-02-13 08:00:35,334 - INFO - Code edit generation: 2 retries left
2025-02-13 08:00:57,325 - INFO - Code edit generation: 1 retries left
2025-02-13 08:01:17,781 - INFO - ---entrepreneur_slide_9 (180/195)---
2025-02-13 08:01:17,781 - INFO - ---marketing_slide_19 (181/195)---
2025-02-13 08:01:17,782 - INFO - Iteration 0
2025-02-13 08:01:49,680 - INFO - Code edit generation: 2 retries left
2025-02-13 08:01:59,295 - INFO - Code edit generation: 1 retries left
2025-02-13 08:02:13,590 - INFO - ---marketing_slide_13 (182/195)---
2025-02-13 08:02:13,590 - INFO - ---food_slide_3 (183/195)---
2025-02-13 08:02:13,591 - INFO - ---marketing_slide_3 (184/195)---
2025-02-13 08:02:13,591 - INFO - Iteration 0
2025-02-13 08:02:23,675 - INFO - Code edit generation: 2 retries left
2025-02-13 08:02:39,741 - INFO - Code edit generation: 1 retries left
2025-02-13 08:02:55,961 - INFO - Iteration 1
2025-02-13 08:03:08,053 - INFO - Code edit generation: 2 retries left
2025-02-13 08:03:20,062 - INFO - Iteration 2
2025-02-13 08:03:52,538 - INFO - Code edit generation: 2 retries left
2025-02-13 08:04:06,964 - INFO - Iteration 3
2025-02-13 08:04:14,710 - INFO - Code edit generation: 2 retries left
2025-02-13 08:04:30,569 - INFO - Iteration 4
2025-02-13 08:04:38,281 - INFO - Code edit generation: 2 retries left
2025-02-13 08:04:47,090 - INFO - Code edit generation: 1 retries left
2025-02-13 08:04:56,752 - INFO - ---art_photos_slide_23 (185/195)---
2025-02-13 08:04:56,752 - INFO - Iteration 0
2025-02-13 08:05:08,079 - INFO - Code edit generation: 2 retries left
2025-02-13 08:05:26,230 - INFO - Code edit generation: 1 retries left
2025-02-13 08:05:41,217 - INFO - ---entrepreneur_slide_3 (186/195)---
2025-02-13 08:05:41,217 - INFO - ---business_slide_2 (187/195)---
2025-02-13 08:05:41,218 - INFO - Iteration 0
2025-02-13 08:05:53,008 - INFO - Code edit generation: 2 retries left
2025-02-13 08:06:05,694 - INFO - Code edit generation: 1 retries left
2025-02-13 08:06:17,484 - INFO - ---food_slide_30 (188/195)---
2025-02-13 08:06:17,485 - INFO - Iteration 0
